<?xml version="1.0" encoding="UTF-8"?>
<!-- Generated by org.testng.reporters.JUnitXMLReporter -->
<testsuite ignored="0" hostname="DESKTOP-VNAON2C" failures="0" tests="2" name="GCR Shop Admin Login Test_chrome" time="13.992" errors="0" timestamp="2024-01-10T19:02:36 IST">
  <testcase classname="com.qa.adminTest.AdminLoginTest" name="loginTest" time="3.014"/>
  <testcase classname="com.qa.adminTest.AdminLoginTest" name="loginWithInvalidData" time="1.832"/>
</testsuite> <!-- GCR Shop Admin Login Test_chrome -->
