<?xml version="1.0" encoding="UTF-8"?>
<!-- Generated by org.testng.reporters.JUnitXMLReporter -->
<testsuite ignored="0" hostname="DESKTOP-VNAON2C" failures="0" tests="3" name="GCR Shop Manufacturers Test_chrome" time="51.713" errors="0" timestamp="2024-01-10T19:57:56 IST">
  <testcase classname="com.qa.adminTest.ManufacturersTest" name="addNewManufacture" time="10.888"/>
  <testcase classname="com.qa.adminTest.ManufacturersTest" name="updateManufacturer" time="19.036"/>
  <testcase classname="com.qa.adminTest.ManufacturersTest" name="deleteManufacturer" time="20.144"/>
</testsuite> <!-- GCR Shop Manufacturers Test_chrome -->
