<?xml version="1.0" encoding="UTF-8"?>
<!-- Generated by org.testng.reporters.JUnitXMLReporter -->
<testsuite ignored="0" hostname="DESKTOP-VNAON2C" failures="3" tests="3" name="GCR Shop Manufacturers Test_chrome" time="99.418" errors="0" timestamp="2024-01-03T17:28:25 IST">
  <testcase classname="com.qa.adminTest.ManufacturersTest" name="addNewManufacture" time="31.685">
    <failure type="com.microsoft.playwright.TimeoutError" message="Error {
  message=&amp;apos;Timeout 30000ms exceeded.
=========================== logs ===========================
waiting for locator(&amp;quot;xpath=//a[text()=\&amp;quot;Catalog\&amp;quot;]&amp;quot;)
============================================================
  name=&amp;apos;TimeoutError
  stack=&amp;apos;TimeoutError: Timeout 30000ms exceeded.
=========================== logs ===========================
waiting for locator(&amp;quot;xpath=//a[text()=\&amp;quot;Catalog\&amp;quot;]&amp;quot;)
============================================================
    at ProgressController.run (C:\Users\DELL\AppData\Local\Temp\playwright-java-1364858498315790910\package\lib\server\progress.js:88:26)
    at Frame.click (C:\Users\DELL\AppData\Local\Temp\playwright-java-1364858498315790910\package\lib\server\frames.js:995:23)
    at FrameDispatcher.click (C:\Users\DELL\AppData\Local\Temp\playwright-java-1364858498315790910\package\lib\server\dispatchers\frameDispatcher.js:154:30)
    at DispatcherConnection.dispatch (C:\Users\DELL\AppData\Local\Temp\playwright-java-1364858498315790910\package\lib\server\dispatchers\dispatcher.js:346:46)
}">
      <![CDATA[com.microsoft.playwright.TimeoutError: Error {
  message='Timeout 30000ms exceeded.
=========================== logs ===========================
waiting for locator("xpath=//a[text()=\"Catalog\"]")
============================================================
  name='TimeoutError
  stack='TimeoutError: Timeout 30000ms exceeded.
=========================== logs ===========================
waiting for locator("xpath=//a[text()=\"Catalog\"]")
============================================================
    at ProgressController.run (C:\Users\DELL\AppData\Local\Temp\playwright-java-1364858498315790910\package\lib\server\progress.js:88:26)
    at Frame.click (C:\Users\DELL\AppData\Local\Temp\playwright-java-1364858498315790910\package\lib\server\frames.js:995:23)
    at FrameDispatcher.click (C:\Users\DELL\AppData\Local\Temp\playwright-java-1364858498315790910\package\lib\server\dispatchers\frameDispatcher.js:154:30)
    at DispatcherConnection.dispatch (C:\Users\DELL\AppData\Local\Temp\playwright-java-1364858498315790910\package\lib\server\dispatchers\dispatcher.js:346:46)
}
at com.microsoft.playwright.impl.WaitableResult.get(WaitableResult.java:52)
at com.microsoft.playwright.impl.ChannelOwner.runUntil(ChannelOwner.java:120)
at com.microsoft.playwright.impl.Connection.sendMessage(Connection.java:126)
at com.microsoft.playwright.impl.ChannelOwner.sendMessage(ChannelOwner.java:106)
at com.microsoft.playwright.impl.FrameImpl.clickImpl(FrameImpl.java:252)
at com.microsoft.playwright.impl.PageImpl.lambda$click$17(PageImpl.java:577)
at com.microsoft.playwright.impl.LoggingSupport.lambda$withLogging$0(LoggingSupport.java:36)
at com.microsoft.playwright.impl.LoggingSupport.withLogging(LoggingSupport.java:47)
at com.microsoft.playwright.impl.ChannelOwner.withLogging(ChannelOwner.java:89)
at com.microsoft.playwright.impl.LoggingSupport.withLogging(LoggingSupport.java:35)
at com.microsoft.playwright.impl.PageImpl.click(PageImpl.java:576)
at com.microsoft.playwright.Page.click(Page.java:3741)
at com.qa.adminPages.HomePage.clickOnCatalog(HomePage.java:17)
at com.qa.adminTest.ManufacturersTest.addNewManufacture(ManufacturersTest.java:36)
at java.base/java.util.ArrayList.forEach(ArrayList.java:1511)
at java.base/java.util.concurrent.FutureTask.run(FutureTask.java:264)
at java.base/java.util.concurrent.ThreadPoolExecutor.runWorker(ThreadPoolExecutor.java:1136)
at java.base/java.util.concurrent.ThreadPoolExecutor$Worker.run(ThreadPoolExecutor.java:635)
at java.base/java.lang.Thread.run(Thread.java:840)
Caused by: com.microsoft.playwright.TimeoutError: Error {
  message='Timeout 30000ms exceeded.
=========================== logs ===========================
waiting for locator("xpath=//a[text()=\"Catalog\"]")
============================================================
  name='TimeoutError
  stack='TimeoutError: Timeout 30000ms exceeded.
=========================== logs ===========================
waiting for locator("xpath=//a[text()=\"Catalog\"]")
============================================================
    at ProgressController.run (C:\Users\DELL\AppData\Local\Temp\playwright-java-1364858498315790910\package\lib\server\progress.js:88:26)
    at Frame.click (C:\Users\DELL\AppData\Local\Temp\playwright-java-1364858498315790910\package\lib\server\frames.js:995:23)
    at FrameDispatcher.click (C:\Users\DELL\AppData\Local\Temp\playwright-java-1364858498315790910\package\lib\server\dispatchers\frameDispatcher.js:154:30)
    at DispatcherConnection.dispatch (C:\Users\DELL\AppData\Local\Temp\playwright-java-1364858498315790910\package\lib\server\dispatchers\dispatcher.js:346:46)
}
at com.microsoft.playwright.impl.Connection.dispatch(Connection.java:224)
at com.microsoft.playwright.impl.Connection.processOneMessage(Connection.java:206)
at com.microsoft.playwright.impl.ChannelOwner.runUntil(ChannelOwner.java:118)
... 34 more
... Removed 17 stack frames]]>
    </failure>
  </testcase> <!-- addNewManufacture -->
  <testcase classname="com.qa.adminTest.ManufacturersTest" name="updateManufacturer" time="30.639">
    <failure type="com.microsoft.playwright.TimeoutError" message="Error {
  message=&amp;apos;Timeout 30000ms exceeded.
=========================== logs ===========================
waiting for locator(&amp;quot;xpath=//a[text()=\&amp;quot;Catalog\&amp;quot;]&amp;quot;)
============================================================
  name=&amp;apos;TimeoutError
  stack=&amp;apos;TimeoutError: Timeout 30000ms exceeded.
=========================== logs ===========================
waiting for locator(&amp;quot;xpath=//a[text()=\&amp;quot;Catalog\&amp;quot;]&amp;quot;)
============================================================
    at ProgressController.run (C:\Users\DELL\AppData\Local\Temp\playwright-java-1364858498315790910\package\lib\server\progress.js:88:26)
    at Frame.click (C:\Users\DELL\AppData\Local\Temp\playwright-java-1364858498315790910\package\lib\server\frames.js:995:23)
    at FrameDispatcher.click (C:\Users\DELL\AppData\Local\Temp\playwright-java-1364858498315790910\package\lib\server\dispatchers\frameDispatcher.js:154:30)
    at DispatcherConnection.dispatch (C:\Users\DELL\AppData\Local\Temp\playwright-java-1364858498315790910\package\lib\server\dispatchers\dispatcher.js:346:46)
}">
      <![CDATA[com.microsoft.playwright.TimeoutError: Error {
  message='Timeout 30000ms exceeded.
=========================== logs ===========================
waiting for locator("xpath=//a[text()=\"Catalog\"]")
============================================================
  name='TimeoutError
  stack='TimeoutError: Timeout 30000ms exceeded.
=========================== logs ===========================
waiting for locator("xpath=//a[text()=\"Catalog\"]")
============================================================
    at ProgressController.run (C:\Users\DELL\AppData\Local\Temp\playwright-java-1364858498315790910\package\lib\server\progress.js:88:26)
    at Frame.click (C:\Users\DELL\AppData\Local\Temp\playwright-java-1364858498315790910\package\lib\server\frames.js:995:23)
    at FrameDispatcher.click (C:\Users\DELL\AppData\Local\Temp\playwright-java-1364858498315790910\package\lib\server\dispatchers\frameDispatcher.js:154:30)
    at DispatcherConnection.dispatch (C:\Users\DELL\AppData\Local\Temp\playwright-java-1364858498315790910\package\lib\server\dispatchers\dispatcher.js:346:46)
}
at com.microsoft.playwright.impl.WaitableResult.get(WaitableResult.java:52)
at com.microsoft.playwright.impl.ChannelOwner.runUntil(ChannelOwner.java:120)
at com.microsoft.playwright.impl.Connection.sendMessage(Connection.java:126)
at com.microsoft.playwright.impl.ChannelOwner.sendMessage(ChannelOwner.java:106)
at com.microsoft.playwright.impl.FrameImpl.clickImpl(FrameImpl.java:252)
at com.microsoft.playwright.impl.PageImpl.lambda$click$17(PageImpl.java:577)
at com.microsoft.playwright.impl.LoggingSupport.lambda$withLogging$0(LoggingSupport.java:36)
at com.microsoft.playwright.impl.LoggingSupport.withLogging(LoggingSupport.java:47)
at com.microsoft.playwright.impl.ChannelOwner.withLogging(ChannelOwner.java:89)
at com.microsoft.playwright.impl.LoggingSupport.withLogging(LoggingSupport.java:35)
at com.microsoft.playwright.impl.PageImpl.click(PageImpl.java:576)
at com.microsoft.playwright.Page.click(Page.java:3741)
at com.qa.adminPages.HomePage.clickOnCatalog(HomePage.java:17)
at com.qa.adminTest.ManufacturersTest.updateManufacturer(ManufacturersTest.java:60)
at java.base/java.util.ArrayList.forEach(ArrayList.java:1511)
at java.base/java.util.concurrent.FutureTask.run(FutureTask.java:264)
at java.base/java.util.concurrent.ThreadPoolExecutor.runWorker(ThreadPoolExecutor.java:1136)
at java.base/java.util.concurrent.ThreadPoolExecutor$Worker.run(ThreadPoolExecutor.java:635)
at java.base/java.lang.Thread.run(Thread.java:840)
Caused by: com.microsoft.playwright.TimeoutError: Error {
  message='Timeout 30000ms exceeded.
=========================== logs ===========================
waiting for locator("xpath=//a[text()=\"Catalog\"]")
============================================================
  name='TimeoutError
  stack='TimeoutError: Timeout 30000ms exceeded.
=========================== logs ===========================
waiting for locator("xpath=//a[text()=\"Catalog\"]")
============================================================
    at ProgressController.run (C:\Users\DELL\AppData\Local\Temp\playwright-java-1364858498315790910\package\lib\server\progress.js:88:26)
    at Frame.click (C:\Users\DELL\AppData\Local\Temp\playwright-java-1364858498315790910\package\lib\server\frames.js:995:23)
    at FrameDispatcher.click (C:\Users\DELL\AppData\Local\Temp\playwright-java-1364858498315790910\package\lib\server\dispatchers\frameDispatcher.js:154:30)
    at DispatcherConnection.dispatch (C:\Users\DELL\AppData\Local\Temp\playwright-java-1364858498315790910\package\lib\server\dispatchers\dispatcher.js:346:46)
}
at com.microsoft.playwright.impl.Connection.dispatch(Connection.java:224)
at com.microsoft.playwright.impl.Connection.processOneMessage(Connection.java:206)
at com.microsoft.playwright.impl.ChannelOwner.runUntil(ChannelOwner.java:118)
... 34 more
... Removed 17 stack frames]]>
    </failure>
  </testcase> <!-- updateManufacturer -->
  <testcase classname="com.qa.adminTest.ManufacturersTest" name="deleteManufacturer" time="28.827">
    <failure type="com.microsoft.playwright.PlaywrightException" message="Error {
  message=&amp;apos;Page closed
=========================== logs ===========================
waiting for locator(&amp;quot;xpath=//a[text()=\&amp;quot;Catalog\&amp;quot;]&amp;quot;)
============================================================
  name=&amp;apos;Error
  stack=&amp;apos;Error: Page closed
=========================== logs ===========================
waiting for locator(&amp;quot;xpath=//a[text()=\&amp;quot;Catalog\&amp;quot;]&amp;quot;)
============================================================
    at LongStandingScope._race (C:\Users\DELL\AppData\Local\Temp\playwright-java-1364858498315790910\package\lib\utils\manualPromise.js:96:51)
    at LongStandingScope.race (C:\Users\DELL\AppData\Local\Temp\playwright-java-1364858498315790910\package\lib\utils\manualPromise.js:87:17)
    at C:\Users\DELL\AppData\Local\Temp\playwright-java-1364858498315790910\package\lib\utils\manualPromise.js:84:43
    at Array.map (&amp;lt;anonymous&amp;gt;)
    at LongStandingScope.raceMultiple (C:\Users\DELL\AppData\Local\Temp\playwright-java-1364858498315790910\package\lib\utils\manualPromise.js:84:32)
    at Frame.retryWithProgressAndTimeouts (C:\Users\DELL\AppData\Local\Temp\playwright-java-1364858498315790910\package\lib\server\frames.js:908:40)
    at async C:\Users\DELL\AppData\Local\Temp\playwright-java-1364858498315790910\package\lib\server\frames.js:996:29
    at async ProgressController.run (C:\Users\DELL\AppData\Local\Temp\playwright-java-1364858498315790910\package\lib\server\progress.js:92:22)
    at async FrameDispatcher.click (C:\Users\DELL\AppData\Local\Temp\playwright-java-1364858498315790910\package\lib\server\dispatchers\frameDispatcher.js:154:12)
    at async DispatcherConnection.dispatch (C:\Users\DELL\AppData\Local\Temp\playwright-java-1364858498315790910\package\lib\server\dispatchers\dispatcher.js:346:22)
}">
      <![CDATA[com.microsoft.playwright.PlaywrightException: Error {
  message='Page closed
=========================== logs ===========================
waiting for locator("xpath=//a[text()=\"Catalog\"]")
============================================================
  name='Error
  stack='Error: Page closed
=========================== logs ===========================
waiting for locator("xpath=//a[text()=\"Catalog\"]")
============================================================
    at LongStandingScope._race (C:\Users\DELL\AppData\Local\Temp\playwright-java-1364858498315790910\package\lib\utils\manualPromise.js:96:51)
    at LongStandingScope.race (C:\Users\DELL\AppData\Local\Temp\playwright-java-1364858498315790910\package\lib\utils\manualPromise.js:87:17)
    at C:\Users\DELL\AppData\Local\Temp\playwright-java-1364858498315790910\package\lib\utils\manualPromise.js:84:43
    at Array.map (<anonymous>)
    at LongStandingScope.raceMultiple (C:\Users\DELL\AppData\Local\Temp\playwright-java-1364858498315790910\package\lib\utils\manualPromise.js:84:32)
    at Frame.retryWithProgressAndTimeouts (C:\Users\DELL\AppData\Local\Temp\playwright-java-1364858498315790910\package\lib\server\frames.js:908:40)
    at async C:\Users\DELL\AppData\Local\Temp\playwright-java-1364858498315790910\package\lib\server\frames.js:996:29
    at async ProgressController.run (C:\Users\DELL\AppData\Local\Temp\playwright-java-1364858498315790910\package\lib\server\progress.js:92:22)
    at async FrameDispatcher.click (C:\Users\DELL\AppData\Local\Temp\playwright-java-1364858498315790910\package\lib\server\dispatchers\frameDispatcher.js:154:12)
    at async DispatcherConnection.dispatch (C:\Users\DELL\AppData\Local\Temp\playwright-java-1364858498315790910\package\lib\server\dispatchers\dispatcher.js:346:22)
}
at com.microsoft.playwright.impl.WaitableResult.get(WaitableResult.java:54)
at com.microsoft.playwright.impl.ChannelOwner.runUntil(ChannelOwner.java:120)
at com.microsoft.playwright.impl.Connection.sendMessage(Connection.java:126)
at com.microsoft.playwright.impl.ChannelOwner.sendMessage(ChannelOwner.java:106)
at com.microsoft.playwright.impl.FrameImpl.clickImpl(FrameImpl.java:252)
at com.microsoft.playwright.impl.PageImpl.lambda$click$17(PageImpl.java:577)
at com.microsoft.playwright.impl.LoggingSupport.lambda$withLogging$0(LoggingSupport.java:36)
at com.microsoft.playwright.impl.LoggingSupport.withLogging(LoggingSupport.java:47)
at com.microsoft.playwright.impl.ChannelOwner.withLogging(ChannelOwner.java:89)
at com.microsoft.playwright.impl.LoggingSupport.withLogging(LoggingSupport.java:35)
at com.microsoft.playwright.impl.PageImpl.click(PageImpl.java:576)
at com.microsoft.playwright.Page.click(Page.java:3741)
at com.qa.adminPages.HomePage.clickOnCatalog(HomePage.java:17)
at com.qa.adminTest.ManufacturersTest.deleteManufacturer(ManufacturersTest.java:89)
at java.base/java.util.ArrayList.forEach(ArrayList.java:1511)
at java.base/java.util.concurrent.FutureTask.run(FutureTask.java:264)
at java.base/java.util.concurrent.ThreadPoolExecutor.runWorker(ThreadPoolExecutor.java:1136)
at java.base/java.util.concurrent.ThreadPoolExecutor$Worker.run(ThreadPoolExecutor.java:635)
at java.base/java.lang.Thread.run(Thread.java:840)
Caused by: com.microsoft.playwright.impl.DriverException: Error {
  message='Page closed
=========================== logs ===========================
waiting for locator("xpath=//a[text()=\"Catalog\"]")
============================================================
  name='Error
  stack='Error: Page closed
=========================== logs ===========================
waiting for locator("xpath=//a[text()=\"Catalog\"]")
============================================================
    at LongStandingScope._race (C:\Users\DELL\AppData\Local\Temp\playwright-java-1364858498315790910\package\lib\utils\manualPromise.js:96:51)
    at LongStandingScope.race (C:\Users\DELL\AppData\Local\Temp\playwright-java-1364858498315790910\package\lib\utils\manualPromise.js:87:17)
    at C:\Users\DELL\AppData\Local\Temp\playwright-java-1364858498315790910\package\lib\utils\manualPromise.js:84:43
    at Array.map (<anonymous>)
    at LongStandingScope.raceMultiple (C:\Users\DELL\AppData\Local\Temp\playwright-java-1364858498315790910\package\lib\utils\manualPromise.js:84:32)
    at Frame.retryWithProgressAndTimeouts (C:\Users\DELL\AppData\Local\Temp\playwright-java-1364858498315790910\package\lib\server\frames.js:908:40)
    at async C:\Users\DELL\AppData\Local\Temp\playwright-java-1364858498315790910\package\lib\server\frames.js:996:29
    at async ProgressController.run (C:\Users\DELL\AppData\Local\Temp\playwright-java-1364858498315790910\package\lib\server\progress.js:92:22)
    at async FrameDispatcher.click (C:\Users\DELL\AppData\Local\Temp\playwright-java-1364858498315790910\package\lib\server\dispatchers\frameDispatcher.js:154:12)
    at async DispatcherConnection.dispatch (C:\Users\DELL\AppData\Local\Temp\playwright-java-1364858498315790910\package\lib\server\dispatchers\dispatcher.js:346:22)
}
at com.microsoft.playwright.impl.Connection.dispatch(Connection.java:226)
at com.microsoft.playwright.impl.Connection.processOneMessage(Connection.java:206)
at com.microsoft.playwright.impl.ChannelOwner.runUntil(ChannelOwner.java:118)
... 34 more
... Removed 17 stack frames]]>
    </failure>
  </testcase> <!-- deleteManufacturer -->
</testsuite> <!-- GCR Shop Manufacturers Test_chrome -->
