<?xml version="1.0" encoding="UTF-8"?>
<!-- Generated by org.testng.reporters.JUnitXMLReporter -->
<testsuite ignored="6" hostname="DESKTOP-VNAON2C" failures="0" tests="19" name="GCR Shop Admin Test_chrome" time="173.682" errors="0" timestamp="2024-01-12T12:02:51 IST">
  <testcase classname="com.qa.adminTest.AdminLoginTest" name="login_Test" time="8.143"/>
  <testcase classname="com.qa.adminTest.AdminLoginTest" name="login_With_Invalid_Data" time="2.376"/>
  <testcase classname="com.qa.adminTest.ManufacturersTest" name="add_New_Manufacture" time="15.705"/>
  <testcase classname="com.qa.adminTest.ManufacturersTest" name="update_Manufacturer" time="20.487"/>
  <testcase classname="com.qa.adminTest.ManufacturersTest" name="delete_Manufacturer" time="26.621"/>
  <testcase classname="com.qa.adminTest.CategoriesTest" name="create_New_Category" time="4.509"/>
  <testcase classname="com.qa.adminTest.CategoriesTest" name="update_Category" time="2.668"/>
  <testcase classname="com.qa.adminTest.CategoriesTest" name="delete_Category" time="3.249"/>
  <testcase classname="com.qa.adminTest.CategoriesTest" name="add_Subcategory_In_Category" time="6.423"/>
  <testcase classname="com.qa.adminTest.CategoriesTest" name="update_Subcategory" time="5.194"/>
  <testcase classname="com.qa.adminTest.CategoriesTest" name="delete_Subcategory" time="6.608"/>
  <testcase classname="com.qa.adminTest.ProductTest" name="add_New_Product" time="6.91"/>
  <testcase classname="com.qa.adminTest.ProductTest" name="update_Product" time="4.769"/>
  <testcase classname="com.qa.adminTest.ProductTest" name="delete_Product" time="4.14"/>
  <testcase classname="com.qa.adminTest.ProductTest" name="add_Product_Under_Catgory" time="5.425"/>
  <testcase classname="com.qa.adminTest.ProductTest" name="update_Product_In_Category" time="4.227"/>
  <testcase classname="com.qa.userTest.LoginTest" name="login_Test1" time="2.693"/>
  <testcase classname="com.qa.userTest.RegisterUser" name="ragister_User" time="16.313"/>
  <testcase classname="com.qa.userTest.BuyProduct" name="buy_Product" time="13.972"/>
  <testcase classname="com.qa.base.BaseTest" name="@AfterTest tearDown" time="0.0">
    <ignored/>
  </testcase> <!-- @AfterTest tearDown -->
  <testcase classname="com.qa.base.BaseTest" name="@AfterTest tearDown" time="0.0">
    <ignored/>
  </testcase> <!-- @AfterTest tearDown -->
  <testcase classname="com.qa.base.BaseTest" name="@AfterTest tearDown" time="0.0">
    <ignored/>
  </testcase> <!-- @AfterTest tearDown -->
  <testcase classname="com.qa.base.BaseTest" name="@AfterTest tearDown" time="0.0">
    <ignored/>
  </testcase> <!-- @AfterTest tearDown -->
  <testcase classname="com.qa.base.BaseTest" name="@AfterTest tearDown" time="0.0">
    <ignored/>
  </testcase> <!-- @AfterTest tearDown -->
  <testcase classname="com.qa.base.BaseTest" name="@AfterTest tearDown" time="0.0">
    <ignored/>
  </testcase> <!-- @AfterTest tearDown -->
</testsuite> <!-- GCR Shop Admin Test_chrome -->
