<?xml version="1.0" encoding="UTF-8"?>
<!-- Generated by org.testng.reporters.JUnitXMLReporter -->
<testsuite ignored="0" hostname="DESKTOP-VNAON2C" failures="0" tests="2" name="GCR Shop Admin Login Test_chrome" time="10.05" errors="0" timestamp="2024-01-11T16:37:13 IST">
  <testcase classname="com.qa.adminTest.AdminLoginTest" name="loginTest" time="1.895"/>
  <testcase classname="com.qa.adminTest.AdminLoginTest" name="loginWithInvalidData" time="0.907"/>
</testsuite> <!-- GCR Shop Admin Login Test_chrome -->
