<?xml version="1.0" encoding="UTF-8"?>
<!-- Generated by org.testng.reporters.JUnitXMLReporter -->
<testsuite ignored="0" hostname="DESKTOP-VNAON2C" failures="0" tests="3" name="GCR Shop Manufacturers Test_chrome" time="44.04" errors="0" timestamp="2024-01-12T10:38:35 IST">
  <testcase classname="com.qa.adminTest.ManufacturersTest" name="add_New_Manufacture" time="8.553"/>
  <testcase classname="com.qa.adminTest.ManufacturersTest" name="update_Manufacturer" time="17.892"/>
  <testcase classname="com.qa.adminTest.ManufacturersTest" name="delete_Manufacturer" time="16.038"/>
</testsuite> <!-- GCR Shop Manufacturers Test_chrome -->
