<?xml version="1.0" encoding="UTF-8"?>
<!-- Generated by org.testng.reporters.JUnitXMLReporter -->
<testsuite ignored="0" hostname="DESKTOP-VNAON2C" failures="0" tests="6" name="GCR Shop Categories Test_chrome" time="33.877" errors="0" timestamp="2024-01-03T12:58:39 IST">
  <testcase classname="com.qa.adminTest.CategoriesTest" name="createNewCategory" time="5.987"/>
  <testcase classname="com.qa.adminTest.CategoriesTest" name="updateCategory" time="3.235"/>
  <testcase classname="com.qa.adminTest.CategoriesTest" name="deleteCategory" time="3.863"/>
  <testcase classname="com.qa.adminTest.CategoriesTest" name="addSubcategoryInCategory" time="4.548"/>
  <testcase classname="com.qa.adminTest.CategoriesTest" name="updateSubcategory" time="3.357"/>
  <testcase classname="com.qa.adminTest.CategoriesTest" name="deleteSubcategory" time="4.927"/>
</testsuite> <!-- GCR Shop Categories Test_chrome -->
