<?xml version="1.0" encoding="UTF-8"?>
<!-- Generated by org.testng.reporters.JUnitXMLReporter -->
<testsuite ignored="0" hostname="DESKTOP-VNAON2C" failures="0" tests="2" name="Open Cart Home Page Test_chrome" time="10.398" errors="0" timestamp="2024-01-03T14:29:37 IST">
  <testcase classname="com.qa.adminTest.AdminLoginTest" name="loginTest" time="1.664"/>
  <testcase classname="com.qa.adminTest.AdminLoginTest" name="loginWithInvalidData" time="0.991"/>
</testsuite> <!-- Open Cart Home Page Test_chrome -->
