<?xml version="1.0" encoding="UTF-8"?>
<testng-results ignored="0" total="13" passed="0" failed="13" skipped="0">
  <reporter-output>
  </reporter-output>
  <suite started-at="2024-01-03T17:26:46 IST" name="GCR Shop Admin test Suite" finished-at="2024-01-03T17:28:28 IST" duration-ms="102235">
    <groups>
    </groups>
    <test started-at="2024-01-03T17:26:46 IST" name="GCR Shop Admin Login Test_chrome" finished-at="2024-01-03T17:26:56 IST" duration-ms="10754">
      <class name="com.qa.adminTest.AdminLoginTest">
        <test-method is-config="true" signature="setup(java.lang.String)[pri:0, instance:com.qa.adminTest.AdminLoginTest@6da21078]" started-at="2024-01-03T17:26:46 IST" name="setup" finished-at="2024-01-03T17:26:53 IST" duration-ms="7593" status="PASS">
          <params>
            <param index="0">
              <value>
                <![CDATA[chromium]]>
              </value>
            </param>
          </params>
          <reporter-output>
          </reporter-output>
        </test-method> <!-- setup -->
        <test-method is-config="true" signature="beforeClass()[pri:0, instance:com.qa.adminTest.AdminLoginTest@6da21078]" started-at="2024-01-03T17:26:53 IST" name="beforeClass" finished-at="2024-01-03T17:26:53 IST" duration-ms="1" status="PASS">
          <reporter-output>
          </reporter-output>
        </test-method> <!-- beforeClass -->
        <test-method signature="loginTest()[pri:1, instance:com.qa.adminTest.AdminLoginTest@6da21078]" started-at="2024-01-03T17:26:53 IST" name="loginTest" description="Login With Valid Data" finished-at="2024-01-03T17:26:55 IST" duration-ms="1711" status="FAIL">
          <exception class="java.lang.AssertionError">
            <message>
              <![CDATA[expected [true] but found [false]]]>
            </message>
            <full-stacktrace>
              <![CDATA[java.lang.AssertionError: expected [true] but found [false]
at org.testng.Assert.fail(Assert.java:110)
at org.testng.Assert.failNotEquals(Assert.java:1577)
at org.testng.Assert.assertTrue(Assert.java:56)
at org.testng.Assert.assertTrue(Assert.java:66)
at com.qa.adminTest.AdminLoginTest.loginTest(AdminLoginTest.java:38)
at java.base/jdk.internal.reflect.NativeMethodAccessorImpl.invoke0(Native Method)
at java.base/jdk.internal.reflect.NativeMethodAccessorImpl.invoke(NativeMethodAccessorImpl.java:77)
at java.base/jdk.internal.reflect.DelegatingMethodAccessorImpl.invoke(DelegatingMethodAccessorImpl.java:43)
at java.base/java.lang.reflect.Method.invoke(Method.java:568)
at org.testng.internal.invokers.MethodInvocationHelper.invokeMethod(MethodInvocationHelper.java:139)
at org.testng.internal.invokers.TestInvoker.invokeMethod(TestInvoker.java:677)
at org.testng.internal.invokers.TestInvoker.invokeTestMethod(TestInvoker.java:221)
at org.testng.internal.invokers.MethodRunner.runInSequence(MethodRunner.java:50)
at org.testng.internal.invokers.TestInvoker$MethodInvocationAgent.invoke(TestInvoker.java:969)
at org.testng.internal.invokers.TestInvoker.invokeTestMethods(TestInvoker.java:194)
at org.testng.internal.invokers.TestMethodWorker.invokeTestMethods(TestMethodWorker.java:148)
at org.testng.internal.invokers.TestMethodWorker.run(TestMethodWorker.java:128)
at java.base/java.util.ArrayList.forEach(ArrayList.java:1511)
at org.testng.TestRunner.privateRun(TestRunner.java:829)
at org.testng.TestRunner.run(TestRunner.java:602)
at org.testng.SuiteRunner.runTest(SuiteRunner.java:437)
at org.testng.SuiteRunner$SuiteWorker.run(SuiteRunner.java:475)
at org.testng.internal.thread.ThreadUtil.lambda$execute$0(ThreadUtil.java:58)
at java.base/java.util.concurrent.FutureTask.run(FutureTask.java:264)
at java.base/java.util.concurrent.ThreadPoolExecutor.runWorker(ThreadPoolExecutor.java:1136)
at java.base/java.util.concurrent.ThreadPoolExecutor$Worker.run(ThreadPoolExecutor.java:635)
at java.base/java.lang.Thread.run(Thread.java:840)
]]>
            </full-stacktrace>
          </exception> <!-- java.lang.AssertionError -->
          <reporter-output>
          </reporter-output>
        </test-method> <!-- loginTest -->
        <test-method is-config="true" signature="tearDown(org.testng.ITestResult)[pri:0, instance:com.qa.adminTest.AdminLoginTest@6da21078]" started-at="2024-01-03T17:26:55 IST" name="tearDown" finished-at="2024-01-03T17:26:55 IST" duration-ms="411" status="PASS">
          <params>
            <param index="0">
              <value>
                <![CDATA[[TestResult name=loginTest status=FAILURE method=AdminLoginTest.loginTest()[pri:1, instance:com.qa.adminTest.AdminLoginTest@6da21078] output={null}]]]>
              </value>
            </param>
          </params>
          <reporter-output>
          </reporter-output>
        </test-method> <!-- tearDown -->
        <test-method signature="loginWithInvalidData()[pri:2, instance:com.qa.adminTest.AdminLoginTest@6da21078]" started-at="2024-01-03T17:26:55 IST" name="loginWithInvalidData" description="Login With Invalid Data" finished-at="2024-01-03T17:26:56 IST" duration-ms="619" status="FAIL">
          <exception class="java.lang.AssertionError">
            <message>
              <![CDATA[expected [ Error: Invalid administrator login attempt.] but found [ Error: The maximum number of login attempts has been reached. Please try again in 5 minutes.]]]>
            </message>
            <full-stacktrace>
              <![CDATA[java.lang.AssertionError: expected [ Error: Invalid administrator login attempt.] but found [ Error: The maximum number of login attempts has been reached. Please try again in 5 minutes.]
at org.testng.Assert.fail(Assert.java:110)
at org.testng.Assert.failNotEquals(Assert.java:1577)
at org.testng.Assert.assertEqualsImpl(Assert.java:149)
at org.testng.Assert.assertEquals(Assert.java:131)
at org.testng.Assert.assertEquals(Assert.java:655)
at org.testng.Assert.assertEquals(Assert.java:665)
at com.qa.adminTest.AdminLoginTest.loginWithInvalidData(AdminLoginTest.java:64)
at java.base/jdk.internal.reflect.NativeMethodAccessorImpl.invoke0(Native Method)
at java.base/jdk.internal.reflect.NativeMethodAccessorImpl.invoke(NativeMethodAccessorImpl.java:77)
at java.base/jdk.internal.reflect.DelegatingMethodAccessorImpl.invoke(DelegatingMethodAccessorImpl.java:43)
at java.base/java.lang.reflect.Method.invoke(Method.java:568)
at org.testng.internal.invokers.MethodInvocationHelper.invokeMethod(MethodInvocationHelper.java:139)
at org.testng.internal.invokers.TestInvoker.invokeMethod(TestInvoker.java:677)
at org.testng.internal.invokers.TestInvoker.invokeTestMethod(TestInvoker.java:221)
at org.testng.internal.invokers.MethodRunner.runInSequence(MethodRunner.java:50)
at org.testng.internal.invokers.TestInvoker$MethodInvocationAgent.invoke(TestInvoker.java:969)
at org.testng.internal.invokers.TestInvoker.invokeTestMethods(TestInvoker.java:194)
at org.testng.internal.invokers.TestMethodWorker.invokeTestMethods(TestMethodWorker.java:148)
at org.testng.internal.invokers.TestMethodWorker.run(TestMethodWorker.java:128)
at java.base/java.util.ArrayList.forEach(ArrayList.java:1511)
at org.testng.TestRunner.privateRun(TestRunner.java:829)
at org.testng.TestRunner.run(TestRunner.java:602)
at org.testng.SuiteRunner.runTest(SuiteRunner.java:437)
at org.testng.SuiteRunner$SuiteWorker.run(SuiteRunner.java:475)
at org.testng.internal.thread.ThreadUtil.lambda$execute$0(ThreadUtil.java:58)
at java.base/java.util.concurrent.FutureTask.run(FutureTask.java:264)
at java.base/java.util.concurrent.ThreadPoolExecutor.runWorker(ThreadPoolExecutor.java:1136)
at java.base/java.util.concurrent.ThreadPoolExecutor$Worker.run(ThreadPoolExecutor.java:635)
at java.base/java.lang.Thread.run(Thread.java:840)
]]>
            </full-stacktrace>
          </exception> <!-- java.lang.AssertionError -->
          <reporter-output>
          </reporter-output>
        </test-method> <!-- loginWithInvalidData -->
        <test-method is-config="true" signature="tearDown(org.testng.ITestResult)[pri:0, instance:com.qa.adminTest.AdminLoginTest@6da21078]" started-at="2024-01-03T17:26:56 IST" name="tearDown" finished-at="2024-01-03T17:26:56 IST" duration-ms="99" status="PASS">
          <params>
            <param index="0">
              <value>
                <![CDATA[[TestResult name=loginWithInvalidData status=FAILURE method=AdminLoginTest.loginWithInvalidData()[pri:2, instance:com.qa.adminTest.AdminLoginTest@6da21078] output={null}]]]>
              </value>
            </param>
          </params>
          <reporter-output>
          </reporter-output>
        </test-method> <!-- tearDown -->
        <test-method is-config="true" signature="afterTest()[pri:0, instance:com.qa.adminTest.AdminLoginTest@6da21078]" started-at="2024-01-03T17:26:56 IST" name="afterTest" finished-at="2024-01-03T17:26:56 IST" duration-ms="288" status="PASS">
          <reporter-output>
          </reporter-output>
        </test-method> <!-- afterTest -->
      </class> <!-- com.qa.adminTest.AdminLoginTest -->
    </test> <!-- GCR Shop Admin Login Test_chrome -->
    <test started-at="2024-01-03T17:26:46 IST" name="GCR Shop Product Test_chrome" finished-at="2024-01-03T17:27:57 IST" duration-ms="70902">
      <class name="com.qa.adminTest.ProductTest">
        <test-method is-config="true" signature="setup(java.lang.String)[pri:0, instance:com.qa.adminTest.ProductTest@201a4587]" started-at="2024-01-03T17:26:46 IST" name="setup" finished-at="2024-01-03T17:26:53 IST" duration-ms="7539" status="PASS">
          <params>
            <param index="0">
              <value>
                <![CDATA[chromium]]>
              </value>
            </param>
          </params>
          <reporter-output>
          </reporter-output>
        </test-method> <!-- setup -->
        <test-method is-config="true" signature="beforeCalss()[pri:0, instance:com.qa.adminTest.ProductTest@201a4587]" started-at="2024-01-03T17:26:53 IST" name="beforeCalss" finished-at="2024-01-03T17:26:53 IST" duration-ms="5" status="PASS">
          <reporter-output>
          </reporter-output>
        </test-method> <!-- beforeCalss -->
        <test-method signature="addNewProduct()[pri:1, instance:com.qa.adminTest.ProductTest@201a4587]" started-at="2024-01-03T17:26:53 IST" name="addNewProduct" description="Add new Product" finished-at="2024-01-03T17:27:25 IST" duration-ms="31867" status="FAIL">
          <exception class="com.microsoft.playwright.TimeoutError">
            <message>
              <![CDATA[Error {
  message='Timeout 30000ms exceeded.
=========================== logs ===========================
waiting for locator("xpath=//a[text()=\"Catalog\"]")
============================================================
  name='TimeoutError
  stack='TimeoutError: Timeout 30000ms exceeded.
=========================== logs ===========================
waiting for locator("xpath=//a[text()=\"Catalog\"]")
============================================================
    at ProgressController.run (C:\Users\DELL\AppData\Local\Temp\playwright-java-1364858498315790910\package\lib\server\progress.js:88:26)
    at Frame.click (C:\Users\DELL\AppData\Local\Temp\playwright-java-1364858498315790910\package\lib\server\frames.js:995:23)
    at FrameDispatcher.click (C:\Users\DELL\AppData\Local\Temp\playwright-java-1364858498315790910\package\lib\server\dispatchers\frameDispatcher.js:154:30)
    at DispatcherConnection.dispatch (C:\Users\DELL\AppData\Local\Temp\playwright-java-1364858498315790910\package\lib\server\dispatchers\dispatcher.js:346:46)
}]]>
            </message>
            <full-stacktrace>
              <![CDATA[com.microsoft.playwright.TimeoutError: Error {
  message='Timeout 30000ms exceeded.
=========================== logs ===========================
waiting for locator("xpath=//a[text()=\"Catalog\"]")
============================================================
  name='TimeoutError
  stack='TimeoutError: Timeout 30000ms exceeded.
=========================== logs ===========================
waiting for locator("xpath=//a[text()=\"Catalog\"]")
============================================================
    at ProgressController.run (C:\Users\DELL\AppData\Local\Temp\playwright-java-1364858498315790910\package\lib\server\progress.js:88:26)
    at Frame.click (C:\Users\DELL\AppData\Local\Temp\playwright-java-1364858498315790910\package\lib\server\frames.js:995:23)
    at FrameDispatcher.click (C:\Users\DELL\AppData\Local\Temp\playwright-java-1364858498315790910\package\lib\server\dispatchers\frameDispatcher.js:154:30)
    at DispatcherConnection.dispatch (C:\Users\DELL\AppData\Local\Temp\playwright-java-1364858498315790910\package\lib\server\dispatchers\dispatcher.js:346:46)
}
at com.microsoft.playwright.impl.WaitableResult.get(WaitableResult.java:52)
at com.microsoft.playwright.impl.ChannelOwner.runUntil(ChannelOwner.java:120)
at com.microsoft.playwright.impl.Connection.sendMessage(Connection.java:126)
at com.microsoft.playwright.impl.ChannelOwner.sendMessage(ChannelOwner.java:106)
at com.microsoft.playwright.impl.FrameImpl.clickImpl(FrameImpl.java:252)
at com.microsoft.playwright.impl.PageImpl.lambda$click$17(PageImpl.java:577)
at com.microsoft.playwright.impl.LoggingSupport.lambda$withLogging$0(LoggingSupport.java:36)
at com.microsoft.playwright.impl.LoggingSupport.withLogging(LoggingSupport.java:47)
at com.microsoft.playwright.impl.ChannelOwner.withLogging(ChannelOwner.java:89)
at com.microsoft.playwright.impl.LoggingSupport.withLogging(LoggingSupport.java:35)
at com.microsoft.playwright.impl.PageImpl.click(PageImpl.java:576)
at com.microsoft.playwright.Page.click(Page.java:3741)
at com.qa.adminPages.HomePage.clickOnCatalog(HomePage.java:17)
at com.qa.adminTest.ProductTest.addNewProduct(ProductTest.java:60)
at java.base/jdk.internal.reflect.NativeMethodAccessorImpl.invoke0(Native Method)
at java.base/jdk.internal.reflect.NativeMethodAccessorImpl.invoke(NativeMethodAccessorImpl.java:77)
at java.base/jdk.internal.reflect.DelegatingMethodAccessorImpl.invoke(DelegatingMethodAccessorImpl.java:43)
at java.base/java.lang.reflect.Method.invoke(Method.java:568)
at org.testng.internal.invokers.MethodInvocationHelper.invokeMethod(MethodInvocationHelper.java:139)
at org.testng.internal.invokers.TestInvoker.invokeMethod(TestInvoker.java:677)
at org.testng.internal.invokers.TestInvoker.invokeTestMethod(TestInvoker.java:221)
at org.testng.internal.invokers.MethodRunner.runInSequence(MethodRunner.java:50)
at org.testng.internal.invokers.TestInvoker$MethodInvocationAgent.invoke(TestInvoker.java:969)
at org.testng.internal.invokers.TestInvoker.invokeTestMethods(TestInvoker.java:194)
at org.testng.internal.invokers.TestMethodWorker.invokeTestMethods(TestMethodWorker.java:148)
at org.testng.internal.invokers.TestMethodWorker.run(TestMethodWorker.java:128)
at java.base/java.util.ArrayList.forEach(ArrayList.java:1511)
at org.testng.TestRunner.privateRun(TestRunner.java:829)
at org.testng.TestRunner.run(TestRunner.java:602)
at org.testng.SuiteRunner.runTest(SuiteRunner.java:437)
at org.testng.SuiteRunner$SuiteWorker.run(SuiteRunner.java:475)
at org.testng.internal.thread.ThreadUtil.lambda$execute$0(ThreadUtil.java:58)
at java.base/java.util.concurrent.FutureTask.run(FutureTask.java:264)
at java.base/java.util.concurrent.ThreadPoolExecutor.runWorker(ThreadPoolExecutor.java:1136)
at java.base/java.util.concurrent.ThreadPoolExecutor$Worker.run(ThreadPoolExecutor.java:635)
at java.base/java.lang.Thread.run(Thread.java:840)
Caused by: com.microsoft.playwright.TimeoutError: Error {
  message='Timeout 30000ms exceeded.
=========================== logs ===========================
waiting for locator("xpath=//a[text()=\"Catalog\"]")
============================================================
  name='TimeoutError
  stack='TimeoutError: Timeout 30000ms exceeded.
=========================== logs ===========================
waiting for locator("xpath=//a[text()=\"Catalog\"]")
============================================================
    at ProgressController.run (C:\Users\DELL\AppData\Local\Temp\playwright-java-1364858498315790910\package\lib\server\progress.js:88:26)
    at Frame.click (C:\Users\DELL\AppData\Local\Temp\playwright-java-1364858498315790910\package\lib\server\frames.js:995:23)
    at FrameDispatcher.click (C:\Users\DELL\AppData\Local\Temp\playwright-java-1364858498315790910\package\lib\server\dispatchers\frameDispatcher.js:154:30)
    at DispatcherConnection.dispatch (C:\Users\DELL\AppData\Local\Temp\playwright-java-1364858498315790910\package\lib\server\dispatchers\dispatcher.js:346:46)
}
at com.microsoft.playwright.impl.Connection.dispatch(Connection.java:224)
at com.microsoft.playwright.impl.Connection.processOneMessage(Connection.java:206)
at com.microsoft.playwright.impl.ChannelOwner.runUntil(ChannelOwner.java:118)
... 34 more
]]>
            </full-stacktrace>
          </exception> <!-- com.microsoft.playwright.TimeoutError -->
          <reporter-output>
          </reporter-output>
        </test-method> <!-- addNewProduct -->
        <test-method is-config="true" signature="tearDown(org.testng.ITestResult)[pri:0, instance:com.qa.adminTest.ProductTest@201a4587]" started-at="2024-01-03T17:27:25 IST" name="tearDown" finished-at="2024-01-03T17:27:25 IST" duration-ms="295" status="PASS">
          <params>
            <param index="0">
              <value>
                <![CDATA[[TestResult name=addNewProduct status=FAILURE method=ProductTest.addNewProduct()[pri:1, instance:com.qa.adminTest.ProductTest@201a4587] output={null}]]]>
              </value>
            </param>
          </params>
          <reporter-output>
          </reporter-output>
        </test-method> <!-- tearDown -->
        <test-method signature="addProductUnderCatgory()[pri:2, instance:com.qa.adminTest.ProductTest@201a4587]" started-at="2024-01-03T17:27:25 IST" name="addProductUnderCatgory" description="Add new Product in Category" finished-at="2024-01-03T17:27:56 IST" duration-ms="30658" status="FAIL">
          <exception class="com.microsoft.playwright.TimeoutError">
            <message>
              <![CDATA[Error {
  message='Timeout 30000ms exceeded.
=========================== logs ===========================
waiting for locator("xpath=//a[text()=\"Catalog\"]")
============================================================
  name='TimeoutError
  stack='TimeoutError: Timeout 30000ms exceeded.
=========================== logs ===========================
waiting for locator("xpath=//a[text()=\"Catalog\"]")
============================================================
    at ProgressController.run (C:\Users\DELL\AppData\Local\Temp\playwright-java-1364858498315790910\package\lib\server\progress.js:88:26)
    at Frame.click (C:\Users\DELL\AppData\Local\Temp\playwright-java-1364858498315790910\package\lib\server\frames.js:995:23)
    at FrameDispatcher.click (C:\Users\DELL\AppData\Local\Temp\playwright-java-1364858498315790910\package\lib\server\dispatchers\frameDispatcher.js:154:30)
    at DispatcherConnection.dispatch (C:\Users\DELL\AppData\Local\Temp\playwright-java-1364858498315790910\package\lib\server\dispatchers\dispatcher.js:346:46)
}]]>
            </message>
            <full-stacktrace>
              <![CDATA[com.microsoft.playwright.TimeoutError: Error {
  message='Timeout 30000ms exceeded.
=========================== logs ===========================
waiting for locator("xpath=//a[text()=\"Catalog\"]")
============================================================
  name='TimeoutError
  stack='TimeoutError: Timeout 30000ms exceeded.
=========================== logs ===========================
waiting for locator("xpath=//a[text()=\"Catalog\"]")
============================================================
    at ProgressController.run (C:\Users\DELL\AppData\Local\Temp\playwright-java-1364858498315790910\package\lib\server\progress.js:88:26)
    at Frame.click (C:\Users\DELL\AppData\Local\Temp\playwright-java-1364858498315790910\package\lib\server\frames.js:995:23)
    at FrameDispatcher.click (C:\Users\DELL\AppData\Local\Temp\playwright-java-1364858498315790910\package\lib\server\dispatchers\frameDispatcher.js:154:30)
    at DispatcherConnection.dispatch (C:\Users\DELL\AppData\Local\Temp\playwright-java-1364858498315790910\package\lib\server\dispatchers\dispatcher.js:346:46)
}
at com.microsoft.playwright.impl.WaitableResult.get(WaitableResult.java:52)
at com.microsoft.playwright.impl.ChannelOwner.runUntil(ChannelOwner.java:120)
at com.microsoft.playwright.impl.Connection.sendMessage(Connection.java:126)
at com.microsoft.playwright.impl.ChannelOwner.sendMessage(ChannelOwner.java:106)
at com.microsoft.playwright.impl.FrameImpl.clickImpl(FrameImpl.java:252)
at com.microsoft.playwright.impl.PageImpl.lambda$click$17(PageImpl.java:577)
at com.microsoft.playwright.impl.LoggingSupport.lambda$withLogging$0(LoggingSupport.java:36)
at com.microsoft.playwright.impl.LoggingSupport.withLogging(LoggingSupport.java:47)
at com.microsoft.playwright.impl.ChannelOwner.withLogging(ChannelOwner.java:89)
at com.microsoft.playwright.impl.LoggingSupport.withLogging(LoggingSupport.java:35)
at com.microsoft.playwright.impl.PageImpl.click(PageImpl.java:576)
at com.microsoft.playwright.Page.click(Page.java:3741)
at com.qa.adminPages.HomePage.clickOnCatalog(HomePage.java:17)
at com.qa.adminTest.ProductTest.addProductUnderCatgory(ProductTest.java:86)
at java.base/jdk.internal.reflect.NativeMethodAccessorImpl.invoke0(Native Method)
at java.base/jdk.internal.reflect.NativeMethodAccessorImpl.invoke(NativeMethodAccessorImpl.java:77)
at java.base/jdk.internal.reflect.DelegatingMethodAccessorImpl.invoke(DelegatingMethodAccessorImpl.java:43)
at java.base/java.lang.reflect.Method.invoke(Method.java:568)
at org.testng.internal.invokers.MethodInvocationHelper.invokeMethod(MethodInvocationHelper.java:139)
at org.testng.internal.invokers.TestInvoker.invokeMethod(TestInvoker.java:677)
at org.testng.internal.invokers.TestInvoker.invokeTestMethod(TestInvoker.java:221)
at org.testng.internal.invokers.MethodRunner.runInSequence(MethodRunner.java:50)
at org.testng.internal.invokers.TestInvoker$MethodInvocationAgent.invoke(TestInvoker.java:969)
at org.testng.internal.invokers.TestInvoker.invokeTestMethods(TestInvoker.java:194)
at org.testng.internal.invokers.TestMethodWorker.invokeTestMethods(TestMethodWorker.java:148)
at org.testng.internal.invokers.TestMethodWorker.run(TestMethodWorker.java:128)
at java.base/java.util.ArrayList.forEach(ArrayList.java:1511)
at org.testng.TestRunner.privateRun(TestRunner.java:829)
at org.testng.TestRunner.run(TestRunner.java:602)
at org.testng.SuiteRunner.runTest(SuiteRunner.java:437)
at org.testng.SuiteRunner$SuiteWorker.run(SuiteRunner.java:475)
at org.testng.internal.thread.ThreadUtil.lambda$execute$0(ThreadUtil.java:58)
at java.base/java.util.concurrent.FutureTask.run(FutureTask.java:264)
at java.base/java.util.concurrent.ThreadPoolExecutor.runWorker(ThreadPoolExecutor.java:1136)
at java.base/java.util.concurrent.ThreadPoolExecutor$Worker.run(ThreadPoolExecutor.java:635)
at java.base/java.lang.Thread.run(Thread.java:840)
Caused by: com.microsoft.playwright.TimeoutError: Error {
  message='Timeout 30000ms exceeded.
=========================== logs ===========================
waiting for locator("xpath=//a[text()=\"Catalog\"]")
============================================================
  name='TimeoutError
  stack='TimeoutError: Timeout 30000ms exceeded.
=========================== logs ===========================
waiting for locator("xpath=//a[text()=\"Catalog\"]")
============================================================
    at ProgressController.run (C:\Users\DELL\AppData\Local\Temp\playwright-java-1364858498315790910\package\lib\server\progress.js:88:26)
    at Frame.click (C:\Users\DELL\AppData\Local\Temp\playwright-java-1364858498315790910\package\lib\server\frames.js:995:23)
    at FrameDispatcher.click (C:\Users\DELL\AppData\Local\Temp\playwright-java-1364858498315790910\package\lib\server\dispatchers\frameDispatcher.js:154:30)
    at DispatcherConnection.dispatch (C:\Users\DELL\AppData\Local\Temp\playwright-java-1364858498315790910\package\lib\server\dispatchers\dispatcher.js:346:46)
}
at com.microsoft.playwright.impl.Connection.dispatch(Connection.java:224)
at com.microsoft.playwright.impl.Connection.processOneMessage(Connection.java:206)
at com.microsoft.playwright.impl.ChannelOwner.runUntil(ChannelOwner.java:118)
... 34 more
]]>
            </full-stacktrace>
          </exception> <!-- com.microsoft.playwright.TimeoutError -->
          <reporter-output>
          </reporter-output>
        </test-method> <!-- addProductUnderCatgory -->
        <test-method is-config="true" signature="tearDown(org.testng.ITestResult)[pri:0, instance:com.qa.adminTest.ProductTest@201a4587]" started-at="2024-01-03T17:27:56 IST" name="tearDown" finished-at="2024-01-03T17:27:56 IST" duration-ms="107" status="PASS">
          <params>
            <param index="0">
              <value>
                <![CDATA[[TestResult name=addProductUnderCatgory status=FAILURE method=ProductTest.addProductUnderCatgory()[pri:2, instance:com.qa.adminTest.ProductTest@201a4587] output={null}]]]>
              </value>
            </param>
          </params>
          <reporter-output>
          </reporter-output>
        </test-method> <!-- tearDown -->
        <test-method is-config="true" signature="afterTest()[pri:0, instance:com.qa.adminTest.ProductTest@201a4587]" started-at="2024-01-03T17:27:56 IST" name="afterTest" finished-at="2024-01-03T17:27:57 IST" duration-ms="360" status="PASS">
          <reporter-output>
          </reporter-output>
        </test-method> <!-- afterTest -->
        <test-method is-config="true" signature="afterSuit()[pri:0, instance:com.qa.adminTest.ProductTest@201a4587]" started-at="2024-01-03T17:28:28 IST" name="afterSuit" finished-at="2024-01-03T17:28:28 IST" duration-ms="306" status="PASS">
          <reporter-output>
          </reporter-output>
        </test-method> <!-- afterSuit -->
      </class> <!-- com.qa.adminTest.ProductTest -->
    </test> <!-- GCR Shop Product Test_chrome -->
    <test started-at="2024-01-03T17:26:46 IST" name="GCR Shop Manufacturers Test_chrome" finished-at="2024-01-03T17:28:25 IST" duration-ms="99418">
      <class name="com.qa.adminTest.ManufacturersTest">
        <test-method is-config="true" signature="setup(java.lang.String)[pri:0, instance:com.qa.adminTest.ManufacturersTest@3c7f66c4]" started-at="2024-01-03T17:26:46 IST" name="setup" finished-at="2024-01-03T17:26:53 IST" duration-ms="7647" status="PASS">
          <params>
            <param index="0">
              <value>
                <![CDATA[chromium]]>
              </value>
            </param>
          </params>
          <reporter-output>
          </reporter-output>
        </test-method> <!-- setup -->
        <test-method is-config="true" signature="beforeCalss()[pri:0, instance:com.qa.adminTest.ManufacturersTest@3c7f66c4]" started-at="2024-01-03T17:26:53 IST" name="beforeCalss" finished-at="2024-01-03T17:26:53 IST" duration-ms="8" status="PASS">
          <reporter-output>
          </reporter-output>
        </test-method> <!-- beforeCalss -->
        <test-method signature="addNewManufacture()[pri:1, instance:com.qa.adminTest.ManufacturersTest@3c7f66c4]" started-at="2024-01-03T17:26:53 IST" name="addNewManufacture" description="Add new Manufacture" finished-at="2024-01-03T17:27:25 IST" duration-ms="31685" status="FAIL">
          <exception class="com.microsoft.playwright.TimeoutError">
            <message>
              <![CDATA[Error {
  message='Timeout 30000ms exceeded.
=========================== logs ===========================
waiting for locator("xpath=//a[text()=\"Catalog\"]")
============================================================
  name='TimeoutError
  stack='TimeoutError: Timeout 30000ms exceeded.
=========================== logs ===========================
waiting for locator("xpath=//a[text()=\"Catalog\"]")
============================================================
    at ProgressController.run (C:\Users\DELL\AppData\Local\Temp\playwright-java-1364858498315790910\package\lib\server\progress.js:88:26)
    at Frame.click (C:\Users\DELL\AppData\Local\Temp\playwright-java-1364858498315790910\package\lib\server\frames.js:995:23)
    at FrameDispatcher.click (C:\Users\DELL\AppData\Local\Temp\playwright-java-1364858498315790910\package\lib\server\dispatchers\frameDispatcher.js:154:30)
    at DispatcherConnection.dispatch (C:\Users\DELL\AppData\Local\Temp\playwright-java-1364858498315790910\package\lib\server\dispatchers\dispatcher.js:346:46)
}]]>
            </message>
            <full-stacktrace>
              <![CDATA[com.microsoft.playwright.TimeoutError: Error {
  message='Timeout 30000ms exceeded.
=========================== logs ===========================
waiting for locator("xpath=//a[text()=\"Catalog\"]")
============================================================
  name='TimeoutError
  stack='TimeoutError: Timeout 30000ms exceeded.
=========================== logs ===========================
waiting for locator("xpath=//a[text()=\"Catalog\"]")
============================================================
    at ProgressController.run (C:\Users\DELL\AppData\Local\Temp\playwright-java-1364858498315790910\package\lib\server\progress.js:88:26)
    at Frame.click (C:\Users\DELL\AppData\Local\Temp\playwright-java-1364858498315790910\package\lib\server\frames.js:995:23)
    at FrameDispatcher.click (C:\Users\DELL\AppData\Local\Temp\playwright-java-1364858498315790910\package\lib\server\dispatchers\frameDispatcher.js:154:30)
    at DispatcherConnection.dispatch (C:\Users\DELL\AppData\Local\Temp\playwright-java-1364858498315790910\package\lib\server\dispatchers\dispatcher.js:346:46)
}
at com.microsoft.playwright.impl.WaitableResult.get(WaitableResult.java:52)
at com.microsoft.playwright.impl.ChannelOwner.runUntil(ChannelOwner.java:120)
at com.microsoft.playwright.impl.Connection.sendMessage(Connection.java:126)
at com.microsoft.playwright.impl.ChannelOwner.sendMessage(ChannelOwner.java:106)
at com.microsoft.playwright.impl.FrameImpl.clickImpl(FrameImpl.java:252)
at com.microsoft.playwright.impl.PageImpl.lambda$click$17(PageImpl.java:577)
at com.microsoft.playwright.impl.LoggingSupport.lambda$withLogging$0(LoggingSupport.java:36)
at com.microsoft.playwright.impl.LoggingSupport.withLogging(LoggingSupport.java:47)
at com.microsoft.playwright.impl.ChannelOwner.withLogging(ChannelOwner.java:89)
at com.microsoft.playwright.impl.LoggingSupport.withLogging(LoggingSupport.java:35)
at com.microsoft.playwright.impl.PageImpl.click(PageImpl.java:576)
at com.microsoft.playwright.Page.click(Page.java:3741)
at com.qa.adminPages.HomePage.clickOnCatalog(HomePage.java:17)
at com.qa.adminTest.ManufacturersTest.addNewManufacture(ManufacturersTest.java:36)
at java.base/jdk.internal.reflect.NativeMethodAccessorImpl.invoke0(Native Method)
at java.base/jdk.internal.reflect.NativeMethodAccessorImpl.invoke(NativeMethodAccessorImpl.java:77)
at java.base/jdk.internal.reflect.DelegatingMethodAccessorImpl.invoke(DelegatingMethodAccessorImpl.java:43)
at java.base/java.lang.reflect.Method.invoke(Method.java:568)
at org.testng.internal.invokers.MethodInvocationHelper.invokeMethod(MethodInvocationHelper.java:139)
at org.testng.internal.invokers.TestInvoker.invokeMethod(TestInvoker.java:677)
at org.testng.internal.invokers.TestInvoker.invokeTestMethod(TestInvoker.java:221)
at org.testng.internal.invokers.MethodRunner.runInSequence(MethodRunner.java:50)
at org.testng.internal.invokers.TestInvoker$MethodInvocationAgent.invoke(TestInvoker.java:969)
at org.testng.internal.invokers.TestInvoker.invokeTestMethods(TestInvoker.java:194)
at org.testng.internal.invokers.TestMethodWorker.invokeTestMethods(TestMethodWorker.java:148)
at org.testng.internal.invokers.TestMethodWorker.run(TestMethodWorker.java:128)
at java.base/java.util.ArrayList.forEach(ArrayList.java:1511)
at org.testng.TestRunner.privateRun(TestRunner.java:829)
at org.testng.TestRunner.run(TestRunner.java:602)
at org.testng.SuiteRunner.runTest(SuiteRunner.java:437)
at org.testng.SuiteRunner$SuiteWorker.run(SuiteRunner.java:475)
at org.testng.internal.thread.ThreadUtil.lambda$execute$0(ThreadUtil.java:58)
at java.base/java.util.concurrent.FutureTask.run(FutureTask.java:264)
at java.base/java.util.concurrent.ThreadPoolExecutor.runWorker(ThreadPoolExecutor.java:1136)
at java.base/java.util.concurrent.ThreadPoolExecutor$Worker.run(ThreadPoolExecutor.java:635)
at java.base/java.lang.Thread.run(Thread.java:840)
Caused by: com.microsoft.playwright.TimeoutError: Error {
  message='Timeout 30000ms exceeded.
=========================== logs ===========================
waiting for locator("xpath=//a[text()=\"Catalog\"]")
============================================================
  name='TimeoutError
  stack='TimeoutError: Timeout 30000ms exceeded.
=========================== logs ===========================
waiting for locator("xpath=//a[text()=\"Catalog\"]")
============================================================
    at ProgressController.run (C:\Users\DELL\AppData\Local\Temp\playwright-java-1364858498315790910\package\lib\server\progress.js:88:26)
    at Frame.click (C:\Users\DELL\AppData\Local\Temp\playwright-java-1364858498315790910\package\lib\server\frames.js:995:23)
    at FrameDispatcher.click (C:\Users\DELL\AppData\Local\Temp\playwright-java-1364858498315790910\package\lib\server\dispatchers\frameDispatcher.js:154:30)
    at DispatcherConnection.dispatch (C:\Users\DELL\AppData\Local\Temp\playwright-java-1364858498315790910\package\lib\server\dispatchers\dispatcher.js:346:46)
}
at com.microsoft.playwright.impl.Connection.dispatch(Connection.java:224)
at com.microsoft.playwright.impl.Connection.processOneMessage(Connection.java:206)
at com.microsoft.playwright.impl.ChannelOwner.runUntil(ChannelOwner.java:118)
... 34 more
]]>
            </full-stacktrace>
          </exception> <!-- com.microsoft.playwright.TimeoutError -->
          <reporter-output>
          </reporter-output>
        </test-method> <!-- addNewManufacture -->
        <test-method is-config="true" signature="tearDown(org.testng.ITestResult)[pri:0, instance:com.qa.adminTest.ManufacturersTest@3c7f66c4]" started-at="2024-01-03T17:27:25 IST" name="tearDown" finished-at="2024-01-03T17:27:25 IST" duration-ms="248" status="PASS">
          <params>
            <param index="0">
              <value>
                <![CDATA[[TestResult name=addNewManufacture status=FAILURE method=ManufacturersTest.addNewManufacture()[pri:1, instance:com.qa.adminTest.ManufacturersTest@3c7f66c4] output={null}]]]>
              </value>
            </param>
          </params>
          <reporter-output>
          </reporter-output>
        </test-method> <!-- tearDown -->
        <test-method signature="updateManufacturer()[pri:2, instance:com.qa.adminTest.ManufacturersTest@3c7f66c4]" started-at="2024-01-03T17:27:25 IST" name="updateManufacturer" description="Update Manufacture" finished-at="2024-01-03T17:27:56 IST" duration-ms="30639" status="FAIL">
          <exception class="com.microsoft.playwright.TimeoutError">
            <message>
              <![CDATA[Error {
  message='Timeout 30000ms exceeded.
=========================== logs ===========================
waiting for locator("xpath=//a[text()=\"Catalog\"]")
============================================================
  name='TimeoutError
  stack='TimeoutError: Timeout 30000ms exceeded.
=========================== logs ===========================
waiting for locator("xpath=//a[text()=\"Catalog\"]")
============================================================
    at ProgressController.run (C:\Users\DELL\AppData\Local\Temp\playwright-java-1364858498315790910\package\lib\server\progress.js:88:26)
    at Frame.click (C:\Users\DELL\AppData\Local\Temp\playwright-java-1364858498315790910\package\lib\server\frames.js:995:23)
    at FrameDispatcher.click (C:\Users\DELL\AppData\Local\Temp\playwright-java-1364858498315790910\package\lib\server\dispatchers\frameDispatcher.js:154:30)
    at DispatcherConnection.dispatch (C:\Users\DELL\AppData\Local\Temp\playwright-java-1364858498315790910\package\lib\server\dispatchers\dispatcher.js:346:46)
}]]>
            </message>
            <full-stacktrace>
              <![CDATA[com.microsoft.playwright.TimeoutError: Error {
  message='Timeout 30000ms exceeded.
=========================== logs ===========================
waiting for locator("xpath=//a[text()=\"Catalog\"]")
============================================================
  name='TimeoutError
  stack='TimeoutError: Timeout 30000ms exceeded.
=========================== logs ===========================
waiting for locator("xpath=//a[text()=\"Catalog\"]")
============================================================
    at ProgressController.run (C:\Users\DELL\AppData\Local\Temp\playwright-java-1364858498315790910\package\lib\server\progress.js:88:26)
    at Frame.click (C:\Users\DELL\AppData\Local\Temp\playwright-java-1364858498315790910\package\lib\server\frames.js:995:23)
    at FrameDispatcher.click (C:\Users\DELL\AppData\Local\Temp\playwright-java-1364858498315790910\package\lib\server\dispatchers\frameDispatcher.js:154:30)
    at DispatcherConnection.dispatch (C:\Users\DELL\AppData\Local\Temp\playwright-java-1364858498315790910\package\lib\server\dispatchers\dispatcher.js:346:46)
}
at com.microsoft.playwright.impl.WaitableResult.get(WaitableResult.java:52)
at com.microsoft.playwright.impl.ChannelOwner.runUntil(ChannelOwner.java:120)
at com.microsoft.playwright.impl.Connection.sendMessage(Connection.java:126)
at com.microsoft.playwright.impl.ChannelOwner.sendMessage(ChannelOwner.java:106)
at com.microsoft.playwright.impl.FrameImpl.clickImpl(FrameImpl.java:252)
at com.microsoft.playwright.impl.PageImpl.lambda$click$17(PageImpl.java:577)
at com.microsoft.playwright.impl.LoggingSupport.lambda$withLogging$0(LoggingSupport.java:36)
at com.microsoft.playwright.impl.LoggingSupport.withLogging(LoggingSupport.java:47)
at com.microsoft.playwright.impl.ChannelOwner.withLogging(ChannelOwner.java:89)
at com.microsoft.playwright.impl.LoggingSupport.withLogging(LoggingSupport.java:35)
at com.microsoft.playwright.impl.PageImpl.click(PageImpl.java:576)
at com.microsoft.playwright.Page.click(Page.java:3741)
at com.qa.adminPages.HomePage.clickOnCatalog(HomePage.java:17)
at com.qa.adminTest.ManufacturersTest.updateManufacturer(ManufacturersTest.java:60)
at java.base/jdk.internal.reflect.NativeMethodAccessorImpl.invoke0(Native Method)
at java.base/jdk.internal.reflect.NativeMethodAccessorImpl.invoke(NativeMethodAccessorImpl.java:77)
at java.base/jdk.internal.reflect.DelegatingMethodAccessorImpl.invoke(DelegatingMethodAccessorImpl.java:43)
at java.base/java.lang.reflect.Method.invoke(Method.java:568)
at org.testng.internal.invokers.MethodInvocationHelper.invokeMethod(MethodInvocationHelper.java:139)
at org.testng.internal.invokers.TestInvoker.invokeMethod(TestInvoker.java:677)
at org.testng.internal.invokers.TestInvoker.invokeTestMethod(TestInvoker.java:221)
at org.testng.internal.invokers.MethodRunner.runInSequence(MethodRunner.java:50)
at org.testng.internal.invokers.TestInvoker$MethodInvocationAgent.invoke(TestInvoker.java:969)
at org.testng.internal.invokers.TestInvoker.invokeTestMethods(TestInvoker.java:194)
at org.testng.internal.invokers.TestMethodWorker.invokeTestMethods(TestMethodWorker.java:148)
at org.testng.internal.invokers.TestMethodWorker.run(TestMethodWorker.java:128)
at java.base/java.util.ArrayList.forEach(ArrayList.java:1511)
at org.testng.TestRunner.privateRun(TestRunner.java:829)
at org.testng.TestRunner.run(TestRunner.java:602)
at org.testng.SuiteRunner.runTest(SuiteRunner.java:437)
at org.testng.SuiteRunner$SuiteWorker.run(SuiteRunner.java:475)
at org.testng.internal.thread.ThreadUtil.lambda$execute$0(ThreadUtil.java:58)
at java.base/java.util.concurrent.FutureTask.run(FutureTask.java:264)
at java.base/java.util.concurrent.ThreadPoolExecutor.runWorker(ThreadPoolExecutor.java:1136)
at java.base/java.util.concurrent.ThreadPoolExecutor$Worker.run(ThreadPoolExecutor.java:635)
at java.base/java.lang.Thread.run(Thread.java:840)
Caused by: com.microsoft.playwright.TimeoutError: Error {
  message='Timeout 30000ms exceeded.
=========================== logs ===========================
waiting for locator("xpath=//a[text()=\"Catalog\"]")
============================================================
  name='TimeoutError
  stack='TimeoutError: Timeout 30000ms exceeded.
=========================== logs ===========================
waiting for locator("xpath=//a[text()=\"Catalog\"]")
============================================================
    at ProgressController.run (C:\Users\DELL\AppData\Local\Temp\playwright-java-1364858498315790910\package\lib\server\progress.js:88:26)
    at Frame.click (C:\Users\DELL\AppData\Local\Temp\playwright-java-1364858498315790910\package\lib\server\frames.js:995:23)
    at FrameDispatcher.click (C:\Users\DELL\AppData\Local\Temp\playwright-java-1364858498315790910\package\lib\server\dispatchers\frameDispatcher.js:154:30)
    at DispatcherConnection.dispatch (C:\Users\DELL\AppData\Local\Temp\playwright-java-1364858498315790910\package\lib\server\dispatchers\dispatcher.js:346:46)
}
at com.microsoft.playwright.impl.Connection.dispatch(Connection.java:224)
at com.microsoft.playwright.impl.Connection.processOneMessage(Connection.java:206)
at com.microsoft.playwright.impl.ChannelOwner.runUntil(ChannelOwner.java:118)
... 34 more
]]>
            </full-stacktrace>
          </exception> <!-- com.microsoft.playwright.TimeoutError -->
          <reporter-output>
          </reporter-output>
        </test-method> <!-- updateManufacturer -->
        <test-method is-config="true" signature="tearDown(org.testng.ITestResult)[pri:0, instance:com.qa.adminTest.ManufacturersTest@3c7f66c4]" started-at="2024-01-03T17:27:56 IST" name="tearDown" finished-at="2024-01-03T17:27:56 IST" duration-ms="101" status="PASS">
          <params>
            <param index="0">
              <value>
                <![CDATA[[TestResult name=updateManufacturer status=FAILURE method=ManufacturersTest.updateManufacturer()[pri:2, instance:com.qa.adminTest.ManufacturersTest@3c7f66c4] output={null}]]]>
              </value>
            </param>
          </params>
          <reporter-output>
          </reporter-output>
        </test-method> <!-- tearDown -->
        <test-method signature="deleteManufacturer()[pri:3, instance:com.qa.adminTest.ManufacturersTest@3c7f66c4]" started-at="2024-01-03T17:27:56 IST" name="deleteManufacturer" description="Delete Manufacture" finished-at="2024-01-03T17:28:25 IST" duration-ms="28827" status="FAIL">
          <exception class="com.microsoft.playwright.PlaywrightException">
            <message>
              <![CDATA[Error {
  message='Page closed
=========================== logs ===========================
waiting for locator("xpath=//a[text()=\"Catalog\"]")
============================================================
  name='Error
  stack='Error: Page closed
=========================== logs ===========================
waiting for locator("xpath=//a[text()=\"Catalog\"]")
============================================================
    at LongStandingScope._race (C:\Users\DELL\AppData\Local\Temp\playwright-java-1364858498315790910\package\lib\utils\manualPromise.js:96:51)
    at LongStandingScope.race (C:\Users\DELL\AppData\Local\Temp\playwright-java-1364858498315790910\package\lib\utils\manualPromise.js:87:17)
    at C:\Users\DELL\AppData\Local\Temp\playwright-java-1364858498315790910\package\lib\utils\manualPromise.js:84:43
    at Array.map (<anonymous>)
    at LongStandingScope.raceMultiple (C:\Users\DELL\AppData\Local\Temp\playwright-java-1364858498315790910\package\lib\utils\manualPromise.js:84:32)
    at Frame.retryWithProgressAndTimeouts (C:\Users\DELL\AppData\Local\Temp\playwright-java-1364858498315790910\package\lib\server\frames.js:908:40)
    at async C:\Users\DELL\AppData\Local\Temp\playwright-java-1364858498315790910\package\lib\server\frames.js:996:29
    at async ProgressController.run (C:\Users\DELL\AppData\Local\Temp\playwright-java-1364858498315790910\package\lib\server\progress.js:92:22)
    at async FrameDispatcher.click (C:\Users\DELL\AppData\Local\Temp\playwright-java-1364858498315790910\package\lib\server\dispatchers\frameDispatcher.js:154:12)
    at async DispatcherConnection.dispatch (C:\Users\DELL\AppData\Local\Temp\playwright-java-1364858498315790910\package\lib\server\dispatchers\dispatcher.js:346:22)
}]]>
            </message>
            <full-stacktrace>
              <![CDATA[com.microsoft.playwright.PlaywrightException: Error {
  message='Page closed
=========================== logs ===========================
waiting for locator("xpath=//a[text()=\"Catalog\"]")
============================================================
  name='Error
  stack='Error: Page closed
=========================== logs ===========================
waiting for locator("xpath=//a[text()=\"Catalog\"]")
============================================================
    at LongStandingScope._race (C:\Users\DELL\AppData\Local\Temp\playwright-java-1364858498315790910\package\lib\utils\manualPromise.js:96:51)
    at LongStandingScope.race (C:\Users\DELL\AppData\Local\Temp\playwright-java-1364858498315790910\package\lib\utils\manualPromise.js:87:17)
    at C:\Users\DELL\AppData\Local\Temp\playwright-java-1364858498315790910\package\lib\utils\manualPromise.js:84:43
    at Array.map (<anonymous>)
    at LongStandingScope.raceMultiple (C:\Users\DELL\AppData\Local\Temp\playwright-java-1364858498315790910\package\lib\utils\manualPromise.js:84:32)
    at Frame.retryWithProgressAndTimeouts (C:\Users\DELL\AppData\Local\Temp\playwright-java-1364858498315790910\package\lib\server\frames.js:908:40)
    at async C:\Users\DELL\AppData\Local\Temp\playwright-java-1364858498315790910\package\lib\server\frames.js:996:29
    at async ProgressController.run (C:\Users\DELL\AppData\Local\Temp\playwright-java-1364858498315790910\package\lib\server\progress.js:92:22)
    at async FrameDispatcher.click (C:\Users\DELL\AppData\Local\Temp\playwright-java-1364858498315790910\package\lib\server\dispatchers\frameDispatcher.js:154:12)
    at async DispatcherConnection.dispatch (C:\Users\DELL\AppData\Local\Temp\playwright-java-1364858498315790910\package\lib\server\dispatchers\dispatcher.js:346:22)
}
at com.microsoft.playwright.impl.WaitableResult.get(WaitableResult.java:54)
at com.microsoft.playwright.impl.ChannelOwner.runUntil(ChannelOwner.java:120)
at com.microsoft.playwright.impl.Connection.sendMessage(Connection.java:126)
at com.microsoft.playwright.impl.ChannelOwner.sendMessage(ChannelOwner.java:106)
at com.microsoft.playwright.impl.FrameImpl.clickImpl(FrameImpl.java:252)
at com.microsoft.playwright.impl.PageImpl.lambda$click$17(PageImpl.java:577)
at com.microsoft.playwright.impl.LoggingSupport.lambda$withLogging$0(LoggingSupport.java:36)
at com.microsoft.playwright.impl.LoggingSupport.withLogging(LoggingSupport.java:47)
at com.microsoft.playwright.impl.ChannelOwner.withLogging(ChannelOwner.java:89)
at com.microsoft.playwright.impl.LoggingSupport.withLogging(LoggingSupport.java:35)
at com.microsoft.playwright.impl.PageImpl.click(PageImpl.java:576)
at com.microsoft.playwright.Page.click(Page.java:3741)
at com.qa.adminPages.HomePage.clickOnCatalog(HomePage.java:17)
at com.qa.adminTest.ManufacturersTest.deleteManufacturer(ManufacturersTest.java:89)
at java.base/jdk.internal.reflect.NativeMethodAccessorImpl.invoke0(Native Method)
at java.base/jdk.internal.reflect.NativeMethodAccessorImpl.invoke(NativeMethodAccessorImpl.java:77)
at java.base/jdk.internal.reflect.DelegatingMethodAccessorImpl.invoke(DelegatingMethodAccessorImpl.java:43)
at java.base/java.lang.reflect.Method.invoke(Method.java:568)
at org.testng.internal.invokers.MethodInvocationHelper.invokeMethod(MethodInvocationHelper.java:139)
at org.testng.internal.invokers.TestInvoker.invokeMethod(TestInvoker.java:677)
at org.testng.internal.invokers.TestInvoker.invokeTestMethod(TestInvoker.java:221)
at org.testng.internal.invokers.MethodRunner.runInSequence(MethodRunner.java:50)
at org.testng.internal.invokers.TestInvoker$MethodInvocationAgent.invoke(TestInvoker.java:969)
at org.testng.internal.invokers.TestInvoker.invokeTestMethods(TestInvoker.java:194)
at org.testng.internal.invokers.TestMethodWorker.invokeTestMethods(TestMethodWorker.java:148)
at org.testng.internal.invokers.TestMethodWorker.run(TestMethodWorker.java:128)
at java.base/java.util.ArrayList.forEach(ArrayList.java:1511)
at org.testng.TestRunner.privateRun(TestRunner.java:829)
at org.testng.TestRunner.run(TestRunner.java:602)
at org.testng.SuiteRunner.runTest(SuiteRunner.java:437)
at org.testng.SuiteRunner$SuiteWorker.run(SuiteRunner.java:475)
at org.testng.internal.thread.ThreadUtil.lambda$execute$0(ThreadUtil.java:58)
at java.base/java.util.concurrent.FutureTask.run(FutureTask.java:264)
at java.base/java.util.concurrent.ThreadPoolExecutor.runWorker(ThreadPoolExecutor.java:1136)
at java.base/java.util.concurrent.ThreadPoolExecutor$Worker.run(ThreadPoolExecutor.java:635)
at java.base/java.lang.Thread.run(Thread.java:840)
Caused by: com.microsoft.playwright.impl.DriverException: Error {
  message='Page closed
=========================== logs ===========================
waiting for locator("xpath=//a[text()=\"Catalog\"]")
============================================================
  name='Error
  stack='Error: Page closed
=========================== logs ===========================
waiting for locator("xpath=//a[text()=\"Catalog\"]")
============================================================
    at LongStandingScope._race (C:\Users\DELL\AppData\Local\Temp\playwright-java-1364858498315790910\package\lib\utils\manualPromise.js:96:51)
    at LongStandingScope.race (C:\Users\DELL\AppData\Local\Temp\playwright-java-1364858498315790910\package\lib\utils\manualPromise.js:87:17)
    at C:\Users\DELL\AppData\Local\Temp\playwright-java-1364858498315790910\package\lib\utils\manualPromise.js:84:43
    at Array.map (<anonymous>)
    at LongStandingScope.raceMultiple (C:\Users\DELL\AppData\Local\Temp\playwright-java-1364858498315790910\package\lib\utils\manualPromise.js:84:32)
    at Frame.retryWithProgressAndTimeouts (C:\Users\DELL\AppData\Local\Temp\playwright-java-1364858498315790910\package\lib\server\frames.js:908:40)
    at async C:\Users\DELL\AppData\Local\Temp\playwright-java-1364858498315790910\package\lib\server\frames.js:996:29
    at async ProgressController.run (C:\Users\DELL\AppData\Local\Temp\playwright-java-1364858498315790910\package\lib\server\progress.js:92:22)
    at async FrameDispatcher.click (C:\Users\DELL\AppData\Local\Temp\playwright-java-1364858498315790910\package\lib\server\dispatchers\frameDispatcher.js:154:12)
    at async DispatcherConnection.dispatch (C:\Users\DELL\AppData\Local\Temp\playwright-java-1364858498315790910\package\lib\server\dispatchers\dispatcher.js:346:22)
}
at com.microsoft.playwright.impl.Connection.dispatch(Connection.java:226)
at com.microsoft.playwright.impl.Connection.processOneMessage(Connection.java:206)
at com.microsoft.playwright.impl.ChannelOwner.runUntil(ChannelOwner.java:118)
... 34 more
]]>
            </full-stacktrace>
          </exception> <!-- com.microsoft.playwright.PlaywrightException -->
          <reporter-output>
          </reporter-output>
        </test-method> <!-- deleteManufacturer -->
        <test-method is-config="true" signature="tearDown(org.testng.ITestResult)[pri:0, instance:com.qa.adminTest.ManufacturersTest@3c7f66c4]" started-at="2024-01-03T17:28:25 IST" name="tearDown" finished-at="2024-01-03T17:28:25 IST" duration-ms="3" status="PASS">
          <params>
            <param index="0">
              <value>
                <![CDATA[[TestResult name=deleteManufacturer status=FAILURE method=ManufacturersTest.deleteManufacturer()[pri:3, instance:com.qa.adminTest.ManufacturersTest@3c7f66c4] output={null}]]]>
              </value>
            </param>
          </params>
          <reporter-output>
          </reporter-output>
        </test-method> <!-- tearDown -->
        <test-method is-config="true" signature="afterTest()[pri:0, instance:com.qa.adminTest.ManufacturersTest@3c7f66c4]" started-at="2024-01-03T17:28:25 IST" name="afterTest" finished-at="2024-01-03T17:28:25 IST" duration-ms="240" status="PASS">
          <reporter-output>
          </reporter-output>
        </test-method> <!-- afterTest -->
      </class> <!-- com.qa.adminTest.ManufacturersTest -->
    </test> <!-- GCR Shop Manufacturers Test_chrome -->
    <test started-at="2024-01-03T17:26:46 IST" name="GCR Shop Categories Test_chrome" finished-at="2024-01-03T17:28:28 IST" duration-ms="102235">
      <class name="com.qa.adminTest.CategoriesTest">
        <test-method is-config="true" signature="setup(java.lang.String)[pri:0, instance:com.qa.adminTest.CategoriesTest@49049a04]" started-at="2024-01-03T17:26:46 IST" name="setup" finished-at="2024-01-03T17:26:53 IST" duration-ms="7539" status="PASS">
          <params>
            <param index="0">
              <value>
                <![CDATA[chromium]]>
              </value>
            </param>
          </params>
          <reporter-output>
          </reporter-output>
        </test-method> <!-- setup -->
        <test-method is-config="true" signature="beforeCalss()[pri:0, instance:com.qa.adminTest.CategoriesTest@49049a04]" started-at="2024-01-03T17:26:53 IST" name="beforeCalss" finished-at="2024-01-03T17:26:53 IST" duration-ms="4" status="PASS">
          <reporter-output>
          </reporter-output>
        </test-method> <!-- beforeCalss -->
        <test-method signature="createNewCategory()[pri:1, instance:com.qa.adminTest.CategoriesTest@49049a04]" started-at="2024-01-03T17:26:53 IST" name="createNewCategory" description="Add new Category" finished-at="2024-01-03T17:27:25 IST" duration-ms="31851" status="FAIL">
          <exception class="com.microsoft.playwright.TimeoutError">
            <message>
              <![CDATA[Error {
  message='Timeout 30000ms exceeded.
=========================== logs ===========================
waiting for locator("xpath=//a[text()=\"Catalog\"]")
============================================================
  name='TimeoutError
  stack='TimeoutError: Timeout 30000ms exceeded.
=========================== logs ===========================
waiting for locator("xpath=//a[text()=\"Catalog\"]")
============================================================
    at ProgressController.run (C:\Users\DELL\AppData\Local\Temp\playwright-java-1364858498315790910\package\lib\server\progress.js:88:26)
    at Frame.click (C:\Users\DELL\AppData\Local\Temp\playwright-java-1364858498315790910\package\lib\server\frames.js:995:23)
    at FrameDispatcher.click (C:\Users\DELL\AppData\Local\Temp\playwright-java-1364858498315790910\package\lib\server\dispatchers\frameDispatcher.js:154:30)
    at DispatcherConnection.dispatch (C:\Users\DELL\AppData\Local\Temp\playwright-java-1364858498315790910\package\lib\server\dispatchers\dispatcher.js:346:46)
}]]>
            </message>
            <full-stacktrace>
              <![CDATA[com.microsoft.playwright.TimeoutError: Error {
  message='Timeout 30000ms exceeded.
=========================== logs ===========================
waiting for locator("xpath=//a[text()=\"Catalog\"]")
============================================================
  name='TimeoutError
  stack='TimeoutError: Timeout 30000ms exceeded.
=========================== logs ===========================
waiting for locator("xpath=//a[text()=\"Catalog\"]")
============================================================
    at ProgressController.run (C:\Users\DELL\AppData\Local\Temp\playwright-java-1364858498315790910\package\lib\server\progress.js:88:26)
    at Frame.click (C:\Users\DELL\AppData\Local\Temp\playwright-java-1364858498315790910\package\lib\server\frames.js:995:23)
    at FrameDispatcher.click (C:\Users\DELL\AppData\Local\Temp\playwright-java-1364858498315790910\package\lib\server\dispatchers\frameDispatcher.js:154:30)
    at DispatcherConnection.dispatch (C:\Users\DELL\AppData\Local\Temp\playwright-java-1364858498315790910\package\lib\server\dispatchers\dispatcher.js:346:46)
}
at com.microsoft.playwright.impl.WaitableResult.get(WaitableResult.java:52)
at com.microsoft.playwright.impl.ChannelOwner.runUntil(ChannelOwner.java:120)
at com.microsoft.playwright.impl.Connection.sendMessage(Connection.java:126)
at com.microsoft.playwright.impl.ChannelOwner.sendMessage(ChannelOwner.java:106)
at com.microsoft.playwright.impl.FrameImpl.clickImpl(FrameImpl.java:252)
at com.microsoft.playwright.impl.PageImpl.lambda$click$17(PageImpl.java:577)
at com.microsoft.playwright.impl.LoggingSupport.lambda$withLogging$0(LoggingSupport.java:36)
at com.microsoft.playwright.impl.LoggingSupport.withLogging(LoggingSupport.java:47)
at com.microsoft.playwright.impl.ChannelOwner.withLogging(ChannelOwner.java:89)
at com.microsoft.playwright.impl.LoggingSupport.withLogging(LoggingSupport.java:35)
at com.microsoft.playwright.impl.PageImpl.click(PageImpl.java:576)
at com.microsoft.playwright.Page.click(Page.java:3741)
at com.qa.adminPages.HomePage.clickOnCatalog(HomePage.java:17)
at com.qa.adminTest.CategoriesTest.createNewCategory(CategoriesTest.java:40)
at java.base/jdk.internal.reflect.NativeMethodAccessorImpl.invoke0(Native Method)
at java.base/jdk.internal.reflect.NativeMethodAccessorImpl.invoke(NativeMethodAccessorImpl.java:77)
at java.base/jdk.internal.reflect.DelegatingMethodAccessorImpl.invoke(DelegatingMethodAccessorImpl.java:43)
at java.base/java.lang.reflect.Method.invoke(Method.java:568)
at org.testng.internal.invokers.MethodInvocationHelper.invokeMethod(MethodInvocationHelper.java:139)
at org.testng.internal.invokers.TestInvoker.invokeMethod(TestInvoker.java:677)
at org.testng.internal.invokers.TestInvoker.invokeTestMethod(TestInvoker.java:221)
at org.testng.internal.invokers.MethodRunner.runInSequence(MethodRunner.java:50)
at org.testng.internal.invokers.TestInvoker$MethodInvocationAgent.invoke(TestInvoker.java:969)
at org.testng.internal.invokers.TestInvoker.invokeTestMethods(TestInvoker.java:194)
at org.testng.internal.invokers.TestMethodWorker.invokeTestMethods(TestMethodWorker.java:148)
at org.testng.internal.invokers.TestMethodWorker.run(TestMethodWorker.java:128)
at java.base/java.util.ArrayList.forEach(ArrayList.java:1511)
at org.testng.TestRunner.privateRun(TestRunner.java:829)
at org.testng.TestRunner.run(TestRunner.java:602)
at org.testng.SuiteRunner.runTest(SuiteRunner.java:437)
at org.testng.SuiteRunner$SuiteWorker.run(SuiteRunner.java:475)
at org.testng.internal.thread.ThreadUtil.lambda$execute$0(ThreadUtil.java:58)
at java.base/java.util.concurrent.FutureTask.run(FutureTask.java:264)
at java.base/java.util.concurrent.ThreadPoolExecutor.runWorker(ThreadPoolExecutor.java:1136)
at java.base/java.util.concurrent.ThreadPoolExecutor$Worker.run(ThreadPoolExecutor.java:635)
at java.base/java.lang.Thread.run(Thread.java:840)
Caused by: com.microsoft.playwright.TimeoutError: Error {
  message='Timeout 30000ms exceeded.
=========================== logs ===========================
waiting for locator("xpath=//a[text()=\"Catalog\"]")
============================================================
  name='TimeoutError
  stack='TimeoutError: Timeout 30000ms exceeded.
=========================== logs ===========================
waiting for locator("xpath=//a[text()=\"Catalog\"]")
============================================================
    at ProgressController.run (C:\Users\DELL\AppData\Local\Temp\playwright-java-1364858498315790910\package\lib\server\progress.js:88:26)
    at Frame.click (C:\Users\DELL\AppData\Local\Temp\playwright-java-1364858498315790910\package\lib\server\frames.js:995:23)
    at FrameDispatcher.click (C:\Users\DELL\AppData\Local\Temp\playwright-java-1364858498315790910\package\lib\server\dispatchers\frameDispatcher.js:154:30)
    at DispatcherConnection.dispatch (C:\Users\DELL\AppData\Local\Temp\playwright-java-1364858498315790910\package\lib\server\dispatchers\dispatcher.js:346:46)
}
at com.microsoft.playwright.impl.Connection.dispatch(Connection.java:224)
at com.microsoft.playwright.impl.Connection.processOneMessage(Connection.java:206)
at com.microsoft.playwright.impl.ChannelOwner.runUntil(ChannelOwner.java:118)
... 34 more
]]>
            </full-stacktrace>
          </exception> <!-- com.microsoft.playwright.TimeoutError -->
          <reporter-output>
          </reporter-output>
        </test-method> <!-- createNewCategory -->
        <test-method is-config="true" signature="tearDown(org.testng.ITestResult)[pri:0, instance:com.qa.adminTest.CategoriesTest@49049a04]" started-at="2024-01-03T17:27:25 IST" name="tearDown" finished-at="2024-01-03T17:27:25 IST" duration-ms="270" status="PASS">
          <params>
            <param index="0">
              <value>
                <![CDATA[[TestResult name=createNewCategory status=FAILURE method=CategoriesTest.createNewCategory()[pri:1, instance:com.qa.adminTest.CategoriesTest@49049a04] output={null}]]]>
              </value>
            </param>
          </params>
          <reporter-output>
          </reporter-output>
        </test-method> <!-- tearDown -->
        <test-method signature="updateCategory()[pri:2, instance:com.qa.adminTest.CategoriesTest@49049a04]" started-at="2024-01-03T17:27:25 IST" name="updateCategory" description="Update added category" finished-at="2024-01-03T17:27:56 IST" duration-ms="30666" status="FAIL">
          <exception class="com.microsoft.playwright.TimeoutError">
            <message>
              <![CDATA[Error {
  message='Timeout 30000ms exceeded.
=========================== logs ===========================
waiting for locator("xpath=//a[text()=\"Catalog\"]")
============================================================
  name='TimeoutError
  stack='TimeoutError: Timeout 30000ms exceeded.
=========================== logs ===========================
waiting for locator("xpath=//a[text()=\"Catalog\"]")
============================================================
    at ProgressController.run (C:\Users\DELL\AppData\Local\Temp\playwright-java-1364858498315790910\package\lib\server\progress.js:88:26)
    at Frame.click (C:\Users\DELL\AppData\Local\Temp\playwright-java-1364858498315790910\package\lib\server\frames.js:995:23)
    at FrameDispatcher.click (C:\Users\DELL\AppData\Local\Temp\playwright-java-1364858498315790910\package\lib\server\dispatchers\frameDispatcher.js:154:30)
    at DispatcherConnection.dispatch (C:\Users\DELL\AppData\Local\Temp\playwright-java-1364858498315790910\package\lib\server\dispatchers\dispatcher.js:346:46)
}]]>
            </message>
            <full-stacktrace>
              <![CDATA[com.microsoft.playwright.TimeoutError: Error {
  message='Timeout 30000ms exceeded.
=========================== logs ===========================
waiting for locator("xpath=//a[text()=\"Catalog\"]")
============================================================
  name='TimeoutError
  stack='TimeoutError: Timeout 30000ms exceeded.
=========================== logs ===========================
waiting for locator("xpath=//a[text()=\"Catalog\"]")
============================================================
    at ProgressController.run (C:\Users\DELL\AppData\Local\Temp\playwright-java-1364858498315790910\package\lib\server\progress.js:88:26)
    at Frame.click (C:\Users\DELL\AppData\Local\Temp\playwright-java-1364858498315790910\package\lib\server\frames.js:995:23)
    at FrameDispatcher.click (C:\Users\DELL\AppData\Local\Temp\playwright-java-1364858498315790910\package\lib\server\dispatchers\frameDispatcher.js:154:30)
    at DispatcherConnection.dispatch (C:\Users\DELL\AppData\Local\Temp\playwright-java-1364858498315790910\package\lib\server\dispatchers\dispatcher.js:346:46)
}
at com.microsoft.playwright.impl.WaitableResult.get(WaitableResult.java:52)
at com.microsoft.playwright.impl.ChannelOwner.runUntil(ChannelOwner.java:120)
at com.microsoft.playwright.impl.Connection.sendMessage(Connection.java:126)
at com.microsoft.playwright.impl.ChannelOwner.sendMessage(ChannelOwner.java:106)
at com.microsoft.playwright.impl.FrameImpl.clickImpl(FrameImpl.java:252)
at com.microsoft.playwright.impl.PageImpl.lambda$click$17(PageImpl.java:577)
at com.microsoft.playwright.impl.LoggingSupport.lambda$withLogging$0(LoggingSupport.java:36)
at com.microsoft.playwright.impl.LoggingSupport.withLogging(LoggingSupport.java:47)
at com.microsoft.playwright.impl.ChannelOwner.withLogging(ChannelOwner.java:89)
at com.microsoft.playwright.impl.LoggingSupport.withLogging(LoggingSupport.java:35)
at com.microsoft.playwright.impl.PageImpl.click(PageImpl.java:576)
at com.microsoft.playwright.Page.click(Page.java:3741)
at com.qa.adminPages.HomePage.clickOnCatalog(HomePage.java:17)
at com.qa.adminTest.CategoriesTest.updateCategory(CategoriesTest.java:66)
at java.base/jdk.internal.reflect.NativeMethodAccessorImpl.invoke0(Native Method)
at java.base/jdk.internal.reflect.NativeMethodAccessorImpl.invoke(NativeMethodAccessorImpl.java:77)
at java.base/jdk.internal.reflect.DelegatingMethodAccessorImpl.invoke(DelegatingMethodAccessorImpl.java:43)
at java.base/java.lang.reflect.Method.invoke(Method.java:568)
at org.testng.internal.invokers.MethodInvocationHelper.invokeMethod(MethodInvocationHelper.java:139)
at org.testng.internal.invokers.TestInvoker.invokeMethod(TestInvoker.java:677)
at org.testng.internal.invokers.TestInvoker.invokeTestMethod(TestInvoker.java:221)
at org.testng.internal.invokers.MethodRunner.runInSequence(MethodRunner.java:50)
at org.testng.internal.invokers.TestInvoker$MethodInvocationAgent.invoke(TestInvoker.java:969)
at org.testng.internal.invokers.TestInvoker.invokeTestMethods(TestInvoker.java:194)
at org.testng.internal.invokers.TestMethodWorker.invokeTestMethods(TestMethodWorker.java:148)
at org.testng.internal.invokers.TestMethodWorker.run(TestMethodWorker.java:128)
at java.base/java.util.ArrayList.forEach(ArrayList.java:1511)
at org.testng.TestRunner.privateRun(TestRunner.java:829)
at org.testng.TestRunner.run(TestRunner.java:602)
at org.testng.SuiteRunner.runTest(SuiteRunner.java:437)
at org.testng.SuiteRunner$SuiteWorker.run(SuiteRunner.java:475)
at org.testng.internal.thread.ThreadUtil.lambda$execute$0(ThreadUtil.java:58)
at java.base/java.util.concurrent.FutureTask.run(FutureTask.java:264)
at java.base/java.util.concurrent.ThreadPoolExecutor.runWorker(ThreadPoolExecutor.java:1136)
at java.base/java.util.concurrent.ThreadPoolExecutor$Worker.run(ThreadPoolExecutor.java:635)
at java.base/java.lang.Thread.run(Thread.java:840)
Caused by: com.microsoft.playwright.TimeoutError: Error {
  message='Timeout 30000ms exceeded.
=========================== logs ===========================
waiting for locator("xpath=//a[text()=\"Catalog\"]")
============================================================
  name='TimeoutError
  stack='TimeoutError: Timeout 30000ms exceeded.
=========================== logs ===========================
waiting for locator("xpath=//a[text()=\"Catalog\"]")
============================================================
    at ProgressController.run (C:\Users\DELL\AppData\Local\Temp\playwright-java-1364858498315790910\package\lib\server\progress.js:88:26)
    at Frame.click (C:\Users\DELL\AppData\Local\Temp\playwright-java-1364858498315790910\package\lib\server\frames.js:995:23)
    at FrameDispatcher.click (C:\Users\DELL\AppData\Local\Temp\playwright-java-1364858498315790910\package\lib\server\dispatchers\frameDispatcher.js:154:30)
    at DispatcherConnection.dispatch (C:\Users\DELL\AppData\Local\Temp\playwright-java-1364858498315790910\package\lib\server\dispatchers\dispatcher.js:346:46)
}
at com.microsoft.playwright.impl.Connection.dispatch(Connection.java:224)
at com.microsoft.playwright.impl.Connection.processOneMessage(Connection.java:206)
at com.microsoft.playwright.impl.ChannelOwner.runUntil(ChannelOwner.java:118)
... 34 more
]]>
            </full-stacktrace>
          </exception> <!-- com.microsoft.playwright.TimeoutError -->
          <reporter-output>
          </reporter-output>
        </test-method> <!-- updateCategory -->
        <test-method is-config="true" signature="tearDown(org.testng.ITestResult)[pri:0, instance:com.qa.adminTest.CategoriesTest@49049a04]" started-at="2024-01-03T17:27:56 IST" name="tearDown" finished-at="2024-01-03T17:27:56 IST" duration-ms="99" status="PASS">
          <params>
            <param index="0">
              <value>
                <![CDATA[[TestResult name=updateCategory status=FAILURE method=CategoriesTest.updateCategory()[pri:2, instance:com.qa.adminTest.CategoriesTest@49049a04] output={null}]]]>
              </value>
            </param>
          </params>
          <reporter-output>
          </reporter-output>
        </test-method> <!-- tearDown -->
        <test-method signature="deleteCategory()[pri:3, instance:com.qa.adminTest.CategoriesTest@49049a04]" started-at="2024-01-03T17:27:56 IST" name="deleteCategory" description="Delete category" finished-at="2024-01-03T17:28:27 IST" duration-ms="30679" status="FAIL">
          <exception class="com.microsoft.playwright.TimeoutError">
            <message>
              <![CDATA[Error {
  message='Timeout 30000ms exceeded.
=========================== logs ===========================
waiting for locator("xpath=//a[text()=\"Catalog\"]")
============================================================
  name='TimeoutError
  stack='TimeoutError: Timeout 30000ms exceeded.
=========================== logs ===========================
waiting for locator("xpath=//a[text()=\"Catalog\"]")
============================================================
    at ProgressController.run (C:\Users\DELL\AppData\Local\Temp\playwright-java-1364858498315790910\package\lib\server\progress.js:88:26)
    at Frame.click (C:\Users\DELL\AppData\Local\Temp\playwright-java-1364858498315790910\package\lib\server\frames.js:995:23)
    at FrameDispatcher.click (C:\Users\DELL\AppData\Local\Temp\playwright-java-1364858498315790910\package\lib\server\dispatchers\frameDispatcher.js:154:30)
    at DispatcherConnection.dispatch (C:\Users\DELL\AppData\Local\Temp\playwright-java-1364858498315790910\package\lib\server\dispatchers\dispatcher.js:346:46)
}]]>
            </message>
            <full-stacktrace>
              <![CDATA[com.microsoft.playwright.TimeoutError: Error {
  message='Timeout 30000ms exceeded.
=========================== logs ===========================
waiting for locator("xpath=//a[text()=\"Catalog\"]")
============================================================
  name='TimeoutError
  stack='TimeoutError: Timeout 30000ms exceeded.
=========================== logs ===========================
waiting for locator("xpath=//a[text()=\"Catalog\"]")
============================================================
    at ProgressController.run (C:\Users\DELL\AppData\Local\Temp\playwright-java-1364858498315790910\package\lib\server\progress.js:88:26)
    at Frame.click (C:\Users\DELL\AppData\Local\Temp\playwright-java-1364858498315790910\package\lib\server\frames.js:995:23)
    at FrameDispatcher.click (C:\Users\DELL\AppData\Local\Temp\playwright-java-1364858498315790910\package\lib\server\dispatchers\frameDispatcher.js:154:30)
    at DispatcherConnection.dispatch (C:\Users\DELL\AppData\Local\Temp\playwright-java-1364858498315790910\package\lib\server\dispatchers\dispatcher.js:346:46)
}
at com.microsoft.playwright.impl.WaitableResult.get(WaitableResult.java:52)
at com.microsoft.playwright.impl.ChannelOwner.runUntil(ChannelOwner.java:120)
at com.microsoft.playwright.impl.Connection.sendMessage(Connection.java:126)
at com.microsoft.playwright.impl.ChannelOwner.sendMessage(ChannelOwner.java:106)
at com.microsoft.playwright.impl.FrameImpl.clickImpl(FrameImpl.java:252)
at com.microsoft.playwright.impl.PageImpl.lambda$click$17(PageImpl.java:577)
at com.microsoft.playwright.impl.LoggingSupport.lambda$withLogging$0(LoggingSupport.java:36)
at com.microsoft.playwright.impl.LoggingSupport.withLogging(LoggingSupport.java:47)
at com.microsoft.playwright.impl.ChannelOwner.withLogging(ChannelOwner.java:89)
at com.microsoft.playwright.impl.LoggingSupport.withLogging(LoggingSupport.java:35)
at com.microsoft.playwright.impl.PageImpl.click(PageImpl.java:576)
at com.microsoft.playwright.Page.click(Page.java:3741)
at com.qa.adminPages.HomePage.clickOnCatalog(HomePage.java:17)
at com.qa.adminTest.CategoriesTest.deleteCategory(CategoriesTest.java:96)
at java.base/jdk.internal.reflect.NativeMethodAccessorImpl.invoke0(Native Method)
at java.base/jdk.internal.reflect.NativeMethodAccessorImpl.invoke(NativeMethodAccessorImpl.java:77)
at java.base/jdk.internal.reflect.DelegatingMethodAccessorImpl.invoke(DelegatingMethodAccessorImpl.java:43)
at java.base/java.lang.reflect.Method.invoke(Method.java:568)
at org.testng.internal.invokers.MethodInvocationHelper.invokeMethod(MethodInvocationHelper.java:139)
at org.testng.internal.invokers.TestInvoker.invokeMethod(TestInvoker.java:677)
at org.testng.internal.invokers.TestInvoker.invokeTestMethod(TestInvoker.java:221)
at org.testng.internal.invokers.MethodRunner.runInSequence(MethodRunner.java:50)
at org.testng.internal.invokers.TestInvoker$MethodInvocationAgent.invoke(TestInvoker.java:969)
at org.testng.internal.invokers.TestInvoker.invokeTestMethods(TestInvoker.java:194)
at org.testng.internal.invokers.TestMethodWorker.invokeTestMethods(TestMethodWorker.java:148)
at org.testng.internal.invokers.TestMethodWorker.run(TestMethodWorker.java:128)
at java.base/java.util.ArrayList.forEach(ArrayList.java:1511)
at org.testng.TestRunner.privateRun(TestRunner.java:829)
at org.testng.TestRunner.run(TestRunner.java:602)
at org.testng.SuiteRunner.runTest(SuiteRunner.java:437)
at org.testng.SuiteRunner$SuiteWorker.run(SuiteRunner.java:475)
at org.testng.internal.thread.ThreadUtil.lambda$execute$0(ThreadUtil.java:58)
at java.base/java.util.concurrent.FutureTask.run(FutureTask.java:264)
at java.base/java.util.concurrent.ThreadPoolExecutor.runWorker(ThreadPoolExecutor.java:1136)
at java.base/java.util.concurrent.ThreadPoolExecutor$Worker.run(ThreadPoolExecutor.java:635)
at java.base/java.lang.Thread.run(Thread.java:840)
Caused by: com.microsoft.playwright.TimeoutError: Error {
  message='Timeout 30000ms exceeded.
=========================== logs ===========================
waiting for locator("xpath=//a[text()=\"Catalog\"]")
============================================================
  name='TimeoutError
  stack='TimeoutError: Timeout 30000ms exceeded.
=========================== logs ===========================
waiting for locator("xpath=//a[text()=\"Catalog\"]")
============================================================
    at ProgressController.run (C:\Users\DELL\AppData\Local\Temp\playwright-java-1364858498315790910\package\lib\server\progress.js:88:26)
    at Frame.click (C:\Users\DELL\AppData\Local\Temp\playwright-java-1364858498315790910\package\lib\server\frames.js:995:23)
    at FrameDispatcher.click (C:\Users\DELL\AppData\Local\Temp\playwright-java-1364858498315790910\package\lib\server\dispatchers\frameDispatcher.js:154:30)
    at DispatcherConnection.dispatch (C:\Users\DELL\AppData\Local\Temp\playwright-java-1364858498315790910\package\lib\server\dispatchers\dispatcher.js:346:46)
}
at com.microsoft.playwright.impl.Connection.dispatch(Connection.java:224)
at com.microsoft.playwright.impl.Connection.processOneMessage(Connection.java:206)
at com.microsoft.playwright.impl.ChannelOwner.runUntil(ChannelOwner.java:118)
... 34 more
]]>
            </full-stacktrace>
          </exception> <!-- com.microsoft.playwright.TimeoutError -->
          <reporter-output>
          </reporter-output>
        </test-method> <!-- deleteCategory -->
        <test-method is-config="true" signature="tearDown(org.testng.ITestResult)[pri:0, instance:com.qa.adminTest.CategoriesTest@49049a04]" started-at="2024-01-03T17:28:27 IST" name="tearDown" finished-at="2024-01-03T17:28:27 IST" duration-ms="99" status="PASS">
          <params>
            <param index="0">
              <value>
                <![CDATA[[TestResult name=deleteCategory status=FAILURE method=CategoriesTest.deleteCategory()[pri:3, instance:com.qa.adminTest.CategoriesTest@49049a04] output={null}]]]>
              </value>
            </param>
          </params>
          <reporter-output>
          </reporter-output>
        </test-method> <!-- tearDown -->
        <test-method signature="addSubcategoryInCategory()[pri:4, instance:com.qa.adminTest.CategoriesTest@49049a04]" started-at="2024-01-03T17:28:27 IST" name="addSubcategoryInCategory" description="Add new subcategory in category" finished-at="2024-01-03T17:28:28 IST" duration-ms="731" status="FAIL">
          <exception class="com.microsoft.playwright.PlaywrightException">
            <message>
              <![CDATA[Error {
  message='Target closed
=========================== logs ===========================
waiting for locator("xpath=//a[text()=\"Catalog\"]")
============================================================
  name='Error
  stack='Error: Target closed
=========================== logs ===========================
waiting for locator("xpath=//a[text()=\"Catalog\"]")
============================================================
    at C:\Users\DELL\AppData\Local\Temp\playwright-java-1364858498315790910\package\lib\server\chromium\crConnection.js:145:16
    at new Promise (<anonymous>)
    at CRSession.send (C:\Users\DELL\AppData\Local\Temp\playwright-java-1364858498315790910\package\lib\server\chromium\crConnection.js:141:12)
    at CRExecutionContext.evaluateWithArguments (C:\Users\DELL\AppData\Local\Temp\playwright-java-1364858498315790910\package\lib\server\chromium\crExecutionContext.js:78:28)
    at FrameExecutionContext.evaluateWithArguments (C:\Users\DELL\AppData\Local\Temp\playwright-java-1364858498315790910\package\lib\server\javascript.js:61:61)
    at evaluateExpression (C:\Users\DELL\AppData\Local\Temp\playwright-java-1364858498315790910\package\lib\server\javascript.js:241:26)
    at async C:\Users\DELL\AppData\Local\Temp\playwright-java-1364858498315790910\package\lib\server\frames.js:941:22
    at async Frame.retryWithProgressAndTimeouts (C:\Users\DELL\AppData\Local\Temp\playwright-java-1364858498315790910\package\lib\server\frames.js:912:24)
    at async C:\Users\DELL\AppData\Local\Temp\playwright-java-1364858498315790910\package\lib\server\frames.js:996:29
    at async ProgressController.run (C:\Users\DELL\AppData\Local\Temp\playwright-java-1364858498315790910\package\lib\server\progress.js:92:22)
}]]>
            </message>
            <full-stacktrace>
              <![CDATA[com.microsoft.playwright.PlaywrightException: Error {
  message='Target closed
=========================== logs ===========================
waiting for locator("xpath=//a[text()=\"Catalog\"]")
============================================================
  name='Error
  stack='Error: Target closed
=========================== logs ===========================
waiting for locator("xpath=//a[text()=\"Catalog\"]")
============================================================
    at C:\Users\DELL\AppData\Local\Temp\playwright-java-1364858498315790910\package\lib\server\chromium\crConnection.js:145:16
    at new Promise (<anonymous>)
    at CRSession.send (C:\Users\DELL\AppData\Local\Temp\playwright-java-1364858498315790910\package\lib\server\chromium\crConnection.js:141:12)
    at CRExecutionContext.evaluateWithArguments (C:\Users\DELL\AppData\Local\Temp\playwright-java-1364858498315790910\package\lib\server\chromium\crExecutionContext.js:78:28)
    at FrameExecutionContext.evaluateWithArguments (C:\Users\DELL\AppData\Local\Temp\playwright-java-1364858498315790910\package\lib\server\javascript.js:61:61)
    at evaluateExpression (C:\Users\DELL\AppData\Local\Temp\playwright-java-1364858498315790910\package\lib\server\javascript.js:241:26)
    at async C:\Users\DELL\AppData\Local\Temp\playwright-java-1364858498315790910\package\lib\server\frames.js:941:22
    at async Frame.retryWithProgressAndTimeouts (C:\Users\DELL\AppData\Local\Temp\playwright-java-1364858498315790910\package\lib\server\frames.js:912:24)
    at async C:\Users\DELL\AppData\Local\Temp\playwright-java-1364858498315790910\package\lib\server\frames.js:996:29
    at async ProgressController.run (C:\Users\DELL\AppData\Local\Temp\playwright-java-1364858498315790910\package\lib\server\progress.js:92:22)
}
at com.microsoft.playwright.impl.WaitableResult.get(WaitableResult.java:54)
at com.microsoft.playwright.impl.ChannelOwner.runUntil(ChannelOwner.java:120)
at com.microsoft.playwright.impl.Connection.sendMessage(Connection.java:126)
at com.microsoft.playwright.impl.ChannelOwner.sendMessage(ChannelOwner.java:106)
at com.microsoft.playwright.impl.FrameImpl.clickImpl(FrameImpl.java:252)
at com.microsoft.playwright.impl.PageImpl.lambda$click$17(PageImpl.java:577)
at com.microsoft.playwright.impl.LoggingSupport.lambda$withLogging$0(LoggingSupport.java:36)
at com.microsoft.playwright.impl.LoggingSupport.withLogging(LoggingSupport.java:47)
at com.microsoft.playwright.impl.ChannelOwner.withLogging(ChannelOwner.java:89)
at com.microsoft.playwright.impl.LoggingSupport.withLogging(LoggingSupport.java:35)
at com.microsoft.playwright.impl.PageImpl.click(PageImpl.java:576)
at com.microsoft.playwright.Page.click(Page.java:3741)
at com.qa.adminPages.HomePage.clickOnCatalog(HomePage.java:17)
at com.qa.adminTest.CategoriesTest.addSubcategoryInCategory(CategoriesTest.java:125)
at java.base/jdk.internal.reflect.NativeMethodAccessorImpl.invoke0(Native Method)
at java.base/jdk.internal.reflect.NativeMethodAccessorImpl.invoke(NativeMethodAccessorImpl.java:77)
at java.base/jdk.internal.reflect.DelegatingMethodAccessorImpl.invoke(DelegatingMethodAccessorImpl.java:43)
at java.base/java.lang.reflect.Method.invoke(Method.java:568)
at org.testng.internal.invokers.MethodInvocationHelper.invokeMethod(MethodInvocationHelper.java:139)
at org.testng.internal.invokers.TestInvoker.invokeMethod(TestInvoker.java:677)
at org.testng.internal.invokers.TestInvoker.invokeTestMethod(TestInvoker.java:221)
at org.testng.internal.invokers.MethodRunner.runInSequence(MethodRunner.java:50)
at org.testng.internal.invokers.TestInvoker$MethodInvocationAgent.invoke(TestInvoker.java:969)
at org.testng.internal.invokers.TestInvoker.invokeTestMethods(TestInvoker.java:194)
at org.testng.internal.invokers.TestMethodWorker.invokeTestMethods(TestMethodWorker.java:148)
at org.testng.internal.invokers.TestMethodWorker.run(TestMethodWorker.java:128)
at java.base/java.util.ArrayList.forEach(ArrayList.java:1511)
at org.testng.TestRunner.privateRun(TestRunner.java:829)
at org.testng.TestRunner.run(TestRunner.java:602)
at org.testng.SuiteRunner.runTest(SuiteRunner.java:437)
at org.testng.SuiteRunner$SuiteWorker.run(SuiteRunner.java:475)
at org.testng.internal.thread.ThreadUtil.lambda$execute$0(ThreadUtil.java:58)
at java.base/java.util.concurrent.FutureTask.run(FutureTask.java:264)
at java.base/java.util.concurrent.ThreadPoolExecutor.runWorker(ThreadPoolExecutor.java:1136)
at java.base/java.util.concurrent.ThreadPoolExecutor$Worker.run(ThreadPoolExecutor.java:635)
at java.base/java.lang.Thread.run(Thread.java:840)
Caused by: com.microsoft.playwright.impl.DriverException: Error {
  message='Target closed
=========================== logs ===========================
waiting for locator("xpath=//a[text()=\"Catalog\"]")
============================================================
  name='Error
  stack='Error: Target closed
=========================== logs ===========================
waiting for locator("xpath=//a[text()=\"Catalog\"]")
============================================================
    at C:\Users\DELL\AppData\Local\Temp\playwright-java-1364858498315790910\package\lib\server\chromium\crConnection.js:145:16
    at new Promise (<anonymous>)
    at CRSession.send (C:\Users\DELL\AppData\Local\Temp\playwright-java-1364858498315790910\package\lib\server\chromium\crConnection.js:141:12)
    at CRExecutionContext.evaluateWithArguments (C:\Users\DELL\AppData\Local\Temp\playwright-java-1364858498315790910\package\lib\server\chromium\crExecutionContext.js:78:28)
    at FrameExecutionContext.evaluateWithArguments (C:\Users\DELL\AppData\Local\Temp\playwright-java-1364858498315790910\package\lib\server\javascript.js:61:61)
    at evaluateExpression (C:\Users\DELL\AppData\Local\Temp\playwright-java-1364858498315790910\package\lib\server\javascript.js:241:26)
    at async C:\Users\DELL\AppData\Local\Temp\playwright-java-1364858498315790910\package\lib\server\frames.js:941:22
    at async Frame.retryWithProgressAndTimeouts (C:\Users\DELL\AppData\Local\Temp\playwright-java-1364858498315790910\package\lib\server\frames.js:912:24)
    at async C:\Users\DELL\AppData\Local\Temp\playwright-java-1364858498315790910\package\lib\server\frames.js:996:29
    at async ProgressController.run (C:\Users\DELL\AppData\Local\Temp\playwright-java-1364858498315790910\package\lib\server\progress.js:92:22)
}
at com.microsoft.playwright.impl.Connection.dispatch(Connection.java:226)
at com.microsoft.playwright.impl.Connection.processOneMessage(Connection.java:206)
at com.microsoft.playwright.impl.ChannelOwner.runUntil(ChannelOwner.java:118)
... 34 more
]]>
            </full-stacktrace>
          </exception> <!-- com.microsoft.playwright.PlaywrightException -->
          <reporter-output>
          </reporter-output>
        </test-method> <!-- addSubcategoryInCategory -->
        <test-method is-config="true" signature="tearDown(org.testng.ITestResult)[pri:0, instance:com.qa.adminTest.CategoriesTest@49049a04]" started-at="2024-01-03T17:28:28 IST" name="tearDown" finished-at="2024-01-03T17:28:28 IST" duration-ms="2" status="PASS">
          <params>
            <param index="0">
              <value>
                <![CDATA[[TestResult name=addSubcategoryInCategory status=FAILURE method=CategoriesTest.addSubcategoryInCategory()[pri:4, instance:com.qa.adminTest.CategoriesTest@49049a04] output={null}]]]>
              </value>
            </param>
          </params>
          <reporter-output>
          </reporter-output>
        </test-method> <!-- tearDown -->
        <test-method signature="updateSubcategory()[pri:5, instance:com.qa.adminTest.CategoriesTest@49049a04]" started-at="2024-01-03T17:28:28 IST" name="updateSubcategory" description="Update subcategory" finished-at="2024-01-03T17:28:28 IST" duration-ms="1" status="FAIL">
          <exception class="com.microsoft.playwright.PlaywrightException">
            <message>
              <![CDATA[Error {
  message='Target page, context or browser has been closed
  name='Error
  stack='Error: Target page, context or browser has been closed
    at DispatcherConnection.dispatch (C:\Users\DELL\AppData\Local\Temp\playwright-java-1364858498315790910\package\lib\server\dispatchers\dispatcher.js:260:49)
    at transport.onmessage (C:\Users\DELL\AppData\Local\Temp\playwright-java-1364858498315790910\package\lib\cli\driver.js:52:57)
    at Immediate._onImmediate (C:\Users\DELL\AppData\Local\Temp\playwright-java-1364858498315790910\package\lib\protocol\transport.js:77:34)
    at process.processImmediate (node:internal/timers:476:21)
}]]>
            </message>
            <full-stacktrace>
              <![CDATA[com.microsoft.playwright.PlaywrightException: Error {
  message='Target page, context or browser has been closed
  name='Error
  stack='Error: Target page, context or browser has been closed
    at DispatcherConnection.dispatch (C:\Users\DELL\AppData\Local\Temp\playwright-java-1364858498315790910\package\lib\server\dispatchers\dispatcher.js:260:49)
    at transport.onmessage (C:\Users\DELL\AppData\Local\Temp\playwright-java-1364858498315790910\package\lib\cli\driver.js:52:57)
    at Immediate._onImmediate (C:\Users\DELL\AppData\Local\Temp\playwright-java-1364858498315790910\package\lib\protocol\transport.js:77:34)
    at process.processImmediate (node:internal/timers:476:21)
}
at com.microsoft.playwright.impl.WaitableResult.get(WaitableResult.java:54)
at com.microsoft.playwright.impl.ChannelOwner.runUntil(ChannelOwner.java:120)
at com.microsoft.playwright.impl.Connection.sendMessage(Connection.java:126)
at com.microsoft.playwright.impl.ChannelOwner.sendMessage(ChannelOwner.java:106)
at com.microsoft.playwright.impl.FrameImpl.navigateImpl(FrameImpl.java:463)
at com.microsoft.playwright.impl.PageImpl.lambda$navigate$45(PageImpl.java:827)
at com.microsoft.playwright.impl.LoggingSupport.withLogging(LoggingSupport.java:47)
at com.microsoft.playwright.impl.ChannelOwner.withLogging(ChannelOwner.java:89)
at com.microsoft.playwright.impl.PageImpl.navigate(PageImpl.java:827)
at com.microsoft.playwright.impl.PageImpl.navigate(PageImpl.java:42)
at com.microsoft.playwright.Page.navigate(Page.java:5282)
at com.qa.adminPages.AdminLoginPage.goToAdminLoginPage(AdminLoginPage.java:24)
at com.qa.adminTest.CategoriesTest.updateSubcategory(CategoriesTest.java:155)
at java.base/jdk.internal.reflect.NativeMethodAccessorImpl.invoke0(Native Method)
at java.base/jdk.internal.reflect.NativeMethodAccessorImpl.invoke(NativeMethodAccessorImpl.java:77)
at java.base/jdk.internal.reflect.DelegatingMethodAccessorImpl.invoke(DelegatingMethodAccessorImpl.java:43)
at java.base/java.lang.reflect.Method.invoke(Method.java:568)
at org.testng.internal.invokers.MethodInvocationHelper.invokeMethod(MethodInvocationHelper.java:139)
at org.testng.internal.invokers.TestInvoker.invokeMethod(TestInvoker.java:677)
at org.testng.internal.invokers.TestInvoker.invokeTestMethod(TestInvoker.java:221)
at org.testng.internal.invokers.MethodRunner.runInSequence(MethodRunner.java:50)
at org.testng.internal.invokers.TestInvoker$MethodInvocationAgent.invoke(TestInvoker.java:969)
at org.testng.internal.invokers.TestInvoker.invokeTestMethods(TestInvoker.java:194)
at org.testng.internal.invokers.TestMethodWorker.invokeTestMethods(TestMethodWorker.java:148)
at org.testng.internal.invokers.TestMethodWorker.run(TestMethodWorker.java:128)
at java.base/java.util.ArrayList.forEach(ArrayList.java:1511)
at org.testng.TestRunner.privateRun(TestRunner.java:829)
at org.testng.TestRunner.run(TestRunner.java:602)
at org.testng.SuiteRunner.runTest(SuiteRunner.java:437)
at org.testng.SuiteRunner$SuiteWorker.run(SuiteRunner.java:475)
at org.testng.internal.thread.ThreadUtil.lambda$execute$0(ThreadUtil.java:58)
at java.base/java.util.concurrent.FutureTask.run(FutureTask.java:264)
at java.base/java.util.concurrent.ThreadPoolExecutor.runWorker(ThreadPoolExecutor.java:1136)
at java.base/java.util.concurrent.ThreadPoolExecutor$Worker.run(ThreadPoolExecutor.java:635)
at java.base/java.lang.Thread.run(Thread.java:840)
Caused by: com.microsoft.playwright.impl.DriverException: Error {
  message='Target page, context or browser has been closed
  name='Error
  stack='Error: Target page, context or browser has been closed
    at DispatcherConnection.dispatch (C:\Users\DELL\AppData\Local\Temp\playwright-java-1364858498315790910\package\lib\server\dispatchers\dispatcher.js:260:49)
    at transport.onmessage (C:\Users\DELL\AppData\Local\Temp\playwright-java-1364858498315790910\package\lib\cli\driver.js:52:57)
    at Immediate._onImmediate (C:\Users\DELL\AppData\Local\Temp\playwright-java-1364858498315790910\package\lib\protocol\transport.js:77:34)
    at process.processImmediate (node:internal/timers:476:21)
}
at com.microsoft.playwright.impl.Connection.dispatch(Connection.java:226)
at com.microsoft.playwright.impl.Connection.processOneMessage(Connection.java:206)
at com.microsoft.playwright.impl.ChannelOwner.runUntil(ChannelOwner.java:118)
... 33 more
]]>
            </full-stacktrace>
          </exception> <!-- com.microsoft.playwright.PlaywrightException -->
          <reporter-output>
          </reporter-output>
        </test-method> <!-- updateSubcategory -->
        <test-method is-config="true" signature="tearDown(org.testng.ITestResult)[pri:0, instance:com.qa.adminTest.CategoriesTest@49049a04]" started-at="2024-01-03T17:28:28 IST" name="tearDown" finished-at="2024-01-03T17:28:28 IST" duration-ms="1" status="PASS">
          <params>
            <param index="0">
              <value>
                <![CDATA[[TestResult name=updateSubcategory status=FAILURE method=CategoriesTest.updateSubcategory()[pri:5, instance:com.qa.adminTest.CategoriesTest@49049a04] output={null}]]]>
              </value>
            </param>
          </params>
          <reporter-output>
          </reporter-output>
        </test-method> <!-- tearDown -->
        <test-method signature="deleteSubcategory()[pri:6, instance:com.qa.adminTest.CategoriesTest@49049a04]" started-at="2024-01-03T17:28:28 IST" name="deleteSubcategory" description="Delete Category and Subcategory" finished-at="2024-01-03T17:28:28 IST" duration-ms="1" status="FAIL">
          <exception class="com.microsoft.playwright.PlaywrightException">
            <message>
              <![CDATA[Error {
  message='Target page, context or browser has been closed
  name='Error
  stack='Error: Target page, context or browser has been closed
    at DispatcherConnection.dispatch (C:\Users\DELL\AppData\Local\Temp\playwright-java-1364858498315790910\package\lib\server\dispatchers\dispatcher.js:260:49)
    at transport.onmessage (C:\Users\DELL\AppData\Local\Temp\playwright-java-1364858498315790910\package\lib\cli\driver.js:52:57)
    at Immediate._onImmediate (C:\Users\DELL\AppData\Local\Temp\playwright-java-1364858498315790910\package\lib\protocol\transport.js:77:34)
    at process.processImmediate (node:internal/timers:476:21)
}]]>
            </message>
            <full-stacktrace>
              <![CDATA[com.microsoft.playwright.PlaywrightException: Error {
  message='Target page, context or browser has been closed
  name='Error
  stack='Error: Target page, context or browser has been closed
    at DispatcherConnection.dispatch (C:\Users\DELL\AppData\Local\Temp\playwright-java-1364858498315790910\package\lib\server\dispatchers\dispatcher.js:260:49)
    at transport.onmessage (C:\Users\DELL\AppData\Local\Temp\playwright-java-1364858498315790910\package\lib\cli\driver.js:52:57)
    at Immediate._onImmediate (C:\Users\DELL\AppData\Local\Temp\playwright-java-1364858498315790910\package\lib\protocol\transport.js:77:34)
    at process.processImmediate (node:internal/timers:476:21)
}
at com.microsoft.playwright.impl.WaitableResult.get(WaitableResult.java:54)
at com.microsoft.playwright.impl.ChannelOwner.runUntil(ChannelOwner.java:120)
at com.microsoft.playwright.impl.Connection.sendMessage(Connection.java:126)
at com.microsoft.playwright.impl.ChannelOwner.sendMessage(ChannelOwner.java:106)
at com.microsoft.playwright.impl.FrameImpl.navigateImpl(FrameImpl.java:463)
at com.microsoft.playwright.impl.PageImpl.lambda$navigate$45(PageImpl.java:827)
at com.microsoft.playwright.impl.LoggingSupport.withLogging(LoggingSupport.java:47)
at com.microsoft.playwright.impl.ChannelOwner.withLogging(ChannelOwner.java:89)
at com.microsoft.playwright.impl.PageImpl.navigate(PageImpl.java:827)
at com.microsoft.playwright.impl.PageImpl.navigate(PageImpl.java:42)
at com.microsoft.playwright.Page.navigate(Page.java:5282)
at com.qa.adminPages.AdminLoginPage.goToAdminLoginPage(AdminLoginPage.java:24)
at com.qa.adminTest.CategoriesTest.deleteSubcategory(CategoriesTest.java:184)
at java.base/jdk.internal.reflect.NativeMethodAccessorImpl.invoke0(Native Method)
at java.base/jdk.internal.reflect.NativeMethodAccessorImpl.invoke(NativeMethodAccessorImpl.java:77)
at java.base/jdk.internal.reflect.DelegatingMethodAccessorImpl.invoke(DelegatingMethodAccessorImpl.java:43)
at java.base/java.lang.reflect.Method.invoke(Method.java:568)
at org.testng.internal.invokers.MethodInvocationHelper.invokeMethod(MethodInvocationHelper.java:139)
at org.testng.internal.invokers.TestInvoker.invokeMethod(TestInvoker.java:677)
at org.testng.internal.invokers.TestInvoker.invokeTestMethod(TestInvoker.java:221)
at org.testng.internal.invokers.MethodRunner.runInSequence(MethodRunner.java:50)
at org.testng.internal.invokers.TestInvoker$MethodInvocationAgent.invoke(TestInvoker.java:969)
at org.testng.internal.invokers.TestInvoker.invokeTestMethods(TestInvoker.java:194)
at org.testng.internal.invokers.TestMethodWorker.invokeTestMethods(TestMethodWorker.java:148)
at org.testng.internal.invokers.TestMethodWorker.run(TestMethodWorker.java:128)
at java.base/java.util.ArrayList.forEach(ArrayList.java:1511)
at org.testng.TestRunner.privateRun(TestRunner.java:829)
at org.testng.TestRunner.run(TestRunner.java:602)
at org.testng.SuiteRunner.runTest(SuiteRunner.java:437)
at org.testng.SuiteRunner$SuiteWorker.run(SuiteRunner.java:475)
at org.testng.internal.thread.ThreadUtil.lambda$execute$0(ThreadUtil.java:58)
at java.base/java.util.concurrent.FutureTask.run(FutureTask.java:264)
at java.base/java.util.concurrent.ThreadPoolExecutor.runWorker(ThreadPoolExecutor.java:1136)
at java.base/java.util.concurrent.ThreadPoolExecutor$Worker.run(ThreadPoolExecutor.java:635)
at java.base/java.lang.Thread.run(Thread.java:840)
Caused by: com.microsoft.playwright.impl.DriverException: Error {
  message='Target page, context or browser has been closed
  name='Error
  stack='Error: Target page, context or browser has been closed
    at DispatcherConnection.dispatch (C:\Users\DELL\AppData\Local\Temp\playwright-java-1364858498315790910\package\lib\server\dispatchers\dispatcher.js:260:49)
    at transport.onmessage (C:\Users\DELL\AppData\Local\Temp\playwright-java-1364858498315790910\package\lib\cli\driver.js:52:57)
    at Immediate._onImmediate (C:\Users\DELL\AppData\Local\Temp\playwright-java-1364858498315790910\package\lib\protocol\transport.js:77:34)
    at process.processImmediate (node:internal/timers:476:21)
}
at com.microsoft.playwright.impl.Connection.dispatch(Connection.java:226)
at com.microsoft.playwright.impl.Connection.processOneMessage(Connection.java:206)
at com.microsoft.playwright.impl.ChannelOwner.runUntil(ChannelOwner.java:118)
... 33 more
]]>
            </full-stacktrace>
          </exception> <!-- com.microsoft.playwright.PlaywrightException -->
          <reporter-output>
          </reporter-output>
        </test-method> <!-- deleteSubcategory -->
        <test-method is-config="true" signature="tearDown(org.testng.ITestResult)[pri:0, instance:com.qa.adminTest.CategoriesTest@49049a04]" started-at="2024-01-03T17:28:28 IST" name="tearDown" finished-at="2024-01-03T17:28:28 IST" duration-ms="3" status="PASS">
          <params>
            <param index="0">
              <value>
                <![CDATA[[TestResult name=deleteSubcategory status=FAILURE method=CategoriesTest.deleteSubcategory()[pri:6, instance:com.qa.adminTest.CategoriesTest@49049a04] output={null}]]]>
              </value>
            </param>
          </params>
          <reporter-output>
          </reporter-output>
        </test-method> <!-- tearDown -->
        <test-method is-config="true" signature="afterTest()[pri:0, instance:com.qa.adminTest.CategoriesTest@49049a04]" started-at="2024-01-03T17:28:28 IST" name="afterTest" finished-at="2024-01-03T17:28:28 IST" duration-ms="213" status="PASS">
          <reporter-output>
          </reporter-output>
        </test-method> <!-- afterTest -->
      </class> <!-- com.qa.adminTest.CategoriesTest -->
    </test> <!-- GCR Shop Categories Test_chrome -->
  </suite> <!-- GCR Shop Admin test Suite -->
</testng-results>
