<?xml version="1.0" encoding="UTF-8"?>
<testsuite xmlns:xsi="http://www.w3.org/2001/XMLSchema-instance" xsi:noNamespaceSchemaLocation="https://maven.apache.org/surefire/maven-surefire-plugin/xsd/surefire-test-report-3.0.xsd" version="3.0" name="TestSuite" time="174.895" tests="19" errors="0" skipped="0" failures="0">
  <properties>
[...]
</properties>
  <testcase name="login_Test" classname="com.qa.adminTest.AdminLoginTest" time="8.145">
    <system-out><![CDATA[Test Suite started!
login_Test started!
login_Test passed!
]]></system-out>
    <system-err><![CDATA[SLF4J: Failed to load class "org.slf4j.impl.StaticLoggerBinder".
SLF4J: Defaulting to no-operation (NOP) logger implementation
SLF4J: See http://www.slf4j.org/codes.html#StaticLoggerBinder for further details.
]]></system-err>
  </testcase>
  <testcase name="login_With_Invalid_Data" classname="com.qa.adminTest.AdminLoginTest" time="2.374">
    <system-out><![CDATA[login_With_Invalid_Data started!
login_With_Invalid_Data passed!
]]></system-out>
  </testcase>
  <testcase name="add_New_Manufacture" classname="com.qa.adminTest.ManufacturersTest" time="15.706">
    <system-out><![CDATA[add_New_Manufacture started!
add_New_Manufacture passed!
]]></system-out>
  </testcase>
  <testcase name="update_Manufacturer" classname="com.qa.adminTest.ManufacturersTest" time="20.487">
    <system-out><![CDATA[update_Manufacturer started!
update_Manufacturer passed!
]]></system-out>
  </testcase>
  <testcase name="delete_Manufacturer" classname="com.qa.adminTest.ManufacturersTest" time="26.623">
    <system-out><![CDATA[delete_Manufacturer started!
delete_Manufacturer passed!
]]></system-out>
  </testcase>
  <testcase name="create_New_Category" classname="com.qa.adminTest.CategoriesTest" time="4.508">
    <system-out><![CDATA[create_New_Category started!
create_New_Category passed!
]]></system-out>
  </testcase>
  <testcase name="update_Category" classname="com.qa.adminTest.CategoriesTest" time="2.671">
    <system-out><![CDATA[update_Category started!
update_Category passed!
]]></system-out>
  </testcase>
  <testcase name="delete_Category" classname="com.qa.adminTest.CategoriesTest" time="3.25">
    <system-out><![CDATA[delete_Category started!
delete_Category passed!
]]></system-out>
  </testcase>
  <testcase name="add_Subcategory_In_Category" classname="com.qa.adminTest.CategoriesTest" time="6.424">
    <system-out><![CDATA[add_Subcategory_In_Category started!
add_Subcategory_In_Category passed!
]]></system-out>
  </testcase>
  <testcase name="update_Subcategory" classname="com.qa.adminTest.CategoriesTest" time="5.195">
    <system-out><![CDATA[update_Subcategory started!
update_Subcategory passed!
]]></system-out>
  </testcase>
  <testcase name="delete_Subcategory" classname="com.qa.adminTest.CategoriesTest" time="6.609">
    <system-out><![CDATA[delete_Subcategory started!
delete_Subcategory passed!
]]></system-out>
  </testcase>
  <testcase name="add_New_Product" classname="com.qa.adminTest.ProductTest" time="6.91">
    <system-out><![CDATA[add_New_Product started!
add_New_Product passed!
]]></system-out>
  </testcase>
  <testcase name="update_Product" classname="com.qa.adminTest.ProductTest" time="4.769">
    <system-out><![CDATA[update_Product started!
update_Product passed!
]]></system-out>
  </testcase>
  <testcase name="delete_Product" classname="com.qa.adminTest.ProductTest" time="4.141">
    <system-out><![CDATA[delete_Product started!
delete_Product passed!
]]></system-out>
  </testcase>
  <testcase name="add_Product_Under_Catgory" classname="com.qa.adminTest.ProductTest" time="5.426">
    <system-out><![CDATA[add_Product_Under_Catgory started!
add_Product_Under_Catgory passed!
]]></system-out>
  </testcase>
  <testcase name="update_Product_In_Category" classname="com.qa.adminTest.ProductTest" time="4.227">
    <system-out><![CDATA[update_Product_In_Category started!
update_Product_In_Category passed!
]]></system-out>
  </testcase>
  <testcase name="login_Test1" classname="com.qa.userTest.LoginTest" time="2.693">
    <system-out><![CDATA[login_Test1 started!
login_Test1 passed!
]]></system-out>
  </testcase>
  <testcase name="ragister_User" classname="com.qa.userTest.RegisterUser" time="16.314">
    <system-out><![CDATA[ragister_User started!
ragister_User passed!
]]></system-out>
  </testcase>
  <testcase name="buy_Product" classname="com.qa.userTest.BuyProduct" time="13.972">
    <system-out><![CDATA[buy_Product started!
buy_Product passed!
]]></system-out>
  </testcase>
</testsuite>