<?xml version="1.0" encoding="UTF-8"?>
<testng-results ignored="6" total="25" passed="19" failed="0" skipped="0">
  <reporter-output>
  </reporter-output>
  <suite started-at="2024-01-12T11:59:57 IST" name="GCR Shop test Suite" finished-at="2024-01-12T12:02:51 IST" duration-ms="173682">
    <groups>
    </groups>
    <test started-at="2024-01-12T11:59:57 IST" name="GCR Shop Admin Test_chrome" finished-at="2024-01-12T12:02:51 IST" duration-ms="173682">
      <class name="com.qa.adminTest.CategoriesTest">
        <test-method is-config="true" signature="setup(java.lang.String)[pri:0, instance:com.qa.adminTest.CategoriesTest@5505ae1a]" started-at="2024-01-12T12:01:17 IST" name="setup" finished-at="2024-01-12T12:01:19 IST" duration-ms="1314" status="PASS">
          <params>
            <param index="0">
              <value>
                <![CDATA[chromium]]>
              </value>
            </param>
          </params>
          <reporter-output>
          </reporter-output>
        </test-method> <!-- setup -->
        <test-method is-config="true" signature="beforeClass()[pri:0, instance:com.qa.adminTest.CategoriesTest@5505ae1a]" started-at="2024-01-12T12:01:19 IST" name="beforeClass" finished-at="2024-01-12T12:01:19 IST" duration-ms="2" status="PASS">
          <reporter-output>
          </reporter-output>
        </test-method> <!-- beforeClass -->
        <test-method signature="create_New_Category()[pri:1, instance:com.qa.adminTest.CategoriesTest@5505ae1a]" started-at="2024-01-12T12:01:19 IST" name="create_New_Category" description="Add new Category" finished-at="2024-01-12T12:01:23 IST" duration-ms="4509" status="PASS">
          <reporter-output>
          </reporter-output>
        </test-method> <!-- create_New_Category -->
        <test-method signature="update_Category()[pri:2, instance:com.qa.adminTest.CategoriesTest@5505ae1a]" started-at="2024-01-12T12:01:23 IST" name="update_Category" description="Update added category" finished-at="2024-01-12T12:01:26 IST" duration-ms="2668" status="PASS">
          <reporter-output>
          </reporter-output>
        </test-method> <!-- update_Category -->
        <test-method signature="delete_Category()[pri:3, instance:com.qa.adminTest.CategoriesTest@5505ae1a]" started-at="2024-01-12T12:01:26 IST" name="delete_Category" description="Delete category" finished-at="2024-01-12T12:01:29 IST" duration-ms="3249" status="PASS">
          <reporter-output>
          </reporter-output>
        </test-method> <!-- delete_Category -->
        <test-method signature="add_Subcategory_In_Category()[pri:4, instance:com.qa.adminTest.CategoriesTest@5505ae1a]" started-at="2024-01-12T12:01:29 IST" name="add_Subcategory_In_Category" description="Add new subcategory in category" finished-at="2024-01-12T12:01:36 IST" duration-ms="6423" status="PASS">
          <reporter-output>
          </reporter-output>
        </test-method> <!-- add_Subcategory_In_Category -->
        <test-method signature="update_Subcategory()[pri:5, instance:com.qa.adminTest.CategoriesTest@5505ae1a]" started-at="2024-01-12T12:01:36 IST" name="update_Subcategory" description="Update subcategory" finished-at="2024-01-12T12:01:41 IST" duration-ms="5194" status="PASS">
          <reporter-output>
          </reporter-output>
        </test-method> <!-- update_Subcategory -->
        <test-method signature="delete_Subcategory()[pri:6, instance:com.qa.adminTest.CategoriesTest@5505ae1a]" started-at="2024-01-12T12:01:41 IST" name="delete_Subcategory" description="Delete Category and Subcategory" finished-at="2024-01-12T12:01:47 IST" duration-ms="6608" status="PASS">
          <reporter-output>
          </reporter-output>
        </test-method> <!-- delete_Subcategory -->
      </class> <!-- com.qa.adminTest.CategoriesTest -->
      <class name="com.qa.userTest.BuyProduct">
        <test-method is-config="true" signature="setup(java.lang.String)[pri:0, instance:com.qa.userTest.BuyProduct@7a362b6b]" started-at="2024-01-12T12:02:36 IST" name="setup" finished-at="2024-01-12T12:02:37 IST" duration-ms="1077" status="PASS">
          <params>
            <param index="0">
              <value>
                <![CDATA[chromium]]>
              </value>
            </param>
          </params>
          <reporter-output>
          </reporter-output>
        </test-method> <!-- setup -->
        <test-method signature="buy_Product()[pri:1, instance:com.qa.userTest.BuyProduct@7a362b6b]" started-at="2024-01-12T12:02:37 IST" name="buy_Product" description="Place the order" finished-at="2024-01-12T12:02:51 IST" duration-ms="13972" status="PASS">
          <reporter-output>
          </reporter-output>
        </test-method> <!-- buy_Product -->
        <test-method is-config="true" signature="beforeClass()[pri:0, instance:com.qa.userTest.BuyProduct@7a362b6b]" started-at="2024-01-12T12:02:37 IST" name="beforeClass" finished-at="2024-01-12T12:02:37 IST" duration-ms="0" status="PASS">
          <reporter-output>
          </reporter-output>
        </test-method> <!-- beforeClass -->
      </class> <!-- com.qa.userTest.BuyProduct -->
      <class name="com.qa.userTest.RegisterUser">
        <test-method is-config="true" signature="setup(java.lang.String)[pri:0, instance:com.qa.userTest.RegisterUser@2bb3058]" started-at="2024-01-12T12:02:18 IST" name="setup" finished-at="2024-01-12T12:02:19 IST" duration-ms="1432" status="PASS">
          <params>
            <param index="0">
              <value>
                <![CDATA[chromium]]>
              </value>
            </param>
          </params>
          <reporter-output>
          </reporter-output>
        </test-method> <!-- setup -->
        <test-method is-config="true" signature="beforeClass()[pri:0, instance:com.qa.userTest.RegisterUser@2bb3058]" started-at="2024-01-12T12:02:19 IST" name="beforeClass" finished-at="2024-01-12T12:02:19 IST" duration-ms="2" status="PASS">
          <reporter-output>
          </reporter-output>
        </test-method> <!-- beforeClass -->
        <test-method signature="ragister_User()[pri:1, instance:com.qa.userTest.RegisterUser@2bb3058]" started-at="2024-01-12T12:02:19 IST" name="ragister_User" description="New user Registration" finished-at="2024-01-12T12:02:36 IST" duration-ms="16313" status="PASS">
          <reporter-output>
          </reporter-output>
        </test-method> <!-- ragister_User -->
      </class> <!-- com.qa.userTest.RegisterUser -->
      <class name="com.qa.adminTest.ProductTest">
        <test-method is-config="true" signature="setup(java.lang.String)[pri:0, instance:com.qa.adminTest.ProductTest@73cd37c0]" started-at="2024-01-12T12:01:47 IST" name="setup" finished-at="2024-01-12T12:01:49 IST" duration-ms="1091" status="PASS">
          <params>
            <param index="0">
              <value>
                <![CDATA[chromium]]>
              </value>
            </param>
          </params>
          <reporter-output>
          </reporter-output>
        </test-method> <!-- setup -->
        <test-method is-config="true" signature="beforeClass()[pri:0, instance:com.qa.adminTest.ProductTest@73cd37c0]" started-at="2024-01-12T12:01:49 IST" name="beforeClass" finished-at="2024-01-12T12:01:49 IST" duration-ms="1" status="PASS">
          <reporter-output>
          </reporter-output>
        </test-method> <!-- beforeClass -->
        <test-method signature="add_New_Product()[pri:1, instance:com.qa.adminTest.ProductTest@73cd37c0]" started-at="2024-01-12T12:01:49 IST" name="add_New_Product" description="Add new Product" finished-at="2024-01-12T12:01:55 IST" duration-ms="6910" status="PASS">
          <reporter-output>
          </reporter-output>
        </test-method> <!-- add_New_Product -->
        <test-method signature="update_Product()[pri:2, instance:com.qa.adminTest.ProductTest@73cd37c0]" started-at="2024-01-12T12:01:55 IST" name="update_Product" description="Update Product" finished-at="2024-01-12T12:02:00 IST" duration-ms="4769" status="PASS">
          <reporter-output>
          </reporter-output>
        </test-method> <!-- update_Product -->
        <test-method signature="delete_Product()[pri:3, instance:com.qa.adminTest.ProductTest@73cd37c0]" started-at="2024-01-12T12:02:00 IST" name="delete_Product" description="Delete Product" finished-at="2024-01-12T12:02:04 IST" duration-ms="4140" status="PASS">
          <reporter-output>
          </reporter-output>
        </test-method> <!-- delete_Product -->
        <test-method signature="add_Product_Under_Catgory()[pri:4, instance:com.qa.adminTest.ProductTest@73cd37c0]" started-at="2024-01-12T12:02:04 IST" name="add_Product_Under_Catgory" description="Add new Product in Category" finished-at="2024-01-12T12:02:10 IST" duration-ms="5425" status="PASS">
          <reporter-output>
          </reporter-output>
        </test-method> <!-- add_Product_Under_Catgory -->
        <test-method signature="update_Product_In_Category()[pri:5, instance:com.qa.adminTest.ProductTest@73cd37c0]" started-at="2024-01-12T12:02:10 IST" name="update_Product_In_Category" description="Update Product" finished-at="2024-01-12T12:02:14 IST" duration-ms="4227" status="PASS">
          <reporter-output>
          </reporter-output>
        </test-method> <!-- update_Product_In_Category -->
      </class> <!-- com.qa.adminTest.ProductTest -->
      <class name="com.qa.userTest.LoginTest">
        <test-method is-config="true" signature="setup(java.lang.String)[pri:0, instance:com.qa.userTest.LoginTest@21337f7b]" started-at="2024-01-12T12:02:14 IST" name="setup" finished-at="2024-01-12T12:02:15 IST" duration-ms="1330" status="PASS">
          <params>
            <param index="0">
              <value>
                <![CDATA[chromium]]>
              </value>
            </param>
          </params>
          <reporter-output>
          </reporter-output>
        </test-method> <!-- setup -->
        <test-method is-config="true" signature="beforeClass()[pri:0, instance:com.qa.userTest.LoginTest@21337f7b]" started-at="2024-01-12T12:02:15 IST" name="beforeClass" finished-at="2024-01-12T12:02:15 IST" duration-ms="3" status="PASS">
          <reporter-output>
          </reporter-output>
        </test-method> <!-- beforeClass -->
        <test-method signature="login_Test1()[pri:1, instance:com.qa.userTest.LoginTest@21337f7b]" started-at="2024-01-12T12:02:15 IST" name="login_Test1" description="Login with valid Username and Password" finished-at="2024-01-12T12:02:18 IST" duration-ms="2693" status="PASS">
          <reporter-output>
          </reporter-output>
        </test-method> <!-- login_Test1 -->
      </class> <!-- com.qa.userTest.LoginTest -->
      <class name="com.qa.adminTest.ManufacturersTest">
        <test-method is-config="true" signature="setup(java.lang.String)[pri:0, instance:com.qa.adminTest.ManufacturersTest@416c58f5]" started-at="2024-01-12T12:00:13 IST" name="setup" finished-at="2024-01-12T12:00:15 IST" duration-ms="1228" status="PASS">
          <params>
            <param index="0">
              <value>
                <![CDATA[chromium]]>
              </value>
            </param>
          </params>
          <reporter-output>
          </reporter-output>
        </test-method> <!-- setup -->
        <test-method is-config="true" signature="beforeClass()[pri:0, instance:com.qa.adminTest.ManufacturersTest@416c58f5]" started-at="2024-01-12T12:00:15 IST" name="beforeClass" finished-at="2024-01-12T12:00:15 IST" duration-ms="3" status="PASS">
          <reporter-output>
          </reporter-output>
        </test-method> <!-- beforeClass -->
        <test-method signature="add_New_Manufacture()[pri:1, instance:com.qa.adminTest.ManufacturersTest@416c58f5]" started-at="2024-01-12T12:00:15 IST" name="add_New_Manufacture" description="Add new Manufacture" finished-at="2024-01-12T12:00:30 IST" duration-ms="15705" status="PASS">
          <reporter-output>
          </reporter-output>
        </test-method> <!-- add_New_Manufacture -->
        <test-method signature="update_Manufacturer()[pri:2, instance:com.qa.adminTest.ManufacturersTest@416c58f5]" started-at="2024-01-12T12:00:30 IST" name="update_Manufacturer" description="Update Manufacture" finished-at="2024-01-12T12:00:51 IST" duration-ms="20487" status="PASS">
          <reporter-output>
          </reporter-output>
        </test-method> <!-- update_Manufacturer -->
        <test-method signature="delete_Manufacturer()[pri:3, instance:com.qa.adminTest.ManufacturersTest@416c58f5]" started-at="2024-01-12T12:00:51 IST" name="delete_Manufacturer" description="Delete Manufacture" finished-at="2024-01-12T12:01:17 IST" duration-ms="26621" status="PASS">
          <reporter-output>
          </reporter-output>
        </test-method> <!-- delete_Manufacturer -->
      </class> <!-- com.qa.adminTest.ManufacturersTest -->
      <class name="com.qa.adminTest.AdminLoginTest">
        <test-method is-config="true" signature="setup(java.lang.String)[pri:0, instance:com.qa.adminTest.AdminLoginTest@2f67b837]" started-at="2024-01-12T11:59:57 IST" name="setup" finished-at="2024-01-12T12:00:03 IST" duration-ms="5422" status="PASS">
          <params>
            <param index="0">
              <value>
                <![CDATA[chromium]]>
              </value>
            </param>
          </params>
          <reporter-output>
          </reporter-output>
        </test-method> <!-- setup -->
        <test-method is-config="true" signature="beforeClass()[pri:0, instance:com.qa.adminTest.AdminLoginTest@2f67b837]" started-at="2024-01-12T12:00:03 IST" name="beforeClass" finished-at="2024-01-12T12:00:03 IST" duration-ms="1" status="PASS">
          <reporter-output>
          </reporter-output>
        </test-method> <!-- beforeClass -->
        <test-method signature="login_Test()[pri:1, instance:com.qa.adminTest.AdminLoginTest@2f67b837]" started-at="2024-01-12T12:00:03 IST" name="login_Test" description="Login With Valid Data" finished-at="2024-01-12T12:00:11 IST" duration-ms="8143" status="PASS">
          <reporter-output>
          </reporter-output>
        </test-method> <!-- login_Test -->
        <test-method signature="login_With_Invalid_Data()[pri:2, instance:com.qa.adminTest.AdminLoginTest@2f67b837]" started-at="2024-01-12T12:00:11 IST" name="login_With_Invalid_Data" description="Login With Invalid Data" finished-at="2024-01-12T12:00:13 IST" duration-ms="2376" status="PASS">
          <reporter-output>
          </reporter-output>
        </test-method> <!-- login_With_Invalid_Data -->
        <test-method is-config="true" signature="tearDown()[pri:0, instance:com.qa.adminTest.AdminLoginTest@2f67b837]" started-at="2024-01-12T12:02:51 IST" name="tearDown" finished-at="2024-01-12T12:02:51 IST" duration-ms="268" status="PASS">
          <reporter-output>
          </reporter-output>
        </test-method> <!-- tearDown -->
      </class> <!-- com.qa.adminTest.AdminLoginTest -->
    </test> <!-- GCR Shop Admin Test_chrome -->
  </suite> <!-- GCR Shop test Suite -->
</testng-results>
