<?xml version="1.0" encoding="UTF-8"?>
<testsuite xmlns:xsi="http://www.w3.org/2001/XMLSchema-instance" xsi:noNamespaceSchemaLocation="https://maven.apache.org/surefire/maven-surefire-plugin/xsd/surefire-test-report-3.0.xsd" version="3.0" name="TestSuite" time="103.155" tests="13" errors="0" skipped="0" failures="13">
  <properties>
[...]
</properties>
  <testcase name="loginTest" classname="com.qa.adminTest.AdminLoginTest" time="1.667">
    <failure message="expected [true] but found [false]" type="java.lang.AssertionError"><![CDATA[java.lang.AssertionError: expected [true] but found [false]
	at org.testng.Assert.fail(Assert.java:110)
	at org.testng.Assert.failNotEquals(Assert.java:1577)
	at org.testng.Assert.assertTrue(Assert.java:56)
	at org.testng.Assert.assertTrue(Assert.java:66)
	at com.qa.adminTest.AdminLoginTest.loginTest(AdminLoginTest.java:38)
	at java.base/jdk.internal.reflect.NativeMethodAccessorImpl.invoke0(Native Method)
	at java.base/jdk.internal.reflect.NativeMethodAccessorImpl.invoke(NativeMethodAccessorImpl.java:77)
	at java.base/jdk.internal.reflect.DelegatingMethodAccessorImpl.invoke(DelegatingMethodAccessorImpl.java:43)
	at java.base/java.lang.reflect.Method.invoke(Method.java:568)
	at org.testng.internal.invokers.MethodInvocationHelper.invokeMethod(MethodInvocationHelper.java:139)
	at org.testng.internal.invokers.TestInvoker.invokeMethod(TestInvoker.java:677)
	at org.testng.internal.invokers.TestInvoker.invokeTestMethod(TestInvoker.java:221)
	at org.testng.internal.invokers.MethodRunner.runInSequence(MethodRunner.java:50)
	at org.testng.internal.invokers.TestInvoker$MethodInvocationAgent.invoke(TestInvoker.java:969)
	at org.testng.internal.invokers.TestInvoker.invokeTestMethods(TestInvoker.java:194)
	at org.testng.internal.invokers.TestMethodWorker.invokeTestMethods(TestMethodWorker.java:148)
	at org.testng.internal.invokers.TestMethodWorker.run(TestMethodWorker.java:128)
	at java.base/java.util.ArrayList.forEach(ArrayList.java:1511)
	at org.testng.TestRunner.privateRun(TestRunner.java:829)
	at org.testng.TestRunner.run(TestRunner.java:602)
	at org.testng.SuiteRunner.runTest(SuiteRunner.java:437)
	at org.testng.SuiteRunner$SuiteWorker.run(SuiteRunner.java:475)
	at org.testng.internal.thread.ThreadUtil.lambda$execute$0(ThreadUtil.java:58)
	at java.base/java.util.concurrent.FutureTask.run(FutureTask.java:264)
	at java.base/java.util.concurrent.ThreadPoolExecutor.runWorker(ThreadPoolExecutor.java:1136)
	at java.base/java.util.concurrent.ThreadPoolExecutor$Worker.run(ThreadPoolExecutor.java:635)
	at java.base/java.lang.Thread.run(Thread.java:840)
]]></failure>
    <system-out><![CDATA[...
... TestNG 7.7.1 by Cédric Beust (cedric@beust.com)
...

]]></system-out>
    <system-err><![CDATA[SLF4J: Failed to load class "org.slf4j.impl.StaticLoggerBinder".
SLF4J: Defaulting to no-operation (NOP) logger implementation
SLF4J: See http://www.slf4j.org/codes.html#StaticLoggerBinder for further details.
]]></system-err>
  </testcase>
  <testcase name="loginWithInvalidData" classname="com.qa.adminTest.AdminLoginTest" time="0.62">
    <failure message="expected [ Error: Invalid administrator login attempt.] but found [ Error: The maximum number of login attempts has been reached. Please try again in 5 minutes.]" type="java.lang.AssertionError"><![CDATA[java.lang.AssertionError: expected [ Error: Invalid administrator login attempt.] but found [ Error: The maximum number of login attempts has been reached. Please try again in 5 minutes.]
	at org.testng.Assert.fail(Assert.java:110)
	at org.testng.Assert.failNotEquals(Assert.java:1577)
	at org.testng.Assert.assertEqualsImpl(Assert.java:149)
	at org.testng.Assert.assertEquals(Assert.java:131)
	at org.testng.Assert.assertEquals(Assert.java:655)
	at org.testng.Assert.assertEquals(Assert.java:665)
	at com.qa.adminTest.AdminLoginTest.loginWithInvalidData(AdminLoginTest.java:64)
	at java.base/jdk.internal.reflect.NativeMethodAccessorImpl.invoke0(Native Method)
	at java.base/jdk.internal.reflect.NativeMethodAccessorImpl.invoke(NativeMethodAccessorImpl.java:77)
	at java.base/jdk.internal.reflect.DelegatingMethodAccessorImpl.invoke(DelegatingMethodAccessorImpl.java:43)
	at java.base/java.lang.reflect.Method.invoke(Method.java:568)
	at org.testng.internal.invokers.MethodInvocationHelper.invokeMethod(MethodInvocationHelper.java:139)
	at org.testng.internal.invokers.TestInvoker.invokeMethod(TestInvoker.java:677)
	at org.testng.internal.invokers.TestInvoker.invokeTestMethod(TestInvoker.java:221)
	at org.testng.internal.invokers.MethodRunner.runInSequence(MethodRunner.java:50)
	at org.testng.internal.invokers.TestInvoker$MethodInvocationAgent.invoke(TestInvoker.java:969)
	at org.testng.internal.invokers.TestInvoker.invokeTestMethods(TestInvoker.java:194)
	at org.testng.internal.invokers.TestMethodWorker.invokeTestMethods(TestMethodWorker.java:148)
	at org.testng.internal.invokers.TestMethodWorker.run(TestMethodWorker.java:128)
	at java.base/java.util.ArrayList.forEach(ArrayList.java:1511)
	at org.testng.TestRunner.privateRun(TestRunner.java:829)
	at org.testng.TestRunner.run(TestRunner.java:602)
	at org.testng.SuiteRunner.runTest(SuiteRunner.java:437)
	at org.testng.SuiteRunner$SuiteWorker.run(SuiteRunner.java:475)
	at org.testng.internal.thread.ThreadUtil.lambda$execute$0(ThreadUtil.java:58)
	at java.base/java.util.concurrent.FutureTask.run(FutureTask.java:264)
	at java.base/java.util.concurrent.ThreadPoolExecutor.runWorker(ThreadPoolExecutor.java:1136)
	at java.base/java.util.concurrent.ThreadPoolExecutor$Worker.run(ThreadPoolExecutor.java:635)
	at java.base/java.lang.Thread.run(Thread.java:840)
]]></failure>
  </testcase>
  <testcase name="addNewManufacture" classname="com.qa.adminTest.ManufacturersTest" time="29.608">
    <failure message="Error {&#10;  message=&apos;Timeout 30000ms exceeded.&#10;=========================== logs ===========================&#10;waiting for locator(&quot;xpath=//a[text()=\&quot;Catalog\&quot;]&quot;)&#10;============================================================&#10;  name=&apos;TimeoutError&#10;  stack=&apos;TimeoutError: Timeout 30000ms exceeded.&#10;=========================== logs ===========================&#10;waiting for locator(&quot;xpath=//a[text()=\&quot;Catalog\&quot;]&quot;)&#10;============================================================&#10;    at ProgressController.run (C:\Users\DELL\AppData\Local\Temp\playwright-java-1364858498315790910\package\lib\server\progress.js:88:26)&#10;    at Frame.click (C:\Users\DELL\AppData\Local\Temp\playwright-java-1364858498315790910\package\lib\server\frames.js:995:23)&#10;    at FrameDispatcher.click (C:\Users\DELL\AppData\Local\Temp\playwright-java-1364858498315790910\package\lib\server\dispatchers\frameDispatcher.js:154:30)&#10;    at DispatcherConnection.dispatch (C:\Users\DELL\AppData\Local\Temp\playwright-java-1364858498315790910\package\lib\server\dispatchers\dispatcher.js:346:46)&#10;}" type="com.microsoft.playwright.TimeoutError"><![CDATA[com.microsoft.playwright.TimeoutError: 
Error {
  message='Timeout 30000ms exceeded.
=========================== logs ===========================
waiting for locator("xpath=//a[text()=\"Catalog\"]")
============================================================
  name='TimeoutError
  stack='TimeoutError: Timeout 30000ms exceeded.
=========================== logs ===========================
waiting for locator("xpath=//a[text()=\"Catalog\"]")
============================================================
    at ProgressController.run (C:\Users\DELL\AppData\Local\Temp\playwright-java-1364858498315790910\package\lib\server\progress.js:88:26)
    at Frame.click (C:\Users\DELL\AppData\Local\Temp\playwright-java-1364858498315790910\package\lib\server\frames.js:995:23)
    at FrameDispatcher.click (C:\Users\DELL\AppData\Local\Temp\playwright-java-1364858498315790910\package\lib\server\dispatchers\frameDispatcher.js:154:30)
    at DispatcherConnection.dispatch (C:\Users\DELL\AppData\Local\Temp\playwright-java-1364858498315790910\package\lib\server\dispatchers\dispatcher.js:346:46)
}
	at com.microsoft.playwright.impl.WaitableResult.get(WaitableResult.java:52)
	at com.microsoft.playwright.impl.ChannelOwner.runUntil(ChannelOwner.java:120)
	at com.microsoft.playwright.impl.Connection.sendMessage(Connection.java:126)
	at com.microsoft.playwright.impl.ChannelOwner.sendMessage(ChannelOwner.java:106)
	at com.microsoft.playwright.impl.FrameImpl.clickImpl(FrameImpl.java:252)
	at com.microsoft.playwright.impl.PageImpl.lambda$click$17(PageImpl.java:577)
	at com.microsoft.playwright.impl.LoggingSupport.lambda$withLogging$0(LoggingSupport.java:36)
	at com.microsoft.playwright.impl.LoggingSupport.withLogging(LoggingSupport.java:47)
	at com.microsoft.playwright.impl.ChannelOwner.withLogging(ChannelOwner.java:89)
	at com.microsoft.playwright.impl.LoggingSupport.withLogging(LoggingSupport.java:35)
	at com.microsoft.playwright.impl.PageImpl.click(PageImpl.java:576)
	at com.microsoft.playwright.Page.click(Page.java:3741)
	at com.qa.adminPages.HomePage.clickOnCatalog(HomePage.java:17)
	at com.qa.adminTest.ManufacturersTest.addNewManufacture(ManufacturersTest.java:36)
	at java.base/jdk.internal.reflect.NativeMethodAccessorImpl.invoke0(Native Method)
	at java.base/jdk.internal.reflect.NativeMethodAccessorImpl.invoke(NativeMethodAccessorImpl.java:77)
	at java.base/jdk.internal.reflect.DelegatingMethodAccessorImpl.invoke(DelegatingMethodAccessorImpl.java:43)
	at java.base/java.lang.reflect.Method.invoke(Method.java:568)
	at org.testng.internal.invokers.MethodInvocationHelper.invokeMethod(MethodInvocationHelper.java:139)
	at org.testng.internal.invokers.TestInvoker.invokeMethod(TestInvoker.java:677)
	at org.testng.internal.invokers.TestInvoker.invokeTestMethod(TestInvoker.java:221)
	at org.testng.internal.invokers.MethodRunner.runInSequence(MethodRunner.java:50)
	at org.testng.internal.invokers.TestInvoker$MethodInvocationAgent.invoke(TestInvoker.java:969)
	at org.testng.internal.invokers.TestInvoker.invokeTestMethods(TestInvoker.java:194)
	at org.testng.internal.invokers.TestMethodWorker.invokeTestMethods(TestMethodWorker.java:148)
	at org.testng.internal.invokers.TestMethodWorker.run(TestMethodWorker.java:128)
	at java.base/java.util.ArrayList.forEach(ArrayList.java:1511)
	at org.testng.TestRunner.privateRun(TestRunner.java:829)
	at org.testng.TestRunner.run(TestRunner.java:602)
	at org.testng.SuiteRunner.runTest(SuiteRunner.java:437)
	at org.testng.SuiteRunner$SuiteWorker.run(SuiteRunner.java:475)
	at org.testng.internal.thread.ThreadUtil.lambda$execute$0(ThreadUtil.java:58)
	at java.base/java.util.concurrent.FutureTask.run(FutureTask.java:264)
	at java.base/java.util.concurrent.ThreadPoolExecutor.runWorker(ThreadPoolExecutor.java:1136)
	at java.base/java.util.concurrent.ThreadPoolExecutor$Worker.run(ThreadPoolExecutor.java:635)
	at java.base/java.lang.Thread.run(Thread.java:840)
Caused by: com.microsoft.playwright.TimeoutError: Error {
  message='Timeout 30000ms exceeded.
=========================== logs ===========================
waiting for locator("xpath=//a[text()=\"Catalog\"]")
============================================================
  name='TimeoutError
  stack='TimeoutError: Timeout 30000ms exceeded.
=========================== logs ===========================
waiting for locator("xpath=//a[text()=\"Catalog\"]")
============================================================
    at ProgressController.run (C:\Users\DELL\AppData\Local\Temp\playwright-java-1364858498315790910\package\lib\server\progress.js:88:26)
    at Frame.click (C:\Users\DELL\AppData\Local\Temp\playwright-java-1364858498315790910\package\lib\server\frames.js:995:23)
    at FrameDispatcher.click (C:\Users\DELL\AppData\Local\Temp\playwright-java-1364858498315790910\package\lib\server\dispatchers\frameDispatcher.js:154:30)
    at DispatcherConnection.dispatch (C:\Users\DELL\AppData\Local\Temp\playwright-java-1364858498315790910\package\lib\server\dispatchers\dispatcher.js:346:46)
}
	at com.microsoft.playwright.impl.Connection.dispatch(Connection.java:224)
	at com.microsoft.playwright.impl.Connection.processOneMessage(Connection.java:206)
	at com.microsoft.playwright.impl.ChannelOwner.runUntil(ChannelOwner.java:118)
	... 34 more
]]></failure>
  </testcase>
  <testcase name="updateManufacturer" classname="com.qa.adminTest.ManufacturersTest" time="30.468">
    <failure message="Error {&#10;  message=&apos;Timeout 30000ms exceeded.&#10;=========================== logs ===========================&#10;waiting for locator(&quot;xpath=//a[text()=\&quot;Catalog\&quot;]&quot;)&#10;============================================================&#10;  name=&apos;TimeoutError&#10;  stack=&apos;TimeoutError: Timeout 30000ms exceeded.&#10;=========================== logs ===========================&#10;waiting for locator(&quot;xpath=//a[text()=\&quot;Catalog\&quot;]&quot;)&#10;============================================================&#10;    at ProgressController.run (C:\Users\DELL\AppData\Local\Temp\playwright-java-1364858498315790910\package\lib\server\progress.js:88:26)&#10;    at Frame.click (C:\Users\DELL\AppData\Local\Temp\playwright-java-1364858498315790910\package\lib\server\frames.js:995:23)&#10;    at FrameDispatcher.click (C:\Users\DELL\AppData\Local\Temp\playwright-java-1364858498315790910\package\lib\server\dispatchers\frameDispatcher.js:154:30)&#10;    at DispatcherConnection.dispatch (C:\Users\DELL\AppData\Local\Temp\playwright-java-1364858498315790910\package\lib\server\dispatchers\dispatcher.js:346:46)&#10;}" type="com.microsoft.playwright.TimeoutError"><![CDATA[com.microsoft.playwright.TimeoutError: 
Error {
  message='Timeout 30000ms exceeded.
=========================== logs ===========================
waiting for locator("xpath=//a[text()=\"Catalog\"]")
============================================================
  name='TimeoutError
  stack='TimeoutError: Timeout 30000ms exceeded.
=========================== logs ===========================
waiting for locator("xpath=//a[text()=\"Catalog\"]")
============================================================
    at ProgressController.run (C:\Users\DELL\AppData\Local\Temp\playwright-java-1364858498315790910\package\lib\server\progress.js:88:26)
    at Frame.click (C:\Users\DELL\AppData\Local\Temp\playwright-java-1364858498315790910\package\lib\server\frames.js:995:23)
    at FrameDispatcher.click (C:\Users\DELL\AppData\Local\Temp\playwright-java-1364858498315790910\package\lib\server\dispatchers\frameDispatcher.js:154:30)
    at DispatcherConnection.dispatch (C:\Users\DELL\AppData\Local\Temp\playwright-java-1364858498315790910\package\lib\server\dispatchers\dispatcher.js:346:46)
}
	at com.microsoft.playwright.impl.WaitableResult.get(WaitableResult.java:52)
	at com.microsoft.playwright.impl.ChannelOwner.runUntil(ChannelOwner.java:120)
	at com.microsoft.playwright.impl.Connection.sendMessage(Connection.java:126)
	at com.microsoft.playwright.impl.ChannelOwner.sendMessage(ChannelOwner.java:106)
	at com.microsoft.playwright.impl.FrameImpl.clickImpl(FrameImpl.java:252)
	at com.microsoft.playwright.impl.PageImpl.lambda$click$17(PageImpl.java:577)
	at com.microsoft.playwright.impl.LoggingSupport.lambda$withLogging$0(LoggingSupport.java:36)
	at com.microsoft.playwright.impl.LoggingSupport.withLogging(LoggingSupport.java:47)
	at com.microsoft.playwright.impl.ChannelOwner.withLogging(ChannelOwner.java:89)
	at com.microsoft.playwright.impl.LoggingSupport.withLogging(LoggingSupport.java:35)
	at com.microsoft.playwright.impl.PageImpl.click(PageImpl.java:576)
	at com.microsoft.playwright.Page.click(Page.java:3741)
	at com.qa.adminPages.HomePage.clickOnCatalog(HomePage.java:17)
	at com.qa.adminTest.ManufacturersTest.updateManufacturer(ManufacturersTest.java:60)
	at java.base/jdk.internal.reflect.NativeMethodAccessorImpl.invoke0(Native Method)
	at java.base/jdk.internal.reflect.NativeMethodAccessorImpl.invoke(NativeMethodAccessorImpl.java:77)
	at java.base/jdk.internal.reflect.DelegatingMethodAccessorImpl.invoke(DelegatingMethodAccessorImpl.java:43)
	at java.base/java.lang.reflect.Method.invoke(Method.java:568)
	at org.testng.internal.invokers.MethodInvocationHelper.invokeMethod(MethodInvocationHelper.java:139)
	at org.testng.internal.invokers.TestInvoker.invokeMethod(TestInvoker.java:677)
	at org.testng.internal.invokers.TestInvoker.invokeTestMethod(TestInvoker.java:221)
	at org.testng.internal.invokers.MethodRunner.runInSequence(MethodRunner.java:50)
	at org.testng.internal.invokers.TestInvoker$MethodInvocationAgent.invoke(TestInvoker.java:969)
	at org.testng.internal.invokers.TestInvoker.invokeTestMethods(TestInvoker.java:194)
	at org.testng.internal.invokers.TestMethodWorker.invokeTestMethods(TestMethodWorker.java:148)
	at org.testng.internal.invokers.TestMethodWorker.run(TestMethodWorker.java:128)
	at java.base/java.util.ArrayList.forEach(ArrayList.java:1511)
	at org.testng.TestRunner.privateRun(TestRunner.java:829)
	at org.testng.TestRunner.run(TestRunner.java:602)
	at org.testng.SuiteRunner.runTest(SuiteRunner.java:437)
	at org.testng.SuiteRunner$SuiteWorker.run(SuiteRunner.java:475)
	at org.testng.internal.thread.ThreadUtil.lambda$execute$0(ThreadUtil.java:58)
	at java.base/java.util.concurrent.FutureTask.run(FutureTask.java:264)
	at java.base/java.util.concurrent.ThreadPoolExecutor.runWorker(ThreadPoolExecutor.java:1136)
	at java.base/java.util.concurrent.ThreadPoolExecutor$Worker.run(ThreadPoolExecutor.java:635)
	at java.base/java.lang.Thread.run(Thread.java:840)
Caused by: com.microsoft.playwright.TimeoutError: Error {
  message='Timeout 30000ms exceeded.
=========================== logs ===========================
waiting for locator("xpath=//a[text()=\"Catalog\"]")
============================================================
  name='TimeoutError
  stack='TimeoutError: Timeout 30000ms exceeded.
=========================== logs ===========================
waiting for locator("xpath=//a[text()=\"Catalog\"]")
============================================================
    at ProgressController.run (C:\Users\DELL\AppData\Local\Temp\playwright-java-1364858498315790910\package\lib\server\progress.js:88:26)
    at Frame.click (C:\Users\DELL\AppData\Local\Temp\playwright-java-1364858498315790910\package\lib\server\frames.js:995:23)
    at FrameDispatcher.click (C:\Users\DELL\AppData\Local\Temp\playwright-java-1364858498315790910\package\lib\server\dispatchers\frameDispatcher.js:154:30)
    at DispatcherConnection.dispatch (C:\Users\DELL\AppData\Local\Temp\playwright-java-1364858498315790910\package\lib\server\dispatchers\dispatcher.js:346:46)
}
	at com.microsoft.playwright.impl.Connection.dispatch(Connection.java:224)
	at com.microsoft.playwright.impl.Connection.processOneMessage(Connection.java:206)
	at com.microsoft.playwright.impl.ChannelOwner.runUntil(ChannelOwner.java:118)
	... 34 more
]]></failure>
  </testcase>
  <testcase name="deleteManufacturer" classname="com.qa.adminTest.ManufacturersTest" time="28.674">
    <failure message="Error {&#10;  message=&apos;Page closed&#10;=========================== logs ===========================&#10;waiting for locator(&quot;xpath=//a[text()=\&quot;Catalog\&quot;]&quot;)&#10;============================================================&#10;  name=&apos;Error&#10;  stack=&apos;Error: Page closed&#10;=========================== logs ===========================&#10;waiting for locator(&quot;xpath=//a[text()=\&quot;Catalog\&quot;]&quot;)&#10;============================================================&#10;    at LongStandingScope._race (C:\Users\DELL\AppData\Local\Temp\playwright-java-1364858498315790910\package\lib\utils\manualPromise.js:96:51)&#10;    at LongStandingScope.race (C:\Users\DELL\AppData\Local\Temp\playwright-java-1364858498315790910\package\lib\utils\manualPromise.js:87:17)&#10;    at C:\Users\DELL\AppData\Local\Temp\playwright-java-1364858498315790910\package\lib\utils\manualPromise.js:84:43&#10;    at Array.map (&lt;anonymous&gt;)&#10;    at LongStandingScope.raceMultiple (C:\Users\DELL\AppData\Local\Temp\playwright-java-1364858498315790910\package\lib\utils\manualPromise.js:84:32)&#10;    at Frame.retryWithProgressAndTimeouts (C:\Users\DELL\AppData\Local\Temp\playwright-java-1364858498315790910\package\lib\server\frames.js:908:40)&#10;    at async C:\Users\DELL\AppData\Local\Temp\playwright-java-1364858498315790910\package\lib\server\frames.js:996:29&#10;    at async ProgressController.run (C:\Users\DELL\AppData\Local\Temp\playwright-java-1364858498315790910\package\lib\server\progress.js:92:22)&#10;    at async FrameDispatcher.click (C:\Users\DELL\AppData\Local\Temp\playwright-java-1364858498315790910\package\lib\server\dispatchers\frameDispatcher.js:154:12)&#10;    at async DispatcherConnection.dispatch (C:\Users\DELL\AppData\Local\Temp\playwright-java-1364858498315790910\package\lib\server\dispatchers\dispatcher.js:346:22)&#10;}" type="com.microsoft.playwright.PlaywrightException"><![CDATA[com.microsoft.playwright.PlaywrightException: 
Error {
  message='Page closed
=========================== logs ===========================
waiting for locator("xpath=//a[text()=\"Catalog\"]")
============================================================
  name='Error
  stack='Error: Page closed
=========================== logs ===========================
waiting for locator("xpath=//a[text()=\"Catalog\"]")
============================================================
    at LongStandingScope._race (C:\Users\DELL\AppData\Local\Temp\playwright-java-1364858498315790910\package\lib\utils\manualPromise.js:96:51)
    at LongStandingScope.race (C:\Users\DELL\AppData\Local\Temp\playwright-java-1364858498315790910\package\lib\utils\manualPromise.js:87:17)
    at C:\Users\DELL\AppData\Local\Temp\playwright-java-1364858498315790910\package\lib\utils\manualPromise.js:84:43
    at Array.map (<anonymous>)
    at LongStandingScope.raceMultiple (C:\Users\DELL\AppData\Local\Temp\playwright-java-1364858498315790910\package\lib\utils\manualPromise.js:84:32)
    at Frame.retryWithProgressAndTimeouts (C:\Users\DELL\AppData\Local\Temp\playwright-java-1364858498315790910\package\lib\server\frames.js:908:40)
    at async C:\Users\DELL\AppData\Local\Temp\playwright-java-1364858498315790910\package\lib\server\frames.js:996:29
    at async ProgressController.run (C:\Users\DELL\AppData\Local\Temp\playwright-java-1364858498315790910\package\lib\server\progress.js:92:22)
    at async FrameDispatcher.click (C:\Users\DELL\AppData\Local\Temp\playwright-java-1364858498315790910\package\lib\server\dispatchers\frameDispatcher.js:154:12)
    at async DispatcherConnection.dispatch (C:\Users\DELL\AppData\Local\Temp\playwright-java-1364858498315790910\package\lib\server\dispatchers\dispatcher.js:346:22)
}
	at com.microsoft.playwright.impl.WaitableResult.get(WaitableResult.java:54)
	at com.microsoft.playwright.impl.ChannelOwner.runUntil(ChannelOwner.java:120)
	at com.microsoft.playwright.impl.Connection.sendMessage(Connection.java:126)
	at com.microsoft.playwright.impl.ChannelOwner.sendMessage(ChannelOwner.java:106)
	at com.microsoft.playwright.impl.FrameImpl.clickImpl(FrameImpl.java:252)
	at com.microsoft.playwright.impl.PageImpl.lambda$click$17(PageImpl.java:577)
	at com.microsoft.playwright.impl.LoggingSupport.lambda$withLogging$0(LoggingSupport.java:36)
	at com.microsoft.playwright.impl.LoggingSupport.withLogging(LoggingSupport.java:47)
	at com.microsoft.playwright.impl.ChannelOwner.withLogging(ChannelOwner.java:89)
	at com.microsoft.playwright.impl.LoggingSupport.withLogging(LoggingSupport.java:35)
	at com.microsoft.playwright.impl.PageImpl.click(PageImpl.java:576)
	at com.microsoft.playwright.Page.click(Page.java:3741)
	at com.qa.adminPages.HomePage.clickOnCatalog(HomePage.java:17)
	at com.qa.adminTest.ManufacturersTest.deleteManufacturer(ManufacturersTest.java:89)
	at java.base/jdk.internal.reflect.NativeMethodAccessorImpl.invoke0(Native Method)
	at java.base/jdk.internal.reflect.NativeMethodAccessorImpl.invoke(NativeMethodAccessorImpl.java:77)
	at java.base/jdk.internal.reflect.DelegatingMethodAccessorImpl.invoke(DelegatingMethodAccessorImpl.java:43)
	at java.base/java.lang.reflect.Method.invoke(Method.java:568)
	at org.testng.internal.invokers.MethodInvocationHelper.invokeMethod(MethodInvocationHelper.java:139)
	at org.testng.internal.invokers.TestInvoker.invokeMethod(TestInvoker.java:677)
	at org.testng.internal.invokers.TestInvoker.invokeTestMethod(TestInvoker.java:221)
	at org.testng.internal.invokers.MethodRunner.runInSequence(MethodRunner.java:50)
	at org.testng.internal.invokers.TestInvoker$MethodInvocationAgent.invoke(TestInvoker.java:969)
	at org.testng.internal.invokers.TestInvoker.invokeTestMethods(TestInvoker.java:194)
	at org.testng.internal.invokers.TestMethodWorker.invokeTestMethods(TestMethodWorker.java:148)
	at org.testng.internal.invokers.TestMethodWorker.run(TestMethodWorker.java:128)
	at java.base/java.util.ArrayList.forEach(ArrayList.java:1511)
	at org.testng.TestRunner.privateRun(TestRunner.java:829)
	at org.testng.TestRunner.run(TestRunner.java:602)
	at org.testng.SuiteRunner.runTest(SuiteRunner.java:437)
	at org.testng.SuiteRunner$SuiteWorker.run(SuiteRunner.java:475)
	at org.testng.internal.thread.ThreadUtil.lambda$execute$0(ThreadUtil.java:58)
	at java.base/java.util.concurrent.FutureTask.run(FutureTask.java:264)
	at java.base/java.util.concurrent.ThreadPoolExecutor.runWorker(ThreadPoolExecutor.java:1136)
	at java.base/java.util.concurrent.ThreadPoolExecutor$Worker.run(ThreadPoolExecutor.java:635)
	at java.base/java.lang.Thread.run(Thread.java:840)
Caused by: com.microsoft.playwright.impl.DriverException: Error {
  message='Page closed
=========================== logs ===========================
waiting for locator("xpath=//a[text()=\"Catalog\"]")
============================================================
  name='Error
  stack='Error: Page closed
=========================== logs ===========================
waiting for locator("xpath=//a[text()=\"Catalog\"]")
============================================================
    at LongStandingScope._race (C:\Users\DELL\AppData\Local\Temp\playwright-java-1364858498315790910\package\lib\utils\manualPromise.js:96:51)
    at LongStandingScope.race (C:\Users\DELL\AppData\Local\Temp\playwright-java-1364858498315790910\package\lib\utils\manualPromise.js:87:17)
    at C:\Users\DELL\AppData\Local\Temp\playwright-java-1364858498315790910\package\lib\utils\manualPromise.js:84:43
    at Array.map (<anonymous>)
    at LongStandingScope.raceMultiple (C:\Users\DELL\AppData\Local\Temp\playwright-java-1364858498315790910\package\lib\utils\manualPromise.js:84:32)
    at Frame.retryWithProgressAndTimeouts (C:\Users\DELL\AppData\Local\Temp\playwright-java-1364858498315790910\package\lib\server\frames.js:908:40)
    at async C:\Users\DELL\AppData\Local\Temp\playwright-java-1364858498315790910\package\lib\server\frames.js:996:29
    at async ProgressController.run (C:\Users\DELL\AppData\Local\Temp\playwright-java-1364858498315790910\package\lib\server\progress.js:92:22)
    at async FrameDispatcher.click (C:\Users\DELL\AppData\Local\Temp\playwright-java-1364858498315790910\package\lib\server\dispatchers\frameDispatcher.js:154:12)
    at async DispatcherConnection.dispatch (C:\Users\DELL\AppData\Local\Temp\playwright-java-1364858498315790910\package\lib\server\dispatchers\dispatcher.js:346:22)
}
	at com.microsoft.playwright.impl.Connection.dispatch(Connection.java:226)
	at com.microsoft.playwright.impl.Connection.processOneMessage(Connection.java:206)
	at com.microsoft.playwright.impl.ChannelOwner.runUntil(ChannelOwner.java:118)
	... 34 more
]]></failure>
  </testcase>
  <testcase name="createNewCategory" classname="com.qa.adminTest.CategoriesTest" time="29.716">
    <failure message="Error {&#10;  message=&apos;Timeout 30000ms exceeded.&#10;=========================== logs ===========================&#10;waiting for locator(&quot;xpath=//a[text()=\&quot;Catalog\&quot;]&quot;)&#10;============================================================&#10;  name=&apos;TimeoutError&#10;  stack=&apos;TimeoutError: Timeout 30000ms exceeded.&#10;=========================== logs ===========================&#10;waiting for locator(&quot;xpath=//a[text()=\&quot;Catalog\&quot;]&quot;)&#10;============================================================&#10;    at ProgressController.run (C:\Users\DELL\AppData\Local\Temp\playwright-java-1364858498315790910\package\lib\server\progress.js:88:26)&#10;    at Frame.click (C:\Users\DELL\AppData\Local\Temp\playwright-java-1364858498315790910\package\lib\server\frames.js:995:23)&#10;    at FrameDispatcher.click (C:\Users\DELL\AppData\Local\Temp\playwright-java-1364858498315790910\package\lib\server\dispatchers\frameDispatcher.js:154:30)&#10;    at DispatcherConnection.dispatch (C:\Users\DELL\AppData\Local\Temp\playwright-java-1364858498315790910\package\lib\server\dispatchers\dispatcher.js:346:46)&#10;}" type="com.microsoft.playwright.TimeoutError"><![CDATA[com.microsoft.playwright.TimeoutError: 
Error {
  message='Timeout 30000ms exceeded.
=========================== logs ===========================
waiting for locator("xpath=//a[text()=\"Catalog\"]")
============================================================
  name='TimeoutError
  stack='TimeoutError: Timeout 30000ms exceeded.
=========================== logs ===========================
waiting for locator("xpath=//a[text()=\"Catalog\"]")
============================================================
    at ProgressController.run (C:\Users\DELL\AppData\Local\Temp\playwright-java-1364858498315790910\package\lib\server\progress.js:88:26)
    at Frame.click (C:\Users\DELL\AppData\Local\Temp\playwright-java-1364858498315790910\package\lib\server\frames.js:995:23)
    at FrameDispatcher.click (C:\Users\DELL\AppData\Local\Temp\playwright-java-1364858498315790910\package\lib\server\dispatchers\frameDispatcher.js:154:30)
    at DispatcherConnection.dispatch (C:\Users\DELL\AppData\Local\Temp\playwright-java-1364858498315790910\package\lib\server\dispatchers\dispatcher.js:346:46)
}
	at com.microsoft.playwright.impl.WaitableResult.get(WaitableResult.java:52)
	at com.microsoft.playwright.impl.ChannelOwner.runUntil(ChannelOwner.java:120)
	at com.microsoft.playwright.impl.Connection.sendMessage(Connection.java:126)
	at com.microsoft.playwright.impl.ChannelOwner.sendMessage(ChannelOwner.java:106)
	at com.microsoft.playwright.impl.FrameImpl.clickImpl(FrameImpl.java:252)
	at com.microsoft.playwright.impl.PageImpl.lambda$click$17(PageImpl.java:577)
	at com.microsoft.playwright.impl.LoggingSupport.lambda$withLogging$0(LoggingSupport.java:36)
	at com.microsoft.playwright.impl.LoggingSupport.withLogging(LoggingSupport.java:47)
	at com.microsoft.playwright.impl.ChannelOwner.withLogging(ChannelOwner.java:89)
	at com.microsoft.playwright.impl.LoggingSupport.withLogging(LoggingSupport.java:35)
	at com.microsoft.playwright.impl.PageImpl.click(PageImpl.java:576)
	at com.microsoft.playwright.Page.click(Page.java:3741)
	at com.qa.adminPages.HomePage.clickOnCatalog(HomePage.java:17)
	at com.qa.adminTest.CategoriesTest.createNewCategory(CategoriesTest.java:40)
	at java.base/jdk.internal.reflect.NativeMethodAccessorImpl.invoke0(Native Method)
	at java.base/jdk.internal.reflect.NativeMethodAccessorImpl.invoke(NativeMethodAccessorImpl.java:77)
	at java.base/jdk.internal.reflect.DelegatingMethodAccessorImpl.invoke(DelegatingMethodAccessorImpl.java:43)
	at java.base/java.lang.reflect.Method.invoke(Method.java:568)
	at org.testng.internal.invokers.MethodInvocationHelper.invokeMethod(MethodInvocationHelper.java:139)
	at org.testng.internal.invokers.TestInvoker.invokeMethod(TestInvoker.java:677)
	at org.testng.internal.invokers.TestInvoker.invokeTestMethod(TestInvoker.java:221)
	at org.testng.internal.invokers.MethodRunner.runInSequence(MethodRunner.java:50)
	at org.testng.internal.invokers.TestInvoker$MethodInvocationAgent.invoke(TestInvoker.java:969)
	at org.testng.internal.invokers.TestInvoker.invokeTestMethods(TestInvoker.java:194)
	at org.testng.internal.invokers.TestMethodWorker.invokeTestMethods(TestMethodWorker.java:148)
	at org.testng.internal.invokers.TestMethodWorker.run(TestMethodWorker.java:128)
	at java.base/java.util.ArrayList.forEach(ArrayList.java:1511)
	at org.testng.TestRunner.privateRun(TestRunner.java:829)
	at org.testng.TestRunner.run(TestRunner.java:602)
	at org.testng.SuiteRunner.runTest(SuiteRunner.java:437)
	at org.testng.SuiteRunner$SuiteWorker.run(SuiteRunner.java:475)
	at org.testng.internal.thread.ThreadUtil.lambda$execute$0(ThreadUtil.java:58)
	at java.base/java.util.concurrent.FutureTask.run(FutureTask.java:264)
	at java.base/java.util.concurrent.ThreadPoolExecutor.runWorker(ThreadPoolExecutor.java:1136)
	at java.base/java.util.concurrent.ThreadPoolExecutor$Worker.run(ThreadPoolExecutor.java:635)
	at java.base/java.lang.Thread.run(Thread.java:840)
Caused by: com.microsoft.playwright.TimeoutError: Error {
  message='Timeout 30000ms exceeded.
=========================== logs ===========================
waiting for locator("xpath=//a[text()=\"Catalog\"]")
============================================================
  name='TimeoutError
  stack='TimeoutError: Timeout 30000ms exceeded.
=========================== logs ===========================
waiting for locator("xpath=//a[text()=\"Catalog\"]")
============================================================
    at ProgressController.run (C:\Users\DELL\AppData\Local\Temp\playwright-java-1364858498315790910\package\lib\server\progress.js:88:26)
    at Frame.click (C:\Users\DELL\AppData\Local\Temp\playwright-java-1364858498315790910\package\lib\server\frames.js:995:23)
    at FrameDispatcher.click (C:\Users\DELL\AppData\Local\Temp\playwright-java-1364858498315790910\package\lib\server\dispatchers\frameDispatcher.js:154:30)
    at DispatcherConnection.dispatch (C:\Users\DELL\AppData\Local\Temp\playwright-java-1364858498315790910\package\lib\server\dispatchers\dispatcher.js:346:46)
}
	at com.microsoft.playwright.impl.Connection.dispatch(Connection.java:224)
	at com.microsoft.playwright.impl.Connection.processOneMessage(Connection.java:206)
	at com.microsoft.playwright.impl.ChannelOwner.runUntil(ChannelOwner.java:118)
	... 34 more
]]></failure>
  </testcase>
  <testcase name="updateCategory" classname="com.qa.adminTest.CategoriesTest" time="0.054">
    <failure message="Error {&#10;  message=&apos;Timeout 30000ms exceeded.&#10;=========================== logs ===========================&#10;waiting for locator(&quot;xpath=//a[text()=\&quot;Catalog\&quot;]&quot;)&#10;============================================================&#10;  name=&apos;TimeoutError&#10;  stack=&apos;TimeoutError: Timeout 30000ms exceeded.&#10;=========================== logs ===========================&#10;waiting for locator(&quot;xpath=//a[text()=\&quot;Catalog\&quot;]&quot;)&#10;============================================================&#10;    at ProgressController.run (C:\Users\DELL\AppData\Local\Temp\playwright-java-1364858498315790910\package\lib\server\progress.js:88:26)&#10;    at Frame.click (C:\Users\DELL\AppData\Local\Temp\playwright-java-1364858498315790910\package\lib\server\frames.js:995:23)&#10;    at FrameDispatcher.click (C:\Users\DELL\AppData\Local\Temp\playwright-java-1364858498315790910\package\lib\server\dispatchers\frameDispatcher.js:154:30)&#10;    at DispatcherConnection.dispatch (C:\Users\DELL\AppData\Local\Temp\playwright-java-1364858498315790910\package\lib\server\dispatchers\dispatcher.js:346:46)&#10;}" type="com.microsoft.playwright.TimeoutError"><![CDATA[com.microsoft.playwright.TimeoutError: 
Error {
  message='Timeout 30000ms exceeded.
=========================== logs ===========================
waiting for locator("xpath=//a[text()=\"Catalog\"]")
============================================================
  name='TimeoutError
  stack='TimeoutError: Timeout 30000ms exceeded.
=========================== logs ===========================
waiting for locator("xpath=//a[text()=\"Catalog\"]")
============================================================
    at ProgressController.run (C:\Users\DELL\AppData\Local\Temp\playwright-java-1364858498315790910\package\lib\server\progress.js:88:26)
    at Frame.click (C:\Users\DELL\AppData\Local\Temp\playwright-java-1364858498315790910\package\lib\server\frames.js:995:23)
    at FrameDispatcher.click (C:\Users\DELL\AppData\Local\Temp\playwright-java-1364858498315790910\package\lib\server\dispatchers\frameDispatcher.js:154:30)
    at DispatcherConnection.dispatch (C:\Users\DELL\AppData\Local\Temp\playwright-java-1364858498315790910\package\lib\server\dispatchers\dispatcher.js:346:46)
}
	at com.microsoft.playwright.impl.WaitableResult.get(WaitableResult.java:52)
	at com.microsoft.playwright.impl.ChannelOwner.runUntil(ChannelOwner.java:120)
	at com.microsoft.playwright.impl.Connection.sendMessage(Connection.java:126)
	at com.microsoft.playwright.impl.ChannelOwner.sendMessage(ChannelOwner.java:106)
	at com.microsoft.playwright.impl.FrameImpl.clickImpl(FrameImpl.java:252)
	at com.microsoft.playwright.impl.PageImpl.lambda$click$17(PageImpl.java:577)
	at com.microsoft.playwright.impl.LoggingSupport.lambda$withLogging$0(LoggingSupport.java:36)
	at com.microsoft.playwright.impl.LoggingSupport.withLogging(LoggingSupport.java:47)
	at com.microsoft.playwright.impl.ChannelOwner.withLogging(ChannelOwner.java:89)
	at com.microsoft.playwright.impl.LoggingSupport.withLogging(LoggingSupport.java:35)
	at com.microsoft.playwright.impl.PageImpl.click(PageImpl.java:576)
	at com.microsoft.playwright.Page.click(Page.java:3741)
	at com.qa.adminPages.HomePage.clickOnCatalog(HomePage.java:17)
	at com.qa.adminTest.CategoriesTest.updateCategory(CategoriesTest.java:66)
	at java.base/jdk.internal.reflect.NativeMethodAccessorImpl.invoke0(Native Method)
	at java.base/jdk.internal.reflect.NativeMethodAccessorImpl.invoke(NativeMethodAccessorImpl.java:77)
	at java.base/jdk.internal.reflect.DelegatingMethodAccessorImpl.invoke(DelegatingMethodAccessorImpl.java:43)
	at java.base/java.lang.reflect.Method.invoke(Method.java:568)
	at org.testng.internal.invokers.MethodInvocationHelper.invokeMethod(MethodInvocationHelper.java:139)
	at org.testng.internal.invokers.TestInvoker.invokeMethod(TestInvoker.java:677)
	at org.testng.internal.invokers.TestInvoker.invokeTestMethod(TestInvoker.java:221)
	at org.testng.internal.invokers.MethodRunner.runInSequence(MethodRunner.java:50)
	at org.testng.internal.invokers.TestInvoker$MethodInvocationAgent.invoke(TestInvoker.java:969)
	at org.testng.internal.invokers.TestInvoker.invokeTestMethods(TestInvoker.java:194)
	at org.testng.internal.invokers.TestMethodWorker.invokeTestMethods(TestMethodWorker.java:148)
	at org.testng.internal.invokers.TestMethodWorker.run(TestMethodWorker.java:128)
	at java.base/java.util.ArrayList.forEach(ArrayList.java:1511)
	at org.testng.TestRunner.privateRun(TestRunner.java:829)
	at org.testng.TestRunner.run(TestRunner.java:602)
	at org.testng.SuiteRunner.runTest(SuiteRunner.java:437)
	at org.testng.SuiteRunner$SuiteWorker.run(SuiteRunner.java:475)
	at org.testng.internal.thread.ThreadUtil.lambda$execute$0(ThreadUtil.java:58)
	at java.base/java.util.concurrent.FutureTask.run(FutureTask.java:264)
	at java.base/java.util.concurrent.ThreadPoolExecutor.runWorker(ThreadPoolExecutor.java:1136)
	at java.base/java.util.concurrent.ThreadPoolExecutor$Worker.run(ThreadPoolExecutor.java:635)
	at java.base/java.lang.Thread.run(Thread.java:840)
Caused by: com.microsoft.playwright.TimeoutError: Error {
  message='Timeout 30000ms exceeded.
=========================== logs ===========================
waiting for locator("xpath=//a[text()=\"Catalog\"]")
============================================================
  name='TimeoutError
  stack='TimeoutError: Timeout 30000ms exceeded.
=========================== logs ===========================
waiting for locator("xpath=//a[text()=\"Catalog\"]")
============================================================
    at ProgressController.run (C:\Users\DELL\AppData\Local\Temp\playwright-java-1364858498315790910\package\lib\server\progress.js:88:26)
    at Frame.click (C:\Users\DELL\AppData\Local\Temp\playwright-java-1364858498315790910\package\lib\server\frames.js:995:23)
    at FrameDispatcher.click (C:\Users\DELL\AppData\Local\Temp\playwright-java-1364858498315790910\package\lib\server\dispatchers\frameDispatcher.js:154:30)
    at DispatcherConnection.dispatch (C:\Users\DELL\AppData\Local\Temp\playwright-java-1364858498315790910\package\lib\server\dispatchers\dispatcher.js:346:46)
}
	at com.microsoft.playwright.impl.Connection.dispatch(Connection.java:224)
	at com.microsoft.playwright.impl.Connection.processOneMessage(Connection.java:206)
	at com.microsoft.playwright.impl.ChannelOwner.runUntil(ChannelOwner.java:118)
	... 34 more
]]></failure>
  </testcase>
  <testcase name="deleteCategory" classname="com.qa.adminTest.CategoriesTest" time="30.679">
    <failure message="Error {&#10;  message=&apos;Timeout 30000ms exceeded.&#10;=========================== logs ===========================&#10;waiting for locator(&quot;xpath=//a[text()=\&quot;Catalog\&quot;]&quot;)&#10;============================================================&#10;  name=&apos;TimeoutError&#10;  stack=&apos;TimeoutError: Timeout 30000ms exceeded.&#10;=========================== logs ===========================&#10;waiting for locator(&quot;xpath=//a[text()=\&quot;Catalog\&quot;]&quot;)&#10;============================================================&#10;    at ProgressController.run (C:\Users\DELL\AppData\Local\Temp\playwright-java-1364858498315790910\package\lib\server\progress.js:88:26)&#10;    at Frame.click (C:\Users\DELL\AppData\Local\Temp\playwright-java-1364858498315790910\package\lib\server\frames.js:995:23)&#10;    at FrameDispatcher.click (C:\Users\DELL\AppData\Local\Temp\playwright-java-1364858498315790910\package\lib\server\dispatchers\frameDispatcher.js:154:30)&#10;    at DispatcherConnection.dispatch (C:\Users\DELL\AppData\Local\Temp\playwright-java-1364858498315790910\package\lib\server\dispatchers\dispatcher.js:346:46)&#10;}" type="com.microsoft.playwright.TimeoutError"><![CDATA[com.microsoft.playwright.TimeoutError: 
Error {
  message='Timeout 30000ms exceeded.
=========================== logs ===========================
waiting for locator("xpath=//a[text()=\"Catalog\"]")
============================================================
  name='TimeoutError
  stack='TimeoutError: Timeout 30000ms exceeded.
=========================== logs ===========================
waiting for locator("xpath=//a[text()=\"Catalog\"]")
============================================================
    at ProgressController.run (C:\Users\DELL\AppData\Local\Temp\playwright-java-1364858498315790910\package\lib\server\progress.js:88:26)
    at Frame.click (C:\Users\DELL\AppData\Local\Temp\playwright-java-1364858498315790910\package\lib\server\frames.js:995:23)
    at FrameDispatcher.click (C:\Users\DELL\AppData\Local\Temp\playwright-java-1364858498315790910\package\lib\server\dispatchers\frameDispatcher.js:154:30)
    at DispatcherConnection.dispatch (C:\Users\DELL\AppData\Local\Temp\playwright-java-1364858498315790910\package\lib\server\dispatchers\dispatcher.js:346:46)
}
	at com.microsoft.playwright.impl.WaitableResult.get(WaitableResult.java:52)
	at com.microsoft.playwright.impl.ChannelOwner.runUntil(ChannelOwner.java:120)
	at com.microsoft.playwright.impl.Connection.sendMessage(Connection.java:126)
	at com.microsoft.playwright.impl.ChannelOwner.sendMessage(ChannelOwner.java:106)
	at com.microsoft.playwright.impl.FrameImpl.clickImpl(FrameImpl.java:252)
	at com.microsoft.playwright.impl.PageImpl.lambda$click$17(PageImpl.java:577)
	at com.microsoft.playwright.impl.LoggingSupport.lambda$withLogging$0(LoggingSupport.java:36)
	at com.microsoft.playwright.impl.LoggingSupport.withLogging(LoggingSupport.java:47)
	at com.microsoft.playwright.impl.ChannelOwner.withLogging(ChannelOwner.java:89)
	at com.microsoft.playwright.impl.LoggingSupport.withLogging(LoggingSupport.java:35)
	at com.microsoft.playwright.impl.PageImpl.click(PageImpl.java:576)
	at com.microsoft.playwright.Page.click(Page.java:3741)
	at com.qa.adminPages.HomePage.clickOnCatalog(HomePage.java:17)
	at com.qa.adminTest.CategoriesTest.deleteCategory(CategoriesTest.java:96)
	at java.base/jdk.internal.reflect.NativeMethodAccessorImpl.invoke0(Native Method)
	at java.base/jdk.internal.reflect.NativeMethodAccessorImpl.invoke(NativeMethodAccessorImpl.java:77)
	at java.base/jdk.internal.reflect.DelegatingMethodAccessorImpl.invoke(DelegatingMethodAccessorImpl.java:43)
	at java.base/java.lang.reflect.Method.invoke(Method.java:568)
	at org.testng.internal.invokers.MethodInvocationHelper.invokeMethod(MethodInvocationHelper.java:139)
	at org.testng.internal.invokers.TestInvoker.invokeMethod(TestInvoker.java:677)
	at org.testng.internal.invokers.TestInvoker.invokeTestMethod(TestInvoker.java:221)
	at org.testng.internal.invokers.MethodRunner.runInSequence(MethodRunner.java:50)
	at org.testng.internal.invokers.TestInvoker$MethodInvocationAgent.invoke(TestInvoker.java:969)
	at org.testng.internal.invokers.TestInvoker.invokeTestMethods(TestInvoker.java:194)
	at org.testng.internal.invokers.TestMethodWorker.invokeTestMethods(TestMethodWorker.java:148)
	at org.testng.internal.invokers.TestMethodWorker.run(TestMethodWorker.java:128)
	at java.base/java.util.ArrayList.forEach(ArrayList.java:1511)
	at org.testng.TestRunner.privateRun(TestRunner.java:829)
	at org.testng.TestRunner.run(TestRunner.java:602)
	at org.testng.SuiteRunner.runTest(SuiteRunner.java:437)
	at org.testng.SuiteRunner$SuiteWorker.run(SuiteRunner.java:475)
	at org.testng.internal.thread.ThreadUtil.lambda$execute$0(ThreadUtil.java:58)
	at java.base/java.util.concurrent.FutureTask.run(FutureTask.java:264)
	at java.base/java.util.concurrent.ThreadPoolExecutor.runWorker(ThreadPoolExecutor.java:1136)
	at java.base/java.util.concurrent.ThreadPoolExecutor$Worker.run(ThreadPoolExecutor.java:635)
	at java.base/java.lang.Thread.run(Thread.java:840)
Caused by: com.microsoft.playwright.TimeoutError: Error {
  message='Timeout 30000ms exceeded.
=========================== logs ===========================
waiting for locator("xpath=//a[text()=\"Catalog\"]")
============================================================
  name='TimeoutError
  stack='TimeoutError: Timeout 30000ms exceeded.
=========================== logs ===========================
waiting for locator("xpath=//a[text()=\"Catalog\"]")
============================================================
    at ProgressController.run (C:\Users\DELL\AppData\Local\Temp\playwright-java-1364858498315790910\package\lib\server\progress.js:88:26)
    at Frame.click (C:\Users\DELL\AppData\Local\Temp\playwright-java-1364858498315790910\package\lib\server\frames.js:995:23)
    at FrameDispatcher.click (C:\Users\DELL\AppData\Local\Temp\playwright-java-1364858498315790910\package\lib\server\dispatchers\frameDispatcher.js:154:30)
    at DispatcherConnection.dispatch (C:\Users\DELL\AppData\Local\Temp\playwright-java-1364858498315790910\package\lib\server\dispatchers\dispatcher.js:346:46)
}
	at com.microsoft.playwright.impl.Connection.dispatch(Connection.java:224)
	at com.microsoft.playwright.impl.Connection.processOneMessage(Connection.java:206)
	at com.microsoft.playwright.impl.ChannelOwner.runUntil(ChannelOwner.java:118)
	... 34 more
]]></failure>
    <system-err><![CDATA[com.microsoft.playwright.PlaywrightException: Error {
  message='Target page, context or browser has been closed
  name='Error
  stack='Error: Target page, context or browser has been closed
    at DispatcherConnection.dispatch (C:\Users\DELL\AppData\Local\Temp\playwright-java-1364858498315790910\package\lib\server\dispatchers\dispatcher.js:260:49)
    at transport.onmessage (C:\Users\DELL\AppData\Local\Temp\playwright-java-1364858498315790910\package\lib\cli\driver.js:52:57)
    at Immediate._onImmediate (C:\Users\DELL\AppData\Local\Temp\playwright-java-1364858498315790910\package\lib\protocol\transport.js:77:34)
    at process.processImmediate (node:internal/timers:476:21)
}
	at com.microsoft.playwright.impl.WaitableResult.get(WaitableResult.java:54)
	at com.microsoft.playwright.impl.ChannelOwner.runUntil(ChannelOwner.java:120)
	at com.microsoft.playwright.impl.Connection.sendMessage(Connection.java:126)
	at com.microsoft.playwright.impl.ChannelOwner.sendMessage(ChannelOwner.java:106)
	at com.microsoft.playwright.impl.PageImpl.screenshotImpl(PageImpl.java:1085)
	at com.microsoft.playwright.impl.PageImpl.lambda$screenshot$65(PageImpl.java:1029)
	at com.microsoft.playwright.impl.LoggingSupport.withLogging(LoggingSupport.java:47)
	at com.microsoft.playwright.impl.ChannelOwner.withLogging(ChannelOwner.java:89)
	at com.microsoft.playwright.impl.PageImpl.screenshot(PageImpl.java:1029)
	at com.qa.base.BaseTest.screenshot(BaseTest.java:100)
	at com.qa.base.BaseTest.tearDown(BaseTest.java:79)
	at java.base/jdk.internal.reflect.NativeMethodAccessorImpl.invoke0(Native Method)
	at java.base/jdk.internal.reflect.NativeMethodAccessorImpl.invoke(NativeMethodAccessorImpl.java:77)
	at java.base/jdk.internal.reflect.DelegatingMethodAccessorImpl.invoke(DelegatingMethodAccessorImpl.java:43)
	at java.base/java.lang.reflect.Method.invoke(Method.java:568)
	at org.testng.internal.invokers.MethodInvocationHelper.invokeMethod(MethodInvocationHelper.java:139)
	at org.testng.internal.invokers.MethodInvocationHelper.invokeMethodConsideringTimeout(MethodInvocationHelper.java:69)
	at org.testng.internal.invokers.ConfigInvoker.invokeConfigurationMethod(ConfigInvoker.java:361)
	at org.testng.internal.invokers.ConfigInvoker.invokeConfigurations(ConfigInvoker.java:296)
	at org.testng.internal.invokers.TestInvoker.runConfigMethods(TestInvoker.java:823)
	at org.testng.internal.invokers.TestInvoker.runAfterConfigurations(TestInvoker.java:792)
	at org.testng.internal.invokers.TestInvoker.invokeMethod(TestInvoker.java:768)
	at org.testng.internal.invokers.TestInvoker.invokeTestMethod(TestInvoker.java:221)
	at org.testng.internal.invokers.MethodRunner.runInSequence(MethodRunner.java:50)
	at org.testng.internal.invokers.TestInvoker$MethodInvocationAgent.invoke(TestInvoker.java:969)
	at org.testng.internal.invokers.TestInvoker.invokeTestMethods(TestInvoker.java:194)
	at org.testng.internal.invokers.TestMethodWorker.invokeTestMethods(TestMethodWorker.java:148)
	at org.testng.internal.invokers.TestMethodWorker.run(TestMethodWorker.java:128)
	at java.base/java.util.ArrayList.forEach(ArrayList.java:1511)
	at org.testng.TestRunner.privateRun(TestRunner.java:829)
	at org.testng.TestRunner.run(TestRunner.java:602)
	at org.testng.SuiteRunner.runTest(SuiteRunner.java:437)
	at org.testng.SuiteRunner$SuiteWorker.run(SuiteRunner.java:475)
	at org.testng.internal.thread.ThreadUtil.lambda$execute$0(ThreadUtil.java:58)
	at java.base/java.util.concurrent.FutureTask.run(FutureTask.java:264)
	at java.base/java.util.concurrent.ThreadPoolExecutor.runWorker(ThreadPoolExecutor.java:1136)
	at java.base/java.util.concurrent.ThreadPoolExecutor$Worker.run(ThreadPoolExecutor.java:635)
	at java.base/java.lang.Thread.run(Thread.java:840)
Caused by: com.microsoft.playwright.impl.DriverException: Error {
  message='Target page, context or browser has been closed
  name='Error
  stack='Error: Target page, context or browser has been closed
    at DispatcherConnection.dispatch (C:\Users\DELL\AppData\Local\Temp\playwright-java-1364858498315790910\package\lib\server\dispatchers\dispatcher.js:260:49)
    at transport.onmessage (C:\Users\DELL\AppData\Local\Temp\playwright-java-1364858498315790910\package\lib\cli\driver.js:52:57)
    at Immediate._onImmediate (C:\Users\DELL\AppData\Local\Temp\playwright-java-1364858498315790910\package\lib\protocol\transport.js:77:34)
    at process.processImmediate (node:internal/timers:476:21)
}
	at com.microsoft.playwright.impl.Connection.dispatch(Connection.java:226)
	at com.microsoft.playwright.impl.Connection.processOneMessage(Connection.java:206)
	at com.microsoft.playwright.impl.ChannelOwner.runUntil(ChannelOwner.java:118)
	... 36 more
]]></system-err>
  </testcase>
  <testcase name="addSubcategoryInCategory" classname="com.qa.adminTest.CategoriesTest" time="0.731">
    <failure message="Error {&#10;  message=&apos;Target closed&#10;=========================== logs ===========================&#10;waiting for locator(&quot;xpath=//a[text()=\&quot;Catalog\&quot;]&quot;)&#10;============================================================&#10;  name=&apos;Error&#10;  stack=&apos;Error: Target closed&#10;=========================== logs ===========================&#10;waiting for locator(&quot;xpath=//a[text()=\&quot;Catalog\&quot;]&quot;)&#10;============================================================&#10;    at C:\Users\DELL\AppData\Local\Temp\playwright-java-1364858498315790910\package\lib\server\chromium\crConnection.js:145:16&#10;    at new Promise (&lt;anonymous&gt;)&#10;    at CRSession.send (C:\Users\DELL\AppData\Local\Temp\playwright-java-1364858498315790910\package\lib\server\chromium\crConnection.js:141:12)&#10;    at CRExecutionContext.evaluateWithArguments (C:\Users\DELL\AppData\Local\Temp\playwright-java-1364858498315790910\package\lib\server\chromium\crExecutionContext.js:78:28)&#10;    at FrameExecutionContext.evaluateWithArguments (C:\Users\DELL\AppData\Local\Temp\playwright-java-1364858498315790910\package\lib\server\javascript.js:61:61)&#10;    at evaluateExpression (C:\Users\DELL\AppData\Local\Temp\playwright-java-1364858498315790910\package\lib\server\javascript.js:241:26)&#10;    at async C:\Users\DELL\AppData\Local\Temp\playwright-java-1364858498315790910\package\lib\server\frames.js:941:22&#10;    at async Frame.retryWithProgressAndTimeouts (C:\Users\DELL\AppData\Local\Temp\playwright-java-1364858498315790910\package\lib\server\frames.js:912:24)&#10;    at async C:\Users\DELL\AppData\Local\Temp\playwright-java-1364858498315790910\package\lib\server\frames.js:996:29&#10;    at async ProgressController.run (C:\Users\DELL\AppData\Local\Temp\playwright-java-1364858498315790910\package\lib\server\progress.js:92:22)&#10;}" type="com.microsoft.playwright.PlaywrightException"><![CDATA[com.microsoft.playwright.PlaywrightException: 
Error {
  message='Target closed
=========================== logs ===========================
waiting for locator("xpath=//a[text()=\"Catalog\"]")
============================================================
  name='Error
  stack='Error: Target closed
=========================== logs ===========================
waiting for locator("xpath=//a[text()=\"Catalog\"]")
============================================================
    at C:\Users\DELL\AppData\Local\Temp\playwright-java-1364858498315790910\package\lib\server\chromium\crConnection.js:145:16
    at new Promise (<anonymous>)
    at CRSession.send (C:\Users\DELL\AppData\Local\Temp\playwright-java-1364858498315790910\package\lib\server\chromium\crConnection.js:141:12)
    at CRExecutionContext.evaluateWithArguments (C:\Users\DELL\AppData\Local\Temp\playwright-java-1364858498315790910\package\lib\server\chromium\crExecutionContext.js:78:28)
    at FrameExecutionContext.evaluateWithArguments (C:\Users\DELL\AppData\Local\Temp\playwright-java-1364858498315790910\package\lib\server\javascript.js:61:61)
    at evaluateExpression (C:\Users\DELL\AppData\Local\Temp\playwright-java-1364858498315790910\package\lib\server\javascript.js:241:26)
    at async C:\Users\DELL\AppData\Local\Temp\playwright-java-1364858498315790910\package\lib\server\frames.js:941:22
    at async Frame.retryWithProgressAndTimeouts (C:\Users\DELL\AppData\Local\Temp\playwright-java-1364858498315790910\package\lib\server\frames.js:912:24)
    at async C:\Users\DELL\AppData\Local\Temp\playwright-java-1364858498315790910\package\lib\server\frames.js:996:29
    at async ProgressController.run (C:\Users\DELL\AppData\Local\Temp\playwright-java-1364858498315790910\package\lib\server\progress.js:92:22)
}
	at com.microsoft.playwright.impl.WaitableResult.get(WaitableResult.java:54)
	at com.microsoft.playwright.impl.ChannelOwner.runUntil(ChannelOwner.java:120)
	at com.microsoft.playwright.impl.Connection.sendMessage(Connection.java:126)
	at com.microsoft.playwright.impl.ChannelOwner.sendMessage(ChannelOwner.java:106)
	at com.microsoft.playwright.impl.FrameImpl.clickImpl(FrameImpl.java:252)
	at com.microsoft.playwright.impl.PageImpl.lambda$click$17(PageImpl.java:577)
	at com.microsoft.playwright.impl.LoggingSupport.lambda$withLogging$0(LoggingSupport.java:36)
	at com.microsoft.playwright.impl.LoggingSupport.withLogging(LoggingSupport.java:47)
	at com.microsoft.playwright.impl.ChannelOwner.withLogging(ChannelOwner.java:89)
	at com.microsoft.playwright.impl.LoggingSupport.withLogging(LoggingSupport.java:35)
	at com.microsoft.playwright.impl.PageImpl.click(PageImpl.java:576)
	at com.microsoft.playwright.Page.click(Page.java:3741)
	at com.qa.adminPages.HomePage.clickOnCatalog(HomePage.java:17)
	at com.qa.adminTest.CategoriesTest.addSubcategoryInCategory(CategoriesTest.java:125)
	at java.base/jdk.internal.reflect.NativeMethodAccessorImpl.invoke0(Native Method)
	at java.base/jdk.internal.reflect.NativeMethodAccessorImpl.invoke(NativeMethodAccessorImpl.java:77)
	at java.base/jdk.internal.reflect.DelegatingMethodAccessorImpl.invoke(DelegatingMethodAccessorImpl.java:43)
	at java.base/java.lang.reflect.Method.invoke(Method.java:568)
	at org.testng.internal.invokers.MethodInvocationHelper.invokeMethod(MethodInvocationHelper.java:139)
	at org.testng.internal.invokers.TestInvoker.invokeMethod(TestInvoker.java:677)
	at org.testng.internal.invokers.TestInvoker.invokeTestMethod(TestInvoker.java:221)
	at org.testng.internal.invokers.MethodRunner.runInSequence(MethodRunner.java:50)
	at org.testng.internal.invokers.TestInvoker$MethodInvocationAgent.invoke(TestInvoker.java:969)
	at org.testng.internal.invokers.TestInvoker.invokeTestMethods(TestInvoker.java:194)
	at org.testng.internal.invokers.TestMethodWorker.invokeTestMethods(TestMethodWorker.java:148)
	at org.testng.internal.invokers.TestMethodWorker.run(TestMethodWorker.java:128)
	at java.base/java.util.ArrayList.forEach(ArrayList.java:1511)
	at org.testng.TestRunner.privateRun(TestRunner.java:829)
	at org.testng.TestRunner.run(TestRunner.java:602)
	at org.testng.SuiteRunner.runTest(SuiteRunner.java:437)
	at org.testng.SuiteRunner$SuiteWorker.run(SuiteRunner.java:475)
	at org.testng.internal.thread.ThreadUtil.lambda$execute$0(ThreadUtil.java:58)
	at java.base/java.util.concurrent.FutureTask.run(FutureTask.java:264)
	at java.base/java.util.concurrent.ThreadPoolExecutor.runWorker(ThreadPoolExecutor.java:1136)
	at java.base/java.util.concurrent.ThreadPoolExecutor$Worker.run(ThreadPoolExecutor.java:635)
	at java.base/java.lang.Thread.run(Thread.java:840)
Caused by: com.microsoft.playwright.impl.DriverException: Error {
  message='Target closed
=========================== logs ===========================
waiting for locator("xpath=//a[text()=\"Catalog\"]")
============================================================
  name='Error
  stack='Error: Target closed
=========================== logs ===========================
waiting for locator("xpath=//a[text()=\"Catalog\"]")
============================================================
    at C:\Users\DELL\AppData\Local\Temp\playwright-java-1364858498315790910\package\lib\server\chromium\crConnection.js:145:16
    at new Promise (<anonymous>)
    at CRSession.send (C:\Users\DELL\AppData\Local\Temp\playwright-java-1364858498315790910\package\lib\server\chromium\crConnection.js:141:12)
    at CRExecutionContext.evaluateWithArguments (C:\Users\DELL\AppData\Local\Temp\playwright-java-1364858498315790910\package\lib\server\chromium\crExecutionContext.js:78:28)
    at FrameExecutionContext.evaluateWithArguments (C:\Users\DELL\AppData\Local\Temp\playwright-java-1364858498315790910\package\lib\server\javascript.js:61:61)
    at evaluateExpression (C:\Users\DELL\AppData\Local\Temp\playwright-java-1364858498315790910\package\lib\server\javascript.js:241:26)
    at async C:\Users\DELL\AppData\Local\Temp\playwright-java-1364858498315790910\package\lib\server\frames.js:941:22
    at async Frame.retryWithProgressAndTimeouts (C:\Users\DELL\AppData\Local\Temp\playwright-java-1364858498315790910\package\lib\server\frames.js:912:24)
    at async C:\Users\DELL\AppData\Local\Temp\playwright-java-1364858498315790910\package\lib\server\frames.js:996:29
    at async ProgressController.run (C:\Users\DELL\AppData\Local\Temp\playwright-java-1364858498315790910\package\lib\server\progress.js:92:22)
}
	at com.microsoft.playwright.impl.Connection.dispatch(Connection.java:226)
	at com.microsoft.playwright.impl.Connection.processOneMessage(Connection.java:206)
	at com.microsoft.playwright.impl.ChannelOwner.runUntil(ChannelOwner.java:118)
	... 34 more
]]></failure>
  </testcase>
  <testcase name="updateSubcategory" classname="com.qa.adminTest.CategoriesTest" time="0.0">
    <failure message="Error {&#10;  message=&apos;Target page, context or browser has been closed&#10;  name=&apos;Error&#10;  stack=&apos;Error: Target page, context or browser has been closed&#10;    at DispatcherConnection.dispatch (C:\Users\DELL\AppData\Local\Temp\playwright-java-1364858498315790910\package\lib\server\dispatchers\dispatcher.js:260:49)&#10;    at transport.onmessage (C:\Users\DELL\AppData\Local\Temp\playwright-java-1364858498315790910\package\lib\cli\driver.js:52:57)&#10;    at Immediate._onImmediate (C:\Users\DELL\AppData\Local\Temp\playwright-java-1364858498315790910\package\lib\protocol\transport.js:77:34)&#10;    at process.processImmediate (node:internal/timers:476:21)&#10;}" type="com.microsoft.playwright.PlaywrightException"><![CDATA[com.microsoft.playwright.PlaywrightException: 
Error {
  message='Target page, context or browser has been closed
  name='Error
  stack='Error: Target page, context or browser has been closed
    at DispatcherConnection.dispatch (C:\Users\DELL\AppData\Local\Temp\playwright-java-1364858498315790910\package\lib\server\dispatchers\dispatcher.js:260:49)
    at transport.onmessage (C:\Users\DELL\AppData\Local\Temp\playwright-java-1364858498315790910\package\lib\cli\driver.js:52:57)
    at Immediate._onImmediate (C:\Users\DELL\AppData\Local\Temp\playwright-java-1364858498315790910\package\lib\protocol\transport.js:77:34)
    at process.processImmediate (node:internal/timers:476:21)
}
	at com.microsoft.playwright.impl.WaitableResult.get(WaitableResult.java:54)
	at com.microsoft.playwright.impl.ChannelOwner.runUntil(ChannelOwner.java:120)
	at com.microsoft.playwright.impl.Connection.sendMessage(Connection.java:126)
	at com.microsoft.playwright.impl.ChannelOwner.sendMessage(ChannelOwner.java:106)
	at com.microsoft.playwright.impl.FrameImpl.navigateImpl(FrameImpl.java:463)
	at com.microsoft.playwright.impl.PageImpl.lambda$navigate$45(PageImpl.java:827)
	at com.microsoft.playwright.impl.LoggingSupport.withLogging(LoggingSupport.java:47)
	at com.microsoft.playwright.impl.ChannelOwner.withLogging(ChannelOwner.java:89)
	at com.microsoft.playwright.impl.PageImpl.navigate(PageImpl.java:827)
	at com.microsoft.playwright.impl.PageImpl.navigate(PageImpl.java:42)
	at com.microsoft.playwright.Page.navigate(Page.java:5282)
	at com.qa.adminPages.AdminLoginPage.goToAdminLoginPage(AdminLoginPage.java:24)
	at com.qa.adminTest.CategoriesTest.updateSubcategory(CategoriesTest.java:155)
	at java.base/jdk.internal.reflect.NativeMethodAccessorImpl.invoke0(Native Method)
	at java.base/jdk.internal.reflect.NativeMethodAccessorImpl.invoke(NativeMethodAccessorImpl.java:77)
	at java.base/jdk.internal.reflect.DelegatingMethodAccessorImpl.invoke(DelegatingMethodAccessorImpl.java:43)
	at java.base/java.lang.reflect.Method.invoke(Method.java:568)
	at org.testng.internal.invokers.MethodInvocationHelper.invokeMethod(MethodInvocationHelper.java:139)
	at org.testng.internal.invokers.TestInvoker.invokeMethod(TestInvoker.java:677)
	at org.testng.internal.invokers.TestInvoker.invokeTestMethod(TestInvoker.java:221)
	at org.testng.internal.invokers.MethodRunner.runInSequence(MethodRunner.java:50)
	at org.testng.internal.invokers.TestInvoker$MethodInvocationAgent.invoke(TestInvoker.java:969)
	at org.testng.internal.invokers.TestInvoker.invokeTestMethods(TestInvoker.java:194)
	at org.testng.internal.invokers.TestMethodWorker.invokeTestMethods(TestMethodWorker.java:148)
	at org.testng.internal.invokers.TestMethodWorker.run(TestMethodWorker.java:128)
	at java.base/java.util.ArrayList.forEach(ArrayList.java:1511)
	at org.testng.TestRunner.privateRun(TestRunner.java:829)
	at org.testng.TestRunner.run(TestRunner.java:602)
	at org.testng.SuiteRunner.runTest(SuiteRunner.java:437)
	at org.testng.SuiteRunner$SuiteWorker.run(SuiteRunner.java:475)
	at org.testng.internal.thread.ThreadUtil.lambda$execute$0(ThreadUtil.java:58)
	at java.base/java.util.concurrent.FutureTask.run(FutureTask.java:264)
	at java.base/java.util.concurrent.ThreadPoolExecutor.runWorker(ThreadPoolExecutor.java:1136)
	at java.base/java.util.concurrent.ThreadPoolExecutor$Worker.run(ThreadPoolExecutor.java:635)
	at java.base/java.lang.Thread.run(Thread.java:840)
Caused by: com.microsoft.playwright.impl.DriverException: Error {
  message='Target page, context or browser has been closed
  name='Error
  stack='Error: Target page, context or browser has been closed
    at DispatcherConnection.dispatch (C:\Users\DELL\AppData\Local\Temp\playwright-java-1364858498315790910\package\lib\server\dispatchers\dispatcher.js:260:49)
    at transport.onmessage (C:\Users\DELL\AppData\Local\Temp\playwright-java-1364858498315790910\package\lib\cli\driver.js:52:57)
    at Immediate._onImmediate (C:\Users\DELL\AppData\Local\Temp\playwright-java-1364858498315790910\package\lib\protocol\transport.js:77:34)
    at process.processImmediate (node:internal/timers:476:21)
}
	at com.microsoft.playwright.impl.Connection.dispatch(Connection.java:226)
	at com.microsoft.playwright.impl.Connection.processOneMessage(Connection.java:206)
	at com.microsoft.playwright.impl.ChannelOwner.runUntil(ChannelOwner.java:118)
	... 33 more
]]></failure>
    <system-err><![CDATA[com.microsoft.playwright.PlaywrightException: Error {
  message='Target page, context or browser has been closed
  name='Error
  stack='Error: Target page, context or browser has been closed
    at DispatcherConnection.dispatch (C:\Users\DELL\AppData\Local\Temp\playwright-java-1364858498315790910\package\lib\server\dispatchers\dispatcher.js:260:49)
    at transport.onmessage (C:\Users\DELL\AppData\Local\Temp\playwright-java-1364858498315790910\package\lib\cli\driver.js:52:57)
    at Immediate._onImmediate (C:\Users\DELL\AppData\Local\Temp\playwright-java-1364858498315790910\package\lib\protocol\transport.js:77:34)
    at process.processImmediate (node:internal/timers:476:21)
}
	at com.microsoft.playwright.impl.WaitableResult.get(WaitableResult.java:54)
	at com.microsoft.playwright.impl.ChannelOwner.runUntil(ChannelOwner.java:120)
	at com.microsoft.playwright.impl.Connection.sendMessage(Connection.java:126)
	at com.microsoft.playwright.impl.ChannelOwner.sendMessage(ChannelOwner.java:106)
	at com.microsoft.playwright.impl.PageImpl.screenshotImpl(PageImpl.java:1085)
	at com.microsoft.playwright.impl.PageImpl.lambda$screenshot$65(PageImpl.java:1029)
	at com.microsoft.playwright.impl.LoggingSupport.withLogging(LoggingSupport.java:47)
	at com.microsoft.playwright.impl.ChannelOwner.withLogging(ChannelOwner.java:89)
	at com.microsoft.playwright.impl.PageImpl.screenshot(PageImpl.java:1029)
	at com.qa.base.BaseTest.screenshot(BaseTest.java:100)
	at com.qa.base.BaseTest.tearDown(BaseTest.java:79)
	at java.base/jdk.internal.reflect.NativeMethodAccessorImpl.invoke0(Native Method)
	at java.base/jdk.internal.reflect.NativeMethodAccessorImpl.invoke(NativeMethodAccessorImpl.java:77)
	at java.base/jdk.internal.reflect.DelegatingMethodAccessorImpl.invoke(DelegatingMethodAccessorImpl.java:43)
	at java.base/java.lang.reflect.Method.invoke(Method.java:568)
	at org.testng.internal.invokers.MethodInvocationHelper.invokeMethod(MethodInvocationHelper.java:139)
	at org.testng.internal.invokers.MethodInvocationHelper.invokeMethodConsideringTimeout(MethodInvocationHelper.java:69)
	at org.testng.internal.invokers.ConfigInvoker.invokeConfigurationMethod(ConfigInvoker.java:361)
	at org.testng.internal.invokers.ConfigInvoker.invokeConfigurations(ConfigInvoker.java:296)
	at org.testng.internal.invokers.TestInvoker.runConfigMethods(TestInvoker.java:823)
	at org.testng.internal.invokers.TestInvoker.runAfterConfigurations(TestInvoker.java:792)
	at org.testng.internal.invokers.TestInvoker.invokeMethod(TestInvoker.java:768)
	at org.testng.internal.invokers.TestInvoker.invokeTestMethod(TestInvoker.java:221)
	at org.testng.internal.invokers.MethodRunner.runInSequence(MethodRunner.java:50)
	at org.testng.internal.invokers.TestInvoker$MethodInvocationAgent.invoke(TestInvoker.java:969)
	at org.testng.internal.invokers.TestInvoker.invokeTestMethods(TestInvoker.java:194)
	at org.testng.internal.invokers.TestMethodWorker.invokeTestMethods(TestMethodWorker.java:148)
	at org.testng.internal.invokers.TestMethodWorker.run(TestMethodWorker.java:128)
	at java.base/java.util.ArrayList.forEach(ArrayList.java:1511)
	at org.testng.TestRunner.privateRun(TestRunner.java:829)
	at org.testng.TestRunner.run(TestRunner.java:602)
	at org.testng.SuiteRunner.runTest(SuiteRunner.java:437)
	at org.testng.SuiteRunner$SuiteWorker.run(SuiteRunner.java:475)
	at org.testng.internal.thread.ThreadUtil.lambda$execute$0(ThreadUtil.java:58)
	at java.base/java.util.concurrent.FutureTask.run(FutureTask.java:264)
	at java.base/java.util.concurrent.ThreadPoolExecutor.runWorker(ThreadPoolExecutor.java:1136)
	at java.base/java.util.concurrent.ThreadPoolExecutor$Worker.run(ThreadPoolExecutor.java:635)
	at java.base/java.lang.Thread.run(Thread.java:840)
Caused by: com.microsoft.playwright.impl.DriverException: Error {
  message='Target page, context or browser has been closed
  name='Error
  stack='Error: Target page, context or browser has been closed
    at DispatcherConnection.dispatch (C:\Users\DELL\AppData\Local\Temp\playwright-java-1364858498315790910\package\lib\server\dispatchers\dispatcher.js:260:49)
    at transport.onmessage (C:\Users\DELL\AppData\Local\Temp\playwright-java-1364858498315790910\package\lib\cli\driver.js:52:57)
    at Immediate._onImmediate (C:\Users\DELL\AppData\Local\Temp\playwright-java-1364858498315790910\package\lib\protocol\transport.js:77:34)
    at process.processImmediate (node:internal/timers:476:21)
}
	at com.microsoft.playwright.impl.Connection.dispatch(Connection.java:226)
	at com.microsoft.playwright.impl.Connection.processOneMessage(Connection.java:206)
	at com.microsoft.playwright.impl.ChannelOwner.runUntil(ChannelOwner.java:118)
	... 36 more
]]></system-err>
  </testcase>
  <testcase name="deleteSubcategory" classname="com.qa.adminTest.CategoriesTest" time="0.0">
    <failure message="Error {&#10;  message=&apos;Target page, context or browser has been closed&#10;  name=&apos;Error&#10;  stack=&apos;Error: Target page, context or browser has been closed&#10;    at DispatcherConnection.dispatch (C:\Users\DELL\AppData\Local\Temp\playwright-java-1364858498315790910\package\lib\server\dispatchers\dispatcher.js:260:49)&#10;    at transport.onmessage (C:\Users\DELL\AppData\Local\Temp\playwright-java-1364858498315790910\package\lib\cli\driver.js:52:57)&#10;    at Immediate._onImmediate (C:\Users\DELL\AppData\Local\Temp\playwright-java-1364858498315790910\package\lib\protocol\transport.js:77:34)&#10;    at process.processImmediate (node:internal/timers:476:21)&#10;}" type="com.microsoft.playwright.PlaywrightException"><![CDATA[com.microsoft.playwright.PlaywrightException: 
Error {
  message='Target page, context or browser has been closed
  name='Error
  stack='Error: Target page, context or browser has been closed
    at DispatcherConnection.dispatch (C:\Users\DELL\AppData\Local\Temp\playwright-java-1364858498315790910\package\lib\server\dispatchers\dispatcher.js:260:49)
    at transport.onmessage (C:\Users\DELL\AppData\Local\Temp\playwright-java-1364858498315790910\package\lib\cli\driver.js:52:57)
    at Immediate._onImmediate (C:\Users\DELL\AppData\Local\Temp\playwright-java-1364858498315790910\package\lib\protocol\transport.js:77:34)
    at process.processImmediate (node:internal/timers:476:21)
}
	at com.microsoft.playwright.impl.WaitableResult.get(WaitableResult.java:54)
	at com.microsoft.playwright.impl.ChannelOwner.runUntil(ChannelOwner.java:120)
	at com.microsoft.playwright.impl.Connection.sendMessage(Connection.java:126)
	at com.microsoft.playwright.impl.ChannelOwner.sendMessage(ChannelOwner.java:106)
	at com.microsoft.playwright.impl.FrameImpl.navigateImpl(FrameImpl.java:463)
	at com.microsoft.playwright.impl.PageImpl.lambda$navigate$45(PageImpl.java:827)
	at com.microsoft.playwright.impl.LoggingSupport.withLogging(LoggingSupport.java:47)
	at com.microsoft.playwright.impl.ChannelOwner.withLogging(ChannelOwner.java:89)
	at com.microsoft.playwright.impl.PageImpl.navigate(PageImpl.java:827)
	at com.microsoft.playwright.impl.PageImpl.navigate(PageImpl.java:42)
	at com.microsoft.playwright.Page.navigate(Page.java:5282)
	at com.qa.adminPages.AdminLoginPage.goToAdminLoginPage(AdminLoginPage.java:24)
	at com.qa.adminTest.CategoriesTest.deleteSubcategory(CategoriesTest.java:184)
	at java.base/jdk.internal.reflect.NativeMethodAccessorImpl.invoke0(Native Method)
	at java.base/jdk.internal.reflect.NativeMethodAccessorImpl.invoke(NativeMethodAccessorImpl.java:77)
	at java.base/jdk.internal.reflect.DelegatingMethodAccessorImpl.invoke(DelegatingMethodAccessorImpl.java:43)
	at java.base/java.lang.reflect.Method.invoke(Method.java:568)
	at org.testng.internal.invokers.MethodInvocationHelper.invokeMethod(MethodInvocationHelper.java:139)
	at org.testng.internal.invokers.TestInvoker.invokeMethod(TestInvoker.java:677)
	at org.testng.internal.invokers.TestInvoker.invokeTestMethod(TestInvoker.java:221)
	at org.testng.internal.invokers.MethodRunner.runInSequence(MethodRunner.java:50)
	at org.testng.internal.invokers.TestInvoker$MethodInvocationAgent.invoke(TestInvoker.java:969)
	at org.testng.internal.invokers.TestInvoker.invokeTestMethods(TestInvoker.java:194)
	at org.testng.internal.invokers.TestMethodWorker.invokeTestMethods(TestMethodWorker.java:148)
	at org.testng.internal.invokers.TestMethodWorker.run(TestMethodWorker.java:128)
	at java.base/java.util.ArrayList.forEach(ArrayList.java:1511)
	at org.testng.TestRunner.privateRun(TestRunner.java:829)
	at org.testng.TestRunner.run(TestRunner.java:602)
	at org.testng.SuiteRunner.runTest(SuiteRunner.java:437)
	at org.testng.SuiteRunner$SuiteWorker.run(SuiteRunner.java:475)
	at org.testng.internal.thread.ThreadUtil.lambda$execute$0(ThreadUtil.java:58)
	at java.base/java.util.concurrent.FutureTask.run(FutureTask.java:264)
	at java.base/java.util.concurrent.ThreadPoolExecutor.runWorker(ThreadPoolExecutor.java:1136)
	at java.base/java.util.concurrent.ThreadPoolExecutor$Worker.run(ThreadPoolExecutor.java:635)
	at java.base/java.lang.Thread.run(Thread.java:840)
Caused by: com.microsoft.playwright.impl.DriverException: Error {
  message='Target page, context or browser has been closed
  name='Error
  stack='Error: Target page, context or browser has been closed
    at DispatcherConnection.dispatch (C:\Users\DELL\AppData\Local\Temp\playwright-java-1364858498315790910\package\lib\server\dispatchers\dispatcher.js:260:49)
    at transport.onmessage (C:\Users\DELL\AppData\Local\Temp\playwright-java-1364858498315790910\package\lib\cli\driver.js:52:57)
    at Immediate._onImmediate (C:\Users\DELL\AppData\Local\Temp\playwright-java-1364858498315790910\package\lib\protocol\transport.js:77:34)
    at process.processImmediate (node:internal/timers:476:21)
}
	at com.microsoft.playwright.impl.Connection.dispatch(Connection.java:226)
	at com.microsoft.playwright.impl.Connection.processOneMessage(Connection.java:206)
	at com.microsoft.playwright.impl.ChannelOwner.runUntil(ChannelOwner.java:118)
	... 33 more
]]></failure>
    <system-err><![CDATA[com.microsoft.playwright.PlaywrightException: Error {
  message='Target page, context or browser has been closed
  name='Error
  stack='Error: Target page, context or browser has been closed
    at DispatcherConnection.dispatch (C:\Users\DELL\AppData\Local\Temp\playwright-java-1364858498315790910\package\lib\server\dispatchers\dispatcher.js:260:49)
    at transport.onmessage (C:\Users\DELL\AppData\Local\Temp\playwright-java-1364858498315790910\package\lib\cli\driver.js:52:57)
    at Immediate._onImmediate (C:\Users\DELL\AppData\Local\Temp\playwright-java-1364858498315790910\package\lib\protocol\transport.js:77:34)
    at process.processImmediate (node:internal/timers:476:21)
}
	at com.microsoft.playwright.impl.WaitableResult.get(WaitableResult.java:54)
	at com.microsoft.playwright.impl.ChannelOwner.runUntil(ChannelOwner.java:120)
	at com.microsoft.playwright.impl.Connection.sendMessage(Connection.java:126)
	at com.microsoft.playwright.impl.ChannelOwner.sendMessage(ChannelOwner.java:106)
	at com.microsoft.playwright.impl.PageImpl.screenshotImpl(PageImpl.java:1085)
	at com.microsoft.playwright.impl.PageImpl.lambda$screenshot$65(PageImpl.java:1029)
	at com.microsoft.playwright.impl.LoggingSupport.withLogging(LoggingSupport.java:47)
	at com.microsoft.playwright.impl.ChannelOwner.withLogging(ChannelOwner.java:89)
	at com.microsoft.playwright.impl.PageImpl.screenshot(PageImpl.java:1029)
	at com.qa.base.BaseTest.screenshot(BaseTest.java:100)
	at com.qa.base.BaseTest.tearDown(BaseTest.java:79)
	at java.base/jdk.internal.reflect.NativeMethodAccessorImpl.invoke0(Native Method)
	at java.base/jdk.internal.reflect.NativeMethodAccessorImpl.invoke(NativeMethodAccessorImpl.java:77)
	at java.base/jdk.internal.reflect.DelegatingMethodAccessorImpl.invoke(DelegatingMethodAccessorImpl.java:43)
	at java.base/java.lang.reflect.Method.invoke(Method.java:568)
	at org.testng.internal.invokers.MethodInvocationHelper.invokeMethod(MethodInvocationHelper.java:139)
	at org.testng.internal.invokers.MethodInvocationHelper.invokeMethodConsideringTimeout(MethodInvocationHelper.java:69)
	at org.testng.internal.invokers.ConfigInvoker.invokeConfigurationMethod(ConfigInvoker.java:361)
	at org.testng.internal.invokers.ConfigInvoker.invokeConfigurations(ConfigInvoker.java:296)
	at org.testng.internal.invokers.TestInvoker.runConfigMethods(TestInvoker.java:823)
	at org.testng.internal.invokers.TestInvoker.runAfterConfigurations(TestInvoker.java:792)
	at org.testng.internal.invokers.TestInvoker.invokeMethod(TestInvoker.java:768)
	at org.testng.internal.invokers.TestInvoker.invokeTestMethod(TestInvoker.java:221)
	at org.testng.internal.invokers.MethodRunner.runInSequence(MethodRunner.java:50)
	at org.testng.internal.invokers.TestInvoker$MethodInvocationAgent.invoke(TestInvoker.java:969)
	at org.testng.internal.invokers.TestInvoker.invokeTestMethods(TestInvoker.java:194)
	at org.testng.internal.invokers.TestMethodWorker.invokeTestMethods(TestMethodWorker.java:148)
	at org.testng.internal.invokers.TestMethodWorker.run(TestMethodWorker.java:128)
	at java.base/java.util.ArrayList.forEach(ArrayList.java:1511)
	at org.testng.TestRunner.privateRun(TestRunner.java:829)
	at org.testng.TestRunner.run(TestRunner.java:602)
	at org.testng.SuiteRunner.runTest(SuiteRunner.java:437)
	at org.testng.SuiteRunner$SuiteWorker.run(SuiteRunner.java:475)
	at org.testng.internal.thread.ThreadUtil.lambda$execute$0(ThreadUtil.java:58)
	at java.base/java.util.concurrent.FutureTask.run(FutureTask.java:264)
	at java.base/java.util.concurrent.ThreadPoolExecutor.runWorker(ThreadPoolExecutor.java:1136)
	at java.base/java.util.concurrent.ThreadPoolExecutor$Worker.run(ThreadPoolExecutor.java:635)
	at java.base/java.lang.Thread.run(Thread.java:840)
Caused by: com.microsoft.playwright.impl.DriverException: Error {
  message='Target page, context or browser has been closed
  name='Error
  stack='Error: Target page, context or browser has been closed
    at DispatcherConnection.dispatch (C:\Users\DELL\AppData\Local\Temp\playwright-java-1364858498315790910\package\lib\server\dispatchers\dispatcher.js:260:49)
    at transport.onmessage (C:\Users\DELL\AppData\Local\Temp\playwright-java-1364858498315790910\package\lib\cli\driver.js:52:57)
    at Immediate._onImmediate (C:\Users\DELL\AppData\Local\Temp\playwright-java-1364858498315790910\package\lib\protocol\transport.js:77:34)
    at process.processImmediate (node:internal/timers:476:21)
}
	at com.microsoft.playwright.impl.Connection.dispatch(Connection.java:226)
	at com.microsoft.playwright.impl.Connection.processOneMessage(Connection.java:206)
	at com.microsoft.playwright.impl.ChannelOwner.runUntil(ChannelOwner.java:118)
	... 36 more
]]></system-err>
  </testcase>
  <testcase name="addNewProduct" classname="com.qa.adminTest.ProductTest" time="29.733">
    <failure message="Error {&#10;  message=&apos;Timeout 30000ms exceeded.&#10;=========================== logs ===========================&#10;waiting for locator(&quot;xpath=//a[text()=\&quot;Catalog\&quot;]&quot;)&#10;============================================================&#10;  name=&apos;TimeoutError&#10;  stack=&apos;TimeoutError: Timeout 30000ms exceeded.&#10;=========================== logs ===========================&#10;waiting for locator(&quot;xpath=//a[text()=\&quot;Catalog\&quot;]&quot;)&#10;============================================================&#10;    at ProgressController.run (C:\Users\DELL\AppData\Local\Temp\playwright-java-1364858498315790910\package\lib\server\progress.js:88:26)&#10;    at Frame.click (C:\Users\DELL\AppData\Local\Temp\playwright-java-1364858498315790910\package\lib\server\frames.js:995:23)&#10;    at FrameDispatcher.click (C:\Users\DELL\AppData\Local\Temp\playwright-java-1364858498315790910\package\lib\server\dispatchers\frameDispatcher.js:154:30)&#10;    at DispatcherConnection.dispatch (C:\Users\DELL\AppData\Local\Temp\playwright-java-1364858498315790910\package\lib\server\dispatchers\dispatcher.js:346:46)&#10;}" type="com.microsoft.playwright.TimeoutError"><![CDATA[com.microsoft.playwright.TimeoutError: 
Error {
  message='Timeout 30000ms exceeded.
=========================== logs ===========================
waiting for locator("xpath=//a[text()=\"Catalog\"]")
============================================================
  name='TimeoutError
  stack='TimeoutError: Timeout 30000ms exceeded.
=========================== logs ===========================
waiting for locator("xpath=//a[text()=\"Catalog\"]")
============================================================
    at ProgressController.run (C:\Users\DELL\AppData\Local\Temp\playwright-java-1364858498315790910\package\lib\server\progress.js:88:26)
    at Frame.click (C:\Users\DELL\AppData\Local\Temp\playwright-java-1364858498315790910\package\lib\server\frames.js:995:23)
    at FrameDispatcher.click (C:\Users\DELL\AppData\Local\Temp\playwright-java-1364858498315790910\package\lib\server\dispatchers\frameDispatcher.js:154:30)
    at DispatcherConnection.dispatch (C:\Users\DELL\AppData\Local\Temp\playwright-java-1364858498315790910\package\lib\server\dispatchers\dispatcher.js:346:46)
}
	at com.microsoft.playwright.impl.WaitableResult.get(WaitableResult.java:52)
	at com.microsoft.playwright.impl.ChannelOwner.runUntil(ChannelOwner.java:120)
	at com.microsoft.playwright.impl.Connection.sendMessage(Connection.java:126)
	at com.microsoft.playwright.impl.ChannelOwner.sendMessage(ChannelOwner.java:106)
	at com.microsoft.playwright.impl.FrameImpl.clickImpl(FrameImpl.java:252)
	at com.microsoft.playwright.impl.PageImpl.lambda$click$17(PageImpl.java:577)
	at com.microsoft.playwright.impl.LoggingSupport.lambda$withLogging$0(LoggingSupport.java:36)
	at com.microsoft.playwright.impl.LoggingSupport.withLogging(LoggingSupport.java:47)
	at com.microsoft.playwright.impl.ChannelOwner.withLogging(ChannelOwner.java:89)
	at com.microsoft.playwright.impl.LoggingSupport.withLogging(LoggingSupport.java:35)
	at com.microsoft.playwright.impl.PageImpl.click(PageImpl.java:576)
	at com.microsoft.playwright.Page.click(Page.java:3741)
	at com.qa.adminPages.HomePage.clickOnCatalog(HomePage.java:17)
	at com.qa.adminTest.ProductTest.addNewProduct(ProductTest.java:60)
	at java.base/jdk.internal.reflect.NativeMethodAccessorImpl.invoke0(Native Method)
	at java.base/jdk.internal.reflect.NativeMethodAccessorImpl.invoke(NativeMethodAccessorImpl.java:77)
	at java.base/jdk.internal.reflect.DelegatingMethodAccessorImpl.invoke(DelegatingMethodAccessorImpl.java:43)
	at java.base/java.lang.reflect.Method.invoke(Method.java:568)
	at org.testng.internal.invokers.MethodInvocationHelper.invokeMethod(MethodInvocationHelper.java:139)
	at org.testng.internal.invokers.TestInvoker.invokeMethod(TestInvoker.java:677)
	at org.testng.internal.invokers.TestInvoker.invokeTestMethod(TestInvoker.java:221)
	at org.testng.internal.invokers.MethodRunner.runInSequence(MethodRunner.java:50)
	at org.testng.internal.invokers.TestInvoker$MethodInvocationAgent.invoke(TestInvoker.java:969)
	at org.testng.internal.invokers.TestInvoker.invokeTestMethods(TestInvoker.java:194)
	at org.testng.internal.invokers.TestMethodWorker.invokeTestMethods(TestMethodWorker.java:148)
	at org.testng.internal.invokers.TestMethodWorker.run(TestMethodWorker.java:128)
	at java.base/java.util.ArrayList.forEach(ArrayList.java:1511)
	at org.testng.TestRunner.privateRun(TestRunner.java:829)
	at org.testng.TestRunner.run(TestRunner.java:602)
	at org.testng.SuiteRunner.runTest(SuiteRunner.java:437)
	at org.testng.SuiteRunner$SuiteWorker.run(SuiteRunner.java:475)
	at org.testng.internal.thread.ThreadUtil.lambda$execute$0(ThreadUtil.java:58)
	at java.base/java.util.concurrent.FutureTask.run(FutureTask.java:264)
	at java.base/java.util.concurrent.ThreadPoolExecutor.runWorker(ThreadPoolExecutor.java:1136)
	at java.base/java.util.concurrent.ThreadPoolExecutor$Worker.run(ThreadPoolExecutor.java:635)
	at java.base/java.lang.Thread.run(Thread.java:840)
Caused by: com.microsoft.playwright.TimeoutError: Error {
  message='Timeout 30000ms exceeded.
=========================== logs ===========================
waiting for locator("xpath=//a[text()=\"Catalog\"]")
============================================================
  name='TimeoutError
  stack='TimeoutError: Timeout 30000ms exceeded.
=========================== logs ===========================
waiting for locator("xpath=//a[text()=\"Catalog\"]")
============================================================
    at ProgressController.run (C:\Users\DELL\AppData\Local\Temp\playwright-java-1364858498315790910\package\lib\server\progress.js:88:26)
    at Frame.click (C:\Users\DELL\AppData\Local\Temp\playwright-java-1364858498315790910\package\lib\server\frames.js:995:23)
    at FrameDispatcher.click (C:\Users\DELL\AppData\Local\Temp\playwright-java-1364858498315790910\package\lib\server\dispatchers\frameDispatcher.js:154:30)
    at DispatcherConnection.dispatch (C:\Users\DELL\AppData\Local\Temp\playwright-java-1364858498315790910\package\lib\server\dispatchers\dispatcher.js:346:46)
}
	at com.microsoft.playwright.impl.Connection.dispatch(Connection.java:224)
	at com.microsoft.playwright.impl.Connection.processOneMessage(Connection.java:206)
	at com.microsoft.playwright.impl.ChannelOwner.runUntil(ChannelOwner.java:118)
	... 34 more
]]></failure>
  </testcase>
  <testcase name="addProductUnderCatgory" classname="com.qa.adminTest.ProductTest" time="0.088">
    <failure message="Error {&#10;  message=&apos;Timeout 30000ms exceeded.&#10;=========================== logs ===========================&#10;waiting for locator(&quot;xpath=//a[text()=\&quot;Catalog\&quot;]&quot;)&#10;============================================================&#10;  name=&apos;TimeoutError&#10;  stack=&apos;TimeoutError: Timeout 30000ms exceeded.&#10;=========================== logs ===========================&#10;waiting for locator(&quot;xpath=//a[text()=\&quot;Catalog\&quot;]&quot;)&#10;============================================================&#10;    at ProgressController.run (C:\Users\DELL\AppData\Local\Temp\playwright-java-1364858498315790910\package\lib\server\progress.js:88:26)&#10;    at Frame.click (C:\Users\DELL\AppData\Local\Temp\playwright-java-1364858498315790910\package\lib\server\frames.js:995:23)&#10;    at FrameDispatcher.click (C:\Users\DELL\AppData\Local\Temp\playwright-java-1364858498315790910\package\lib\server\dispatchers\frameDispatcher.js:154:30)&#10;    at DispatcherConnection.dispatch (C:\Users\DELL\AppData\Local\Temp\playwright-java-1364858498315790910\package\lib\server\dispatchers\dispatcher.js:346:46)&#10;}" type="com.microsoft.playwright.TimeoutError"><![CDATA[com.microsoft.playwright.TimeoutError: 
Error {
  message='Timeout 30000ms exceeded.
=========================== logs ===========================
waiting for locator("xpath=//a[text()=\"Catalog\"]")
============================================================
  name='TimeoutError
  stack='TimeoutError: Timeout 30000ms exceeded.
=========================== logs ===========================
waiting for locator("xpath=//a[text()=\"Catalog\"]")
============================================================
    at ProgressController.run (C:\Users\DELL\AppData\Local\Temp\playwright-java-1364858498315790910\package\lib\server\progress.js:88:26)
    at Frame.click (C:\Users\DELL\AppData\Local\Temp\playwright-java-1364858498315790910\package\lib\server\frames.js:995:23)
    at FrameDispatcher.click (C:\Users\DELL\AppData\Local\Temp\playwright-java-1364858498315790910\package\lib\server\dispatchers\frameDispatcher.js:154:30)
    at DispatcherConnection.dispatch (C:\Users\DELL\AppData\Local\Temp\playwright-java-1364858498315790910\package\lib\server\dispatchers\dispatcher.js:346:46)
}
	at com.microsoft.playwright.impl.WaitableResult.get(WaitableResult.java:52)
	at com.microsoft.playwright.impl.ChannelOwner.runUntil(ChannelOwner.java:120)
	at com.microsoft.playwright.impl.Connection.sendMessage(Connection.java:126)
	at com.microsoft.playwright.impl.ChannelOwner.sendMessage(ChannelOwner.java:106)
	at com.microsoft.playwright.impl.FrameImpl.clickImpl(FrameImpl.java:252)
	at com.microsoft.playwright.impl.PageImpl.lambda$click$17(PageImpl.java:577)
	at com.microsoft.playwright.impl.LoggingSupport.lambda$withLogging$0(LoggingSupport.java:36)
	at com.microsoft.playwright.impl.LoggingSupport.withLogging(LoggingSupport.java:47)
	at com.microsoft.playwright.impl.ChannelOwner.withLogging(ChannelOwner.java:89)
	at com.microsoft.playwright.impl.LoggingSupport.withLogging(LoggingSupport.java:35)
	at com.microsoft.playwright.impl.PageImpl.click(PageImpl.java:576)
	at com.microsoft.playwright.Page.click(Page.java:3741)
	at com.qa.adminPages.HomePage.clickOnCatalog(HomePage.java:17)
	at com.qa.adminTest.ProductTest.addProductUnderCatgory(ProductTest.java:86)
	at java.base/jdk.internal.reflect.NativeMethodAccessorImpl.invoke0(Native Method)
	at java.base/jdk.internal.reflect.NativeMethodAccessorImpl.invoke(NativeMethodAccessorImpl.java:77)
	at java.base/jdk.internal.reflect.DelegatingMethodAccessorImpl.invoke(DelegatingMethodAccessorImpl.java:43)
	at java.base/java.lang.reflect.Method.invoke(Method.java:568)
	at org.testng.internal.invokers.MethodInvocationHelper.invokeMethod(MethodInvocationHelper.java:139)
	at org.testng.internal.invokers.TestInvoker.invokeMethod(TestInvoker.java:677)
	at org.testng.internal.invokers.TestInvoker.invokeTestMethod(TestInvoker.java:221)
	at org.testng.internal.invokers.MethodRunner.runInSequence(MethodRunner.java:50)
	at org.testng.internal.invokers.TestInvoker$MethodInvocationAgent.invoke(TestInvoker.java:969)
	at org.testng.internal.invokers.TestInvoker.invokeTestMethods(TestInvoker.java:194)
	at org.testng.internal.invokers.TestMethodWorker.invokeTestMethods(TestMethodWorker.java:148)
	at org.testng.internal.invokers.TestMethodWorker.run(TestMethodWorker.java:128)
	at java.base/java.util.ArrayList.forEach(ArrayList.java:1511)
	at org.testng.TestRunner.privateRun(TestRunner.java:829)
	at org.testng.TestRunner.run(TestRunner.java:602)
	at org.testng.SuiteRunner.runTest(SuiteRunner.java:437)
	at org.testng.SuiteRunner$SuiteWorker.run(SuiteRunner.java:475)
	at org.testng.internal.thread.ThreadUtil.lambda$execute$0(ThreadUtil.java:58)
	at java.base/java.util.concurrent.FutureTask.run(FutureTask.java:264)
	at java.base/java.util.concurrent.ThreadPoolExecutor.runWorker(ThreadPoolExecutor.java:1136)
	at java.base/java.util.concurrent.ThreadPoolExecutor$Worker.run(ThreadPoolExecutor.java:635)
	at java.base/java.lang.Thread.run(Thread.java:840)
Caused by: com.microsoft.playwright.TimeoutError: Error {
  message='Timeout 30000ms exceeded.
=========================== logs ===========================
waiting for locator("xpath=//a[text()=\"Catalog\"]")
============================================================
  name='TimeoutError
  stack='TimeoutError: Timeout 30000ms exceeded.
=========================== logs ===========================
waiting for locator("xpath=//a[text()=\"Catalog\"]")
============================================================
    at ProgressController.run (C:\Users\DELL\AppData\Local\Temp\playwright-java-1364858498315790910\package\lib\server\progress.js:88:26)
    at Frame.click (C:\Users\DELL\AppData\Local\Temp\playwright-java-1364858498315790910\package\lib\server\frames.js:995:23)
    at FrameDispatcher.click (C:\Users\DELL\AppData\Local\Temp\playwright-java-1364858498315790910\package\lib\server\dispatchers\frameDispatcher.js:154:30)
    at DispatcherConnection.dispatch (C:\Users\DELL\AppData\Local\Temp\playwright-java-1364858498315790910\package\lib\server\dispatchers\dispatcher.js:346:46)
}
	at com.microsoft.playwright.impl.Connection.dispatch(Connection.java:224)
	at com.microsoft.playwright.impl.Connection.processOneMessage(Connection.java:206)
	at com.microsoft.playwright.impl.ChannelOwner.runUntil(ChannelOwner.java:118)
	... 34 more
]]></failure>
  </testcase>
</testsuite>