<?xml version="1.0" encoding="UTF-8"?>
<testng-results ignored="6" total="26" passed="18" failed="2" skipped="0">
  <reporter-output>
  </reporter-output>
  <suite started-at="2024-01-12T11:28:55 IST" name="GCR Shop test Suite" finished-at="2024-01-12T11:32:26 IST" duration-ms="211294">
    <groups>
    </groups>
    <test started-at="2024-01-12T11:28:55 IST" name="GCR Shop Admin Test_chrome" finished-at="2024-01-12T11:32:26 IST" duration-ms="211294">
      <class name="com.qa.adminTest.CategoriesTest">
        <test-method is-config="true" signature="setup(java.lang.String)[pri:0, instance:com.qa.adminTest.CategoriesTest@1e097d59]" started-at="2024-01-12T11:29:48 IST" name="setup" finished-at="2024-01-12T11:29:50 IST" duration-ms="1739" status="PASS">
          <params>
            <param index="0">
              <value>
                <![CDATA[chromium]]>
              </value>
            </param>
          </params>
          <reporter-output>
          </reporter-output>
        </test-method> <!-- setup -->
        <test-method is-config="true" signature="beforeClass()[pri:0, instance:com.qa.adminTest.CategoriesTest@1e097d59]" started-at="2024-01-12T11:29:50 IST" name="beforeClass" finished-at="2024-01-12T11:29:50 IST" duration-ms="17" status="PASS">
          <reporter-output>
          </reporter-output>
        </test-method> <!-- beforeClass -->
        <test-method signature="create_New_Category()[pri:1, instance:com.qa.adminTest.CategoriesTest@1e097d59]" started-at="2024-01-12T11:29:50 IST" name="create_New_Category" description="Add new Category" finished-at="2024-01-12T11:29:56 IST" duration-ms="5393" status="PASS">
          <reporter-output>
          </reporter-output>
        </test-method> <!-- create_New_Category -->
        <test-method signature="update_Category()[pri:2, instance:com.qa.adminTest.CategoriesTest@1e097d59]" started-at="2024-01-12T11:29:56 IST" name="update_Category" description="Update added category" finished-at="2024-01-12T11:29:58 IST" duration-ms="2360" status="PASS">
          <reporter-output>
          </reporter-output>
        </test-method> <!-- update_Category -->
        <test-method signature="delete_Category()[pri:3, instance:com.qa.adminTest.CategoriesTest@1e097d59]" started-at="2024-01-12T11:29:58 IST" name="delete_Category" description="Delete category" finished-at="2024-01-12T11:30:02 IST" duration-ms="3657" status="PASS">
          <reporter-output>
          </reporter-output>
        </test-method> <!-- delete_Category -->
        <test-method signature="add_Subcategory_In_Category()[pri:4, instance:com.qa.adminTest.CategoriesTest@1e097d59]" started-at="2024-01-12T11:30:02 IST" name="add_Subcategory_In_Category" description="Add new subcategory in category" finished-at="2024-01-12T11:30:06 IST" duration-ms="4066" status="PASS">
          <reporter-output>
          </reporter-output>
        </test-method> <!-- add_Subcategory_In_Category -->
        <test-method signature="update_Subcategory()[pri:5, instance:com.qa.adminTest.CategoriesTest@1e097d59]" started-at="2024-01-12T11:30:06 IST" name="update_Subcategory" description="Update subcategory" finished-at="2024-01-12T11:30:08 IST" duration-ms="2204" status="PASS">
          <reporter-output>
          </reporter-output>
        </test-method> <!-- update_Subcategory -->
        <test-method signature="delete_Subcategory()[pri:6, instance:com.qa.adminTest.CategoriesTest@1e097d59]" started-at="2024-01-12T11:30:08 IST" name="delete_Subcategory" description="Delete Category and Subcategory" finished-at="2024-01-12T11:30:12 IST" duration-ms="4386" status="PASS">
          <reporter-output>
          </reporter-output>
        </test-method> <!-- delete_Subcategory -->
      </class> <!-- com.qa.adminTest.CategoriesTest -->
      <class name="com.qa.userTest.BuyProduct">
        <test-method is-config="true" signature="setup(java.lang.String)[pri:0, instance:com.qa.userTest.BuyProduct@6ce86ce1]" started-at="2024-01-12T11:32:00 IST" name="setup" finished-at="2024-01-12T11:32:01 IST" duration-ms="1281" status="PASS">
          <params>
            <param index="0">
              <value>
                <![CDATA[chromium]]>
              </value>
            </param>
          </params>
          <reporter-output>
          </reporter-output>
        </test-method> <!-- setup -->
        <test-method is-config="true" signature="beforeClass()[pri:0, instance:com.qa.userTest.BuyProduct@6ce86ce1]" started-at="2024-01-12T11:32:01 IST" name="beforeClass" finished-at="2024-01-12T11:32:01 IST" duration-ms="1" status="PASS">
          <reporter-output>
          </reporter-output>
        </test-method> <!-- beforeClass -->
        <test-method signature="buy_Product()[pri:1, instance:com.qa.userTest.BuyProduct@6ce86ce1]" started-at="2024-01-12T11:32:01 IST" name="buy_Product" description="Place the order" finished-at="2024-01-12T11:32:26 IST" duration-ms="24629" status="PASS">
          <reporter-output>
          </reporter-output>
        </test-method> <!-- buy_Product -->
      </class> <!-- com.qa.userTest.BuyProduct -->
      <class name="com.qa.userTest.RegisterUser">
        <test-method is-config="true" signature="setup(java.lang.String)[pri:0, instance:com.qa.userTest.RegisterUser@39de3d36]" started-at="2024-01-12T11:31:39 IST" name="setup" finished-at="2024-01-12T11:31:40 IST" duration-ms="1151" status="PASS">
          <params>
            <param index="0">
              <value>
                <![CDATA[chromium]]>
              </value>
            </param>
          </params>
          <reporter-output>
          </reporter-output>
        </test-method> <!-- setup -->
        <test-method is-config="true" signature="beforeClass()[pri:0, instance:com.qa.userTest.RegisterUser@39de3d36]" started-at="2024-01-12T11:31:40 IST" name="beforeClass" finished-at="2024-01-12T11:31:41 IST" duration-ms="12" status="PASS">
          <reporter-output>
          </reporter-output>
        </test-method> <!-- beforeClass -->
        <test-method signature="ragister_User()[pri:1, instance:com.qa.userTest.RegisterUser@39de3d36]" started-at="2024-01-12T11:31:41 IST" name="ragister_User" description="New user Registration" finished-at="2024-01-12T11:32:00 IST" duration-ms="19618" status="PASS">
          <reporter-output>
          </reporter-output>
        </test-method> <!-- ragister_User -->
      </class> <!-- com.qa.userTest.RegisterUser -->
      <class name="com.qa.adminTest.ProductTest">
        <test-method is-config="true" signature="setup(java.lang.String)[pri:0, instance:com.qa.adminTest.ProductTest@673be18f]" started-at="2024-01-12T11:30:12 IST" name="setup" finished-at="2024-01-12T11:30:14 IST" duration-ms="1521" status="PASS">
          <params>
            <param index="0">
              <value>
                <![CDATA[chromium]]>
              </value>
            </param>
          </params>
          <reporter-output>
          </reporter-output>
        </test-method> <!-- setup -->
        <test-method is-config="true" signature="beforeClass()[pri:0, instance:com.qa.adminTest.ProductTest@673be18f]" started-at="2024-01-12T11:30:14 IST" name="beforeClass" finished-at="2024-01-12T11:30:14 IST" duration-ms="14" status="PASS">
          <reporter-output>
          </reporter-output>
        </test-method> <!-- beforeClass -->
        <test-method signature="add_New_Product()[pri:1, instance:com.qa.adminTest.ProductTest@673be18f]" started-at="2024-01-12T11:30:14 IST" name="add_New_Product" description="Add new Product" finished-at="2024-01-12T11:30:18 IST" duration-ms="3878" status="PASS">
          <reporter-output>
          </reporter-output>
        </test-method> <!-- add_New_Product -->
        <test-method signature="update_Product()[pri:2, instance:com.qa.adminTest.ProductTest@673be18f]" started-at="2024-01-12T11:30:18 IST" name="update_Product" description="Update Product" finished-at="2024-01-12T11:30:21 IST" duration-ms="3487" status="PASS">
          <reporter-output>
          </reporter-output>
        </test-method> <!-- update_Product -->
        <test-method signature="delete_Product()[pri:3, instance:com.qa.adminTest.ProductTest@673be18f]" started-at="2024-01-12T11:30:21 IST" name="delete_Product" description="Delete Product" finished-at="2024-01-12T11:30:25 IST" duration-ms="3550" status="PASS">
          <reporter-output>
          </reporter-output>
        </test-method> <!-- delete_Product -->
        <test-method signature="add_Product_Under_Catgory()[pri:4, instance:com.qa.adminTest.ProductTest@673be18f]" started-at="2024-01-12T11:30:25 IST" name="add_Product_Under_Catgory" description="Add new Product in Category" finished-at="2024-01-12T11:30:30 IST" duration-ms="5308" status="PASS">
          <reporter-output>
          </reporter-output>
        </test-method> <!-- add_Product_Under_Catgory -->
        <test-method signature="update_Product_In_Category()[pri:5, instance:com.qa.adminTest.ProductTest@673be18f]" started-at="2024-01-12T11:30:30 IST" name="update_Product_In_Category" description="Update Product" finished-at="2024-01-12T11:31:03 IST" duration-ms="32535" status="FAIL">
          <exception class="com.microsoft.playwright.TimeoutError">
            <message>
              <![CDATA[Error {
  message='Timeout 30000ms exceeded.
=========================== logs ===========================
waiting for locator("xpath=//span[text()='Edit']")
============================================================
  name='TimeoutError
  stack='TimeoutError: Timeout 30000ms exceeded.
=========================== logs ===========================
waiting for locator("xpath=//span[text()='Edit']")
============================================================
    at ProgressController.run (C:\Users\DELL\AppData\Local\Temp\playwright-java-9502848029025979495\package\lib\server\progress.js:88:26)
    at Frame.click (C:\Users\DELL\AppData\Local\Temp\playwright-java-9502848029025979495\package\lib\server\frames.js:995:23)
    at FrameDispatcher.click (C:\Users\DELL\AppData\Local\Temp\playwright-java-9502848029025979495\package\lib\server\dispatchers\frameDispatcher.js:154:30)
    at DispatcherConnection.dispatch (C:\Users\DELL\AppData\Local\Temp\playwright-java-9502848029025979495\package\lib\server\dispatchers\dispatcher.js:346:46)
}]]>
            </message>
            <full-stacktrace>
              <![CDATA[com.microsoft.playwright.TimeoutError: Error {
  message='Timeout 30000ms exceeded.
=========================== logs ===========================
waiting for locator("xpath=//span[text()='Edit']")
============================================================
  name='TimeoutError
  stack='TimeoutError: Timeout 30000ms exceeded.
=========================== logs ===========================
waiting for locator("xpath=//span[text()='Edit']")
============================================================
    at ProgressController.run (C:\Users\DELL\AppData\Local\Temp\playwright-java-9502848029025979495\package\lib\server\progress.js:88:26)
    at Frame.click (C:\Users\DELL\AppData\Local\Temp\playwright-java-9502848029025979495\package\lib\server\frames.js:995:23)
    at FrameDispatcher.click (C:\Users\DELL\AppData\Local\Temp\playwright-java-9502848029025979495\package\lib\server\dispatchers\frameDispatcher.js:154:30)
    at DispatcherConnection.dispatch (C:\Users\DELL\AppData\Local\Temp\playwright-java-9502848029025979495\package\lib\server\dispatchers\dispatcher.js:346:46)
}
at com.microsoft.playwright.impl.WaitableResult.get(WaitableResult.java:52)
at com.microsoft.playwright.impl.ChannelOwner.runUntil(ChannelOwner.java:120)
at com.microsoft.playwright.impl.Connection.sendMessage(Connection.java:126)
at com.microsoft.playwright.impl.ChannelOwner.sendMessage(ChannelOwner.java:106)
at com.microsoft.playwright.impl.FrameImpl.clickImpl(FrameImpl.java:252)
at com.microsoft.playwright.impl.PageImpl.lambda$click$17(PageImpl.java:577)
at com.microsoft.playwright.impl.LoggingSupport.lambda$withLogging$0(LoggingSupport.java:36)
at com.microsoft.playwright.impl.LoggingSupport.withLogging(LoggingSupport.java:47)
at com.microsoft.playwright.impl.ChannelOwner.withLogging(ChannelOwner.java:89)
at com.microsoft.playwright.impl.LoggingSupport.withLogging(LoggingSupport.java:35)
at com.microsoft.playwright.impl.PageImpl.click(PageImpl.java:576)
at com.microsoft.playwright.Page.click(Page.java:3741)
at com.qa.adminPages.ProductPage.updateProduct(ProductPage.java:76)
at com.qa.adminTest.ProductTest.update_Product_In_Category(ProductTest.java:172)
at java.base/jdk.internal.reflect.NativeMethodAccessorImpl.invoke0(Native Method)
at java.base/jdk.internal.reflect.NativeMethodAccessorImpl.invoke(NativeMethodAccessorImpl.java:77)
at java.base/jdk.internal.reflect.DelegatingMethodAccessorImpl.invoke(DelegatingMethodAccessorImpl.java:43)
at java.base/java.lang.reflect.Method.invoke(Method.java:568)
at org.testng.internal.invokers.MethodInvocationHelper.invokeMethod(MethodInvocationHelper.java:139)
at org.testng.internal.invokers.TestInvoker.invokeMethod(TestInvoker.java:677)
at org.testng.internal.invokers.TestInvoker.invokeTestMethod(TestInvoker.java:221)
at org.testng.internal.invokers.MethodRunner.runInSequence(MethodRunner.java:50)
at org.testng.internal.invokers.TestInvoker$MethodInvocationAgent.invoke(TestInvoker.java:969)
at org.testng.internal.invokers.TestInvoker.invokeTestMethods(TestInvoker.java:194)
at org.testng.internal.invokers.TestMethodWorker.invokeTestMethods(TestMethodWorker.java:148)
at org.testng.internal.invokers.TestMethodWorker.run(TestMethodWorker.java:128)
at java.base/java.util.ArrayList.forEach(ArrayList.java:1511)
at org.testng.TestRunner.privateRun(TestRunner.java:829)
at org.testng.TestRunner.run(TestRunner.java:602)
at org.testng.SuiteRunner.runTest(SuiteRunner.java:437)
at org.testng.SuiteRunner.runSequentially(SuiteRunner.java:431)
at org.testng.SuiteRunner.privateRun(SuiteRunner.java:391)
at org.testng.SuiteRunner.run(SuiteRunner.java:330)
at org.testng.SuiteRunnerWorker.runSuite(SuiteRunnerWorker.java:52)
at org.testng.SuiteRunnerWorker.run(SuiteRunnerWorker.java:95)
at org.testng.TestNG.runSuitesSequentially(TestNG.java:1256)
at org.testng.TestNG.runSuitesLocally(TestNG.java:1176)
at org.testng.TestNG.runSuites(TestNG.java:1099)
at org.testng.TestNG.run(TestNG.java:1067)
at org.testng.remote.AbstractRemoteTestNG.run(AbstractRemoteTestNG.java:115)
at org.testng.remote.RemoteTestNG.initAndRun(RemoteTestNG.java:251)
at org.testng.remote.RemoteTestNG.main(RemoteTestNG.java:77)
Caused by: com.microsoft.playwright.TimeoutError: Error {
  message='Timeout 30000ms exceeded.
=========================== logs ===========================
waiting for locator("xpath=//span[text()='Edit']")
============================================================
  name='TimeoutError
  stack='TimeoutError: Timeout 30000ms exceeded.
=========================== logs ===========================
waiting for locator("xpath=//span[text()='Edit']")
============================================================
    at ProgressController.run (C:\Users\DELL\AppData\Local\Temp\playwright-java-9502848029025979495\package\lib\server\progress.js:88:26)
    at Frame.click (C:\Users\DELL\AppData\Local\Temp\playwright-java-9502848029025979495\package\lib\server\frames.js:995:23)
    at FrameDispatcher.click (C:\Users\DELL\AppData\Local\Temp\playwright-java-9502848029025979495\package\lib\server\dispatchers\frameDispatcher.js:154:30)
    at DispatcherConnection.dispatch (C:\Users\DELL\AppData\Local\Temp\playwright-java-9502848029025979495\package\lib\server\dispatchers\dispatcher.js:346:46)
}
at com.microsoft.playwright.impl.Connection.dispatch(Connection.java:224)
at com.microsoft.playwright.impl.Connection.processOneMessage(Connection.java:206)
at com.microsoft.playwright.impl.ChannelOwner.runUntil(ChannelOwner.java:118)
... 40 more
]]>
            </full-stacktrace>
          </exception> <!-- com.microsoft.playwright.TimeoutError -->
          <reporter-output>
          </reporter-output>
        </test-method> <!-- update_Product_In_Category -->
      </class> <!-- com.qa.adminTest.ProductTest -->
      <class name="com.qa.userTest.LoginTest">
        <test-method is-config="true" signature="setup(java.lang.String)[pri:0, instance:com.qa.userTest.LoginTest@6581dc0a]" started-at="2024-01-12T11:31:03 IST" name="setup" finished-at="2024-01-12T11:31:04 IST" duration-ms="1315" status="PASS">
          <params>
            <param index="0">
              <value>
                <![CDATA[chromium]]>
              </value>
            </param>
          </params>
          <reporter-output>
          </reporter-output>
        </test-method> <!-- setup -->
        <test-method is-config="true" signature="beforeClass()[pri:0, instance:com.qa.userTest.LoginTest@6581dc0a]" started-at="2024-01-12T11:31:04 IST" name="beforeClass" finished-at="2024-01-12T11:31:04 IST" duration-ms="40" status="PASS">
          <reporter-output>
          </reporter-output>
        </test-method> <!-- beforeClass -->
        <test-method signature="login_Test1()[pri:1, instance:com.qa.userTest.LoginTest@6581dc0a]" started-at="2024-01-12T11:31:04 IST" name="login_Test1" description="Login with valid Username and Password" finished-at="2024-01-12T11:31:08 IST" duration-ms="4208" status="PASS">
          <reporter-output>
          </reporter-output>
        </test-method> <!-- login_Test1 -->
        <test-method signature="login_Test2()[pri:2, instance:com.qa.userTest.LoginTest@6581dc0a]" started-at="2024-01-12T11:31:08 IST" name="login_Test2" description="Login with valid Username and Invalid Password" finished-at="2024-01-12T11:31:39 IST" duration-ms="30839" status="FAIL">
          <exception class="com.microsoft.playwright.TimeoutError">
            <message>
              <![CDATA[Error {
  message='Timeout 30000ms exceeded.
=========================== logs ===========================
waiting for locator("input[name=\"email_address\"]")
============================================================
  name='TimeoutError
  stack='TimeoutError: Timeout 30000ms exceeded.
=========================== logs ===========================
waiting for locator("input[name=\"email_address\"]")
============================================================
    at ProgressController.run (C:\Users\DELL\AppData\Local\Temp\playwright-java-9502848029025979495\package\lib\server\progress.js:88:26)
    at Frame.fill (C:\Users\DELL\AppData\Local\Temp\playwright-java-9502848029025979495\package\lib\server\frames.js:1039:23)
    at FrameDispatcher.fill (C:\Users\DELL\AppData\Local\Temp\playwright-java-9502848029025979495\package\lib\server\dispatchers\frameDispatcher.js:166:30)
    at DispatcherConnection.dispatch (C:\Users\DELL\AppData\Local\Temp\playwright-java-9502848029025979495\package\lib\server\dispatchers\dispatcher.js:346:46)
}]]>
            </message>
            <full-stacktrace>
              <![CDATA[com.microsoft.playwright.TimeoutError: Error {
  message='Timeout 30000ms exceeded.
=========================== logs ===========================
waiting for locator("input[name=\"email_address\"]")
============================================================
  name='TimeoutError
  stack='TimeoutError: Timeout 30000ms exceeded.
=========================== logs ===========================
waiting for locator("input[name=\"email_address\"]")
============================================================
    at ProgressController.run (C:\Users\DELL\AppData\Local\Temp\playwright-java-9502848029025979495\package\lib\server\progress.js:88:26)
    at Frame.fill (C:\Users\DELL\AppData\Local\Temp\playwright-java-9502848029025979495\package\lib\server\frames.js:1039:23)
    at FrameDispatcher.fill (C:\Users\DELL\AppData\Local\Temp\playwright-java-9502848029025979495\package\lib\server\dispatchers\frameDispatcher.js:166:30)
    at DispatcherConnection.dispatch (C:\Users\DELL\AppData\Local\Temp\playwright-java-9502848029025979495\package\lib\server\dispatchers\dispatcher.js:346:46)
}
at com.microsoft.playwright.impl.WaitableResult.get(WaitableResult.java:52)
at com.microsoft.playwright.impl.ChannelOwner.runUntil(ChannelOwner.java:120)
at com.microsoft.playwright.impl.Connection.sendMessage(Connection.java:126)
at com.microsoft.playwright.impl.ChannelOwner.sendMessage(ChannelOwner.java:106)
at com.microsoft.playwright.impl.FrameImpl.fillImpl(FrameImpl.java:335)
at com.microsoft.playwright.impl.PageImpl.lambda$fill$27(PageImpl.java:656)
at com.microsoft.playwright.impl.LoggingSupport.lambda$withLogging$0(LoggingSupport.java:36)
at com.microsoft.playwright.impl.LoggingSupport.withLogging(LoggingSupport.java:47)
at com.microsoft.playwright.impl.ChannelOwner.withLogging(ChannelOwner.java:89)
at com.microsoft.playwright.impl.LoggingSupport.withLogging(LoggingSupport.java:35)
at com.microsoft.playwright.impl.PageImpl.fill(PageImpl.java:655)
at com.microsoft.playwright.Page.fill(Page.java:4545)
at com.qa.userPages.UserLoginPage.enterUserEmail(UserLoginPage.java:30)
at com.qa.userTest.LoginTest.login_Test2(LoginTest.java:55)
at java.base/jdk.internal.reflect.NativeMethodAccessorImpl.invoke0(Native Method)
at java.base/jdk.internal.reflect.NativeMethodAccessorImpl.invoke(NativeMethodAccessorImpl.java:77)
at java.base/jdk.internal.reflect.DelegatingMethodAccessorImpl.invoke(DelegatingMethodAccessorImpl.java:43)
at java.base/java.lang.reflect.Method.invoke(Method.java:568)
at org.testng.internal.invokers.MethodInvocationHelper.invokeMethod(MethodInvocationHelper.java:139)
at org.testng.internal.invokers.TestInvoker.invokeMethod(TestInvoker.java:677)
at org.testng.internal.invokers.TestInvoker.invokeTestMethod(TestInvoker.java:221)
at org.testng.internal.invokers.MethodRunner.runInSequence(MethodRunner.java:50)
at org.testng.internal.invokers.TestInvoker$MethodInvocationAgent.invoke(TestInvoker.java:969)
at org.testng.internal.invokers.TestInvoker.invokeTestMethods(TestInvoker.java:194)
at org.testng.internal.invokers.TestMethodWorker.invokeTestMethods(TestMethodWorker.java:148)
at org.testng.internal.invokers.TestMethodWorker.run(TestMethodWorker.java:128)
at java.base/java.util.ArrayList.forEach(ArrayList.java:1511)
at org.testng.TestRunner.privateRun(TestRunner.java:829)
at org.testng.TestRunner.run(TestRunner.java:602)
at org.testng.SuiteRunner.runTest(SuiteRunner.java:437)
at org.testng.SuiteRunner.runSequentially(SuiteRunner.java:431)
at org.testng.SuiteRunner.privateRun(SuiteRunner.java:391)
at org.testng.SuiteRunner.run(SuiteRunner.java:330)
at org.testng.SuiteRunnerWorker.runSuite(SuiteRunnerWorker.java:52)
at org.testng.SuiteRunnerWorker.run(SuiteRunnerWorker.java:95)
at org.testng.TestNG.runSuitesSequentially(TestNG.java:1256)
at org.testng.TestNG.runSuitesLocally(TestNG.java:1176)
at org.testng.TestNG.runSuites(TestNG.java:1099)
at org.testng.TestNG.run(TestNG.java:1067)
at org.testng.remote.AbstractRemoteTestNG.run(AbstractRemoteTestNG.java:115)
at org.testng.remote.RemoteTestNG.initAndRun(RemoteTestNG.java:251)
at org.testng.remote.RemoteTestNG.main(RemoteTestNG.java:77)
Caused by: com.microsoft.playwright.TimeoutError: Error {
  message='Timeout 30000ms exceeded.
=========================== logs ===========================
waiting for locator("input[name=\"email_address\"]")
============================================================
  name='TimeoutError
  stack='TimeoutError: Timeout 30000ms exceeded.
=========================== logs ===========================
waiting for locator("input[name=\"email_address\"]")
============================================================
    at ProgressController.run (C:\Users\DELL\AppData\Local\Temp\playwright-java-9502848029025979495\package\lib\server\progress.js:88:26)
    at Frame.fill (C:\Users\DELL\AppData\Local\Temp\playwright-java-9502848029025979495\package\lib\server\frames.js:1039:23)
    at FrameDispatcher.fill (C:\Users\DELL\AppData\Local\Temp\playwright-java-9502848029025979495\package\lib\server\dispatchers\frameDispatcher.js:166:30)
    at DispatcherConnection.dispatch (C:\Users\DELL\AppData\Local\Temp\playwright-java-9502848029025979495\package\lib\server\dispatchers\dispatcher.js:346:46)
}
at com.microsoft.playwright.impl.Connection.dispatch(Connection.java:224)
at com.microsoft.playwright.impl.Connection.processOneMessage(Connection.java:206)
at com.microsoft.playwright.impl.ChannelOwner.runUntil(ChannelOwner.java:118)
... 40 more
]]>
            </full-stacktrace>
          </exception> <!-- com.microsoft.playwright.TimeoutError -->
          <reporter-output>
          </reporter-output>
        </test-method> <!-- login_Test2 -->
      </class> <!-- com.qa.userTest.LoginTest -->
      <class name="com.qa.adminTest.ManufacturersTest">
        <test-method is-config="true" signature="setup(java.lang.String)[pri:0, instance:com.qa.adminTest.ManufacturersTest@5bf0fe62]" started-at="2024-01-12T11:29:06 IST" name="setup" finished-at="2024-01-12T11:29:07 IST" duration-ms="1123" status="PASS">
          <params>
            <param index="0">
              <value>
                <![CDATA[chromium]]>
              </value>
            </param>
          </params>
          <reporter-output>
          </reporter-output>
        </test-method> <!-- setup -->
        <test-method is-config="true" signature="beforeClass()[pri:0, instance:com.qa.adminTest.ManufacturersTest@5bf0fe62]" started-at="2024-01-12T11:29:07 IST" name="beforeClass" finished-at="2024-01-12T11:29:07 IST" duration-ms="10" status="PASS">
          <reporter-output>
          </reporter-output>
        </test-method> <!-- beforeClass -->
        <test-method signature="add_New_Manufacture()[pri:1, instance:com.qa.adminTest.ManufacturersTest@5bf0fe62]" started-at="2024-01-12T11:29:07 IST" name="add_New_Manufacture" description="Add new Manufacture" finished-at="2024-01-12T11:29:15 IST" duration-ms="8024" status="PASS">
          <reporter-output>
          </reporter-output>
        </test-method> <!-- add_New_Manufacture -->
        <test-method signature="update_Manufacturer()[pri:2, instance:com.qa.adminTest.ManufacturersTest@5bf0fe62]" started-at="2024-01-12T11:29:15 IST" name="update_Manufacturer" description="Update Manufacture" finished-at="2024-01-12T11:29:28 IST" duration-ms="12776" status="PASS">
          <reporter-output>
          </reporter-output>
        </test-method> <!-- update_Manufacturer -->
        <test-method signature="delete_Manufacturer()[pri:3, instance:com.qa.adminTest.ManufacturersTest@5bf0fe62]" started-at="2024-01-12T11:29:28 IST" name="delete_Manufacturer" description="Delete Manufacture" finished-at="2024-01-12T11:29:48 IST" duration-ms="20910" status="PASS">
          <reporter-output>
          </reporter-output>
        </test-method> <!-- delete_Manufacturer -->
      </class> <!-- com.qa.adminTest.ManufacturersTest -->
      <class name="com.qa.adminTest.AdminLoginTest">
        <test-method is-config="true" signature="setup(java.lang.String)[pri:0, instance:com.qa.adminTest.AdminLoginTest@4b23c30a]" started-at="2024-01-12T11:28:55 IST" name="setup" finished-at="2024-01-12T11:29:03 IST" duration-ms="7574" status="PASS">
          <params>
            <param index="0">
              <value>
                <![CDATA[chromium]]>
              </value>
            </param>
          </params>
          <reporter-output>
          </reporter-output>
        </test-method> <!-- setup -->
        <test-method is-config="true" signature="beforeClass()[pri:0, instance:com.qa.adminTest.AdminLoginTest@4b23c30a]" started-at="2024-01-12T11:29:03 IST" name="beforeClass" finished-at="2024-01-12T11:29:03 IST" duration-ms="25" status="PASS">
          <reporter-output>
          </reporter-output>
        </test-method> <!-- beforeClass -->
        <test-method signature="login_Test()[pri:1, instance:com.qa.adminTest.AdminLoginTest@4b23c30a]" started-at="2024-01-12T11:29:03 IST" name="login_Test" description="Login With Valid Data" finished-at="2024-01-12T11:29:04 IST" duration-ms="1551" status="PASS">
          <reporter-output>
          </reporter-output>
        </test-method> <!-- login_Test -->
        <test-method signature="login_With_Invalid_Data()[pri:2, instance:com.qa.adminTest.AdminLoginTest@4b23c30a]" started-at="2024-01-12T11:29:04 IST" name="login_With_Invalid_Data" description="Login With Invalid Data" finished-at="2024-01-12T11:29:06 IST" duration-ms="1358" status="PASS">
          <reporter-output>
          </reporter-output>
        </test-method> <!-- login_With_Invalid_Data -->
        <test-method is-config="true" signature="tearDown()[pri:0, instance:com.qa.adminTest.AdminLoginTest@4b23c30a]" started-at="2024-01-12T11:32:26 IST" name="tearDown" finished-at="2024-01-12T11:32:26 IST" duration-ms="324" status="PASS">
          <reporter-output>
          </reporter-output>
        </test-method> <!-- tearDown -->
      </class> <!-- com.qa.adminTest.AdminLoginTest -->
    </test> <!-- GCR Shop Admin Test_chrome -->
  </suite> <!-- GCR Shop test Suite -->
</testng-results>
